;  LST file generated by mikroListExporter - v.2.0 
; Date/Time: 1/18/2011 8:33:02 PM
;----------------------------------------------

;Address Opcode 	ASM
0x0000	0x291B      	GOTO       283
_mask:
;PulseMeter.c,18 :: 		unsigned short mask(unsigned short num) {
;PulseMeter.c,19 :: 		switch (num) {
0x0003	0x2824      	GOTO       L_mask0
;PulseMeter.c,20 :: 		case 0 : return 0xC0;
L_mask2:
0x0004	0x30C0      	MOVLW      192
0x0005	0x1283      	BCF        STATUS, 5
0x0006	0x1303      	BCF        STATUS, 6
0x0007	0x00F0      	MOVWF      R0
0x0008	0x0008      	RETURN
;PulseMeter.c,21 :: 		case 1 : return 0xF9;
L_mask3:
0x0009	0x30F9      	MOVLW      249
0x000A	0x00F0      	MOVWF      R0
0x000B	0x0008      	RETURN
;PulseMeter.c,22 :: 		case 2 : return 0xA4;
L_mask4:
0x000C	0x30A4      	MOVLW      164
0x000D	0x00F0      	MOVWF      R0
0x000E	0x0008      	RETURN
;PulseMeter.c,23 :: 		case 3 : return 0xB0;
L_mask5:
0x000F	0x30B0      	MOVLW      176
0x0010	0x00F0      	MOVWF      R0
0x0011	0x0008      	RETURN
;PulseMeter.c,24 :: 		case 4 : return 0x99;
L_mask6:
0x0012	0x3099      	MOVLW      153
0x0013	0x00F0      	MOVWF      R0
0x0014	0x0008      	RETURN
;PulseMeter.c,25 :: 		case 5 : return 0x92;
L_mask7:
0x0015	0x3092      	MOVLW      146
0x0016	0x00F0      	MOVWF      R0
0x0017	0x0008      	RETURN
;PulseMeter.c,26 :: 		case 6 : return 0x82;
L_mask8:
0x0018	0x3082      	MOVLW      130
0x0019	0x00F0      	MOVWF      R0
0x001A	0x0008      	RETURN
;PulseMeter.c,27 :: 		case 7 : return 0xF8;
L_mask9:
0x001B	0x30F8      	MOVLW      248
0x001C	0x00F0      	MOVWF      R0
0x001D	0x0008      	RETURN
;PulseMeter.c,28 :: 		case 8 : return 0x80;
L_mask10:
0x001E	0x3080      	MOVLW      128
0x001F	0x00F0      	MOVWF      R0
0x0020	0x0008      	RETURN
;PulseMeter.c,29 :: 		case 9 : return 0x90;
L_mask11:
0x0021	0x3090      	MOVLW      144
0x0022	0x00F0      	MOVWF      R0
0x0023	0x0008      	RETURN
;PulseMeter.c,30 :: 		} //case end
L_mask0:
0x0024	0x1283      	BCF        STATUS, 5
0x0025	0x1303      	BCF        STATUS, 6
0x0026	0x082A      	MOVF       FARG_mask_num, 0
0x0027	0x3A00      	XORLW      0
0x0028	0x1903      	BTFSC      STATUS, 2
0x0029	0x2804      	GOTO       L_mask2
0x002A	0x082A      	MOVF       FARG_mask_num, 0
0x002B	0x3A01      	XORLW      1
0x002C	0x1903      	BTFSC      STATUS, 2
0x002D	0x2809      	GOTO       L_mask3
0x002E	0x082A      	MOVF       FARG_mask_num, 0
0x002F	0x3A02      	XORLW      2
0x0030	0x1903      	BTFSC      STATUS, 2
0x0031	0x280C      	GOTO       L_mask4
0x0032	0x082A      	MOVF       FARG_mask_num, 0
0x0033	0x3A03      	XORLW      3
0x0034	0x1903      	BTFSC      STATUS, 2
0x0035	0x280F      	GOTO       L_mask5
0x0036	0x082A      	MOVF       FARG_mask_num, 0
0x0037	0x3A04      	XORLW      4
0x0038	0x1903      	BTFSC      STATUS, 2
0x0039	0x2812      	GOTO       L_mask6
0x003A	0x082A      	MOVF       FARG_mask_num, 0
0x003B	0x3A05      	XORLW      5
0x003C	0x1903      	BTFSC      STATUS, 2
0x003D	0x2815      	GOTO       L_mask7
0x003E	0x082A      	MOVF       FARG_mask_num, 0
0x003F	0x3A06      	XORLW      6
0x0040	0x1903      	BTFSC      STATUS, 2
0x0041	0x2818      	GOTO       L_mask8
0x0042	0x082A      	MOVF       FARG_mask_num, 0
0x0043	0x3A07      	XORLW      7
0x0044	0x1903      	BTFSC      STATUS, 2
0x0045	0x281B      	GOTO       L_mask9
0x0046	0x082A      	MOVF       FARG_mask_num, 0
0x0047	0x3A08      	XORLW      8
0x0048	0x1903      	BTFSC      STATUS, 2
0x0049	0x281E      	GOTO       L_mask10
0x004A	0x082A      	MOVF       FARG_mask_num, 0
0x004B	0x3A09      	XORLW      9
0x004C	0x1903      	BTFSC      STATUS, 2
0x004D	0x2821      	GOTO       L_mask11
;PulseMeter.c,31 :: 		}
0x004E	0x0008      	RETURN
; end of _mask
_____DoICP:
;__Lib_System.c,6 :: 		
;__Lib_System.c,9 :: 		
0x004F	0x1283      	BCF        STATUS, 5
0x0050	0x1303      	BCF        STATUS, 6
0x0051	0x0821      	MOVF       ___DoICPAddr+1, 0
0x0052	0x008A      	MOVWF      PCLATH
;__Lib_System.c,10 :: 		
0x0053	0x0820      	MOVF       ___DoICPAddr, 0
0x0054	0x0082      	MOVWF      PCL
;__Lib_System.c,12 :: 		
0x0055	0x0008      	RETURN
; end of _____DoICP
_Div_8x8_U:
;__Lib_Math.c,189 :: 		
;__Lib_Math.c,196 :: 		
0x0056	0x1283      	BCF        STATUS, 5
;__Lib_Math.c,197 :: 		
0x0057	0x1303      	BCF        STATUS, 6
;__Lib_Math.c,198 :: 		
0x0058	0x01F8      	CLRF       R8
;__Lib_Math.c,199 :: 		
0x0059	0x3008      	MOVLW      8
;__Lib_Math.c,200 :: 		
0x005A	0x00FC      	MOVWF      R12
;__Lib_Math.c,201 :: 		
0x005B	0x0D70      	RLF        R0, 0
;__Lib_Math.c,202 :: 		
0x005C	0x0DF8      	RLF        R8, 1
;__Lib_Math.c,203 :: 		
0x005D	0x0874      	MOVF       R4, 0
;__Lib_Math.c,204 :: 		
0x005E	0x02F8      	SUBWF      R8, 1
;__Lib_Math.c,205 :: 		
0x005F	0x1803      	BTFSC      STATUS, 0
;__Lib_Math.c,206 :: 		
0x0060	0x2863      	GOTO       $+3
;__Lib_Math.c,207 :: 		
0x0061	0x07F8      	ADDWF      R8, 1
;__Lib_Math.c,208 :: 		
0x0062	0x1003      	BCF        STATUS, 0
;__Lib_Math.c,209 :: 		
0x0063	0x0DF0      	RLF        R0, 1
;__Lib_Math.c,210 :: 		
0x0064	0x0BFC      	DECFSZ     R12, 1
;__Lib_Math.c,211 :: 		
0x0065	0x285B      	GOTO       $-10
;__Lib_Math.c,213 :: 		
0x0066	0x0008      	RETURN
; end of _Div_8x8_U
_Mul_8x8_U:
;__Lib_Math.c,103 :: 		
;__Lib_Math.c,108 :: 		
0x0067	0x1283      	BCF        STATUS, 5
;__Lib_Math.c,109 :: 		
0x0068	0x1303      	BCF        STATUS, 6
;__Lib_Math.c,110 :: 		
0x0069	0x0870      	MOVF       R0, 0
;__Lib_Math.c,111 :: 		
0x006A	0x00F1      	MOVWF      R1
;__Lib_Math.c,112 :: 		
0x006B	0x01F0      	CLRF       R0
;__Lib_Math.c,113 :: 		
0x006C	0x3008      	MOVLW      8
;__Lib_Math.c,114 :: 		
0x006D	0x00FC      	MOVWF      R12
;__Lib_Math.c,115 :: 		
0x006E	0x0871      	MOVF       R1, 0
;__Lib_Math.c,116 :: 		
0x006F	0x0CF4      	RRF        R4, 1
;__Lib_Math.c,117 :: 		
0x0070	0x1803      	BTFSC      STATUS, 0
;__Lib_Math.c,118 :: 		
0x0071	0x2876      	GOTO       $+5
;__Lib_Math.c,119 :: 		
0x0072	0x0BFC      	DECFSZ     R12, 1
;__Lib_Math.c,120 :: 		
0x0073	0x286F      	GOTO       $-4
;__Lib_Math.c,121 :: 		
0x0074	0x01F1      	CLRF       R1
;__Lib_Math.c,122 :: 		
0x0075	0x3400      	RETLW      0
;__Lib_Math.c,123 :: 		
0x0076	0x1003      	BCF        STATUS, 0
;__Lib_Math.c,124 :: 		
0x0077	0x287B      	GOTO       $+4
;__Lib_Math.c,125 :: 		
0x0078	0x0CF4      	RRF        R4, 1
;__Lib_Math.c,126 :: 		
0x0079	0x1803      	BTFSC      STATUS, 0
;__Lib_Math.c,127 :: 		
0x007A	0x07F1      	ADDWF      R1, 1
;__Lib_Math.c,128 :: 		
0x007B	0x0CF1      	RRF        R1, 1
;__Lib_Math.c,129 :: 		
0x007C	0x0CF0      	RRF        R0, 1
;__Lib_Math.c,130 :: 		
0x007D	0x0BFC      	DECFSZ     R12, 1
;__Lib_Math.c,131 :: 		
0x007E	0x2878      	GOTO       $-6
;__Lib_Math.c,133 :: 		
;__Lib_Math.c,134 :: 		
0x007F	0x0008      	RETURN
; end of _Mul_8x8_U
_delay_refresh:
;PulseMeter.c,37 :: 		void delay_refresh(){
;PulseMeter.c,38 :: 		Delay_ms(5);
0x0080	0x300D      	MOVLW      13
0x0081	0x1283      	BCF        STATUS, 5
0x0082	0x1303      	BCF        STATUS, 6
0x0083	0x00FC      	MOVWF      R12
0x0084	0x30FB      	MOVLW      251
0x0085	0x00FD      	MOVWF      R13
L_delay_refresh13:
0x0086	0x0BFD      	DECFSZ     R13, 1
0x0087	0x2886      	GOTO       L_delay_refresh13
0x0088	0x0BFC      	DECFSZ     R12, 1
0x0089	0x2886      	GOTO       L_delay_refresh13
0x008A	0x0000      	NOP
0x008B	0x0000      	NOP
;PulseMeter.c,39 :: 		}
0x008C	0x0008      	RETURN
; end of _delay_refresh
_delay_debounce:
;PulseMeter.c,33 :: 		void delay_debounce(){
;PulseMeter.c,34 :: 		Delay_ms(300);
0x008D	0x3004      	MOVLW      4
0x008E	0x1283      	BCF        STATUS, 5
0x008F	0x1303      	BCF        STATUS, 6
0x0090	0x00FB      	MOVWF      R11
0x0091	0x300C      	MOVLW      12
0x0092	0x00FC      	MOVWF      R12
0x0093	0x3033      	MOVLW      51
0x0094	0x00FD      	MOVWF      R13
L_delay_debounce12:
0x0095	0x0BFD      	DECFSZ     R13, 1
0x0096	0x2895      	GOTO       L_delay_debounce12
0x0097	0x0BFC      	DECFSZ     R12, 1
0x0098	0x2895      	GOTO       L_delay_debounce12
0x0099	0x0BFB      	DECFSZ     R11, 1
0x009A	0x2895      	GOTO       L_delay_debounce12
0x009B	0x0000      	NOP
0x009C	0x0000      	NOP
;PulseMeter.c,35 :: 		}
0x009D	0x0008      	RETURN
; end of _delay_debounce
___CC2DW:
;__Lib_System.c,24 :: 		
;__Lib_System.c,27 :: 		
_CC2D_Loop1:
;__Lib_System.c,29 :: 		
0x009E	0x204F      	CALL       _____DoICP
0x009F	0x118A      	BCF        PCLATH, 3
0x00A0	0x120A      	BCF        PCLATH, 4
;__Lib_System.c,31 :: 		
0x00A1	0x0080      	MOVWF      INDF
;__Lib_System.c,32 :: 		
0x00A2	0x0A84      	INCF       FSR, 1
;__Lib_System.c,33 :: 		
0x00A3	0x0AA0      	INCF       ___DoICPAddr, 1
;__Lib_System.c,35 :: 		
0x00A4	0x1903      	BTFSC      STATUS, 2
;__Lib_System.c,36 :: 		
0x00A5	0x0AA1      	INCF       ___DoICPAddr+1, 1
;__Lib_System.c,37 :: 		
0x00A6	0x03F0      	DECF       R0, 1
;__Lib_System.c,39 :: 		
0x00A7	0x1D03      	BTFSS      STATUS, 2
;__Lib_System.c,40 :: 		
0x00A8	0x289E      	GOTO       _CC2D_Loop1
;__Lib_System.c,42 :: 		
0x00A9	0x0008      	RETURN
; end of ___CC2DW
_countpulse:
;PulseMeter.c,41 :: 		void countpulse(){
;PulseMeter.c,42 :: 		IR_Tx = 1;
0x00AA	0x1283      	BCF        STATUS, 5
0x00AB	0x1303      	BCF        STATUS, 6
0x00AC	0x1585      	BSF        RA3_bit, 3
;PulseMeter.c,43 :: 		delay_debounce();
0x00AD	0x208D      	CALL       _delay_debounce
;PulseMeter.c,44 :: 		delay_debounce();
0x00AE	0x208D      	CALL       _delay_debounce
;PulseMeter.c,45 :: 		TMR0=0;
0x00AF	0x0181      	CLRF       TMR0
;PulseMeter.c,46 :: 		Delay_ms(15000);  // Delay 1 Sec
0x00B0	0x3099      	MOVLW      153
0x00B1	0x00FB      	MOVWF      R11
0x00B2	0x3031      	MOVLW      49
0x00B3	0x00FC      	MOVWF      R12
0x00B4	0x30A2      	MOVLW      162
0x00B5	0x00FD      	MOVWF      R13
L_countpulse14:
0x00B6	0x0BFD      	DECFSZ     R13, 1
0x00B7	0x28B6      	GOTO       L_countpulse14
0x00B8	0x0BFC      	DECFSZ     R12, 1
0x00B9	0x28B6      	GOTO       L_countpulse14
0x00BA	0x0BFB      	DECFSZ     R11, 1
0x00BB	0x28B6      	GOTO       L_countpulse14
0x00BC	0x0000      	NOP
;PulseMeter.c,47 :: 		IR_Tx = 0;
0x00BD	0x1185      	BCF        RA3_bit, 3
;PulseMeter.c,48 :: 		pulsecount = TMR0;
0x00BE	0x0801      	MOVF       TMR0, 0
0x00BF	0x00A3      	MOVWF      _pulsecount
;PulseMeter.c,49 :: 		pulserate = pulsecount*4;
0x00C0	0x0823      	MOVF       _pulsecount, 0
0x00C1	0x00A2      	MOVWF      _pulserate
0x00C2	0x0DA2      	RLF        _pulserate, 1
0x00C3	0x1022      	BCF        _pulserate, 0
0x00C4	0x0DA2      	RLF        _pulserate, 1
0x00C5	0x1022      	BCF        _pulserate, 0
;PulseMeter.c,50 :: 		}
0x00C6	0x0008      	RETURN
; end of _countpulse
_display:
;PulseMeter.c,52 :: 		void display(){
;PulseMeter.c,53 :: 		DD0 = pulserate%10;
0x00C7	0x300A      	MOVLW      10
0x00C8	0x1283      	BCF        STATUS, 5
0x00C9	0x1303      	BCF        STATUS, 6
0x00CA	0x00F4      	MOVWF      R4
0x00CB	0x0822      	MOVF       _pulserate, 0
0x00CC	0x00F0      	MOVWF      R0
0x00CD	0x2056      	CALL       _Div_8x8_U
0x00CE	0x0878      	MOVF       R8, 0
0x00CF	0x00F0      	MOVWF      R0
0x00D0	0x0870      	MOVF       R0, 0
0x00D1	0x00A9      	MOVWF      _DD0
;PulseMeter.c,54 :: 		DD0 = mask(DD0);
0x00D2	0x0870      	MOVF       R0, 0
0x00D3	0x00AA      	MOVWF      FARG_mask_num
0x00D4	0x2003      	CALL       _mask
0x00D5	0x0870      	MOVF       R0, 0
0x00D6	0x00A9      	MOVWF      _DD0
;PulseMeter.c,55 :: 		DD1 = (pulserate/10)%10;
0x00D7	0x300A      	MOVLW      10
0x00D8	0x00F4      	MOVWF      R4
0x00D9	0x0822      	MOVF       _pulserate, 0
0x00DA	0x00F0      	MOVWF      R0
0x00DB	0x2056      	CALL       _Div_8x8_U
0x00DC	0x300A      	MOVLW      10
0x00DD	0x00F4      	MOVWF      R4
0x00DE	0x2056      	CALL       _Div_8x8_U
0x00DF	0x0878      	MOVF       R8, 0
0x00E0	0x00F0      	MOVWF      R0
0x00E1	0x0870      	MOVF       R0, 0
0x00E2	0x00A8      	MOVWF      _DD1
;PulseMeter.c,56 :: 		DD1 = mask(DD1);
0x00E3	0x0870      	MOVF       R0, 0
0x00E4	0x00AA      	MOVWF      FARG_mask_num
0x00E5	0x2003      	CALL       _mask
0x00E6	0x0870      	MOVF       R0, 0
0x00E7	0x00A8      	MOVWF      _DD1
;PulseMeter.c,57 :: 		DD2 = pulserate/100;
0x00E8	0x3064      	MOVLW      100
0x00E9	0x00F4      	MOVWF      R4
0x00EA	0x0822      	MOVF       _pulserate, 0
0x00EB	0x00F0      	MOVWF      R0
0x00EC	0x2056      	CALL       _Div_8x8_U
0x00ED	0x0870      	MOVF       R0, 0
0x00EE	0x00A6      	MOVWF      _DD2
;PulseMeter.c,58 :: 		DD2 = mask(DD2);
0x00EF	0x0870      	MOVF       R0, 0
0x00F0	0x00AA      	MOVWF      FARG_mask_num
0x00F1	0x2003      	CALL       _mask
0x00F2	0x0870      	MOVF       R0, 0
0x00F3	0x00A6      	MOVWF      _DD2
;PulseMeter.c,59 :: 		for (i = 0; i<=180*j; i++) {
0x00F4	0x01A4      	CLRF       _i
0x00F5	0x01A5      	CLRF       _i+1
L_display15:
0x00F6	0x0827      	MOVF       _j, 0
0x00F7	0x00F0      	MOVWF      R0
0x00F8	0x30B4      	MOVLW      180
0x00F9	0x00F4      	MOVWF      R4
0x00FA	0x2067      	CALL       _Mul_8x8_U
0x00FB	0x0825      	MOVF       _i+1, 0
0x00FC	0x0271      	SUBWF      R0+1, 0
0x00FD	0x1D03      	BTFSS      STATUS, 2
0x00FE	0x2901      	GOTO       L__display22
0x00FF	0x0824      	MOVF       _i, 0
0x0100	0x0270      	SUBWF      R0, 0
L__display22:
0x0101	0x1C03      	BTFSS      STATUS, 0
0x0102	0x2919      	GOTO       L_display16
;PulseMeter.c,60 :: 		DD0_Set = 0;
0x0103	0x1105      	BCF        RA2_bit, 2
;PulseMeter.c,61 :: 		DD1_Set = 1;
0x0104	0x1485      	BSF        RA1_bit, 1
;PulseMeter.c,62 :: 		DD2_Set = 1;
0x0105	0x1405      	BSF        RA0_bit, 0
;PulseMeter.c,63 :: 		PORTB = DD0;
0x0106	0x0829      	MOVF       _DD0, 0
0x0107	0x0086      	MOVWF      PORTB
;PulseMeter.c,64 :: 		delay_refresh();
0x0108	0x2080      	CALL       _delay_refresh
;PulseMeter.c,65 :: 		DD0_Set = 1;
0x0109	0x1505      	BSF        RA2_bit, 2
;PulseMeter.c,66 :: 		DD1_Set = 0;
0x010A	0x1085      	BCF        RA1_bit, 1
;PulseMeter.c,67 :: 		DD2_Set = 1;
0x010B	0x1405      	BSF        RA0_bit, 0
;PulseMeter.c,68 :: 		PORTB = DD1;
0x010C	0x0828      	MOVF       _DD1, 0
0x010D	0x0086      	MOVWF      PORTB
;PulseMeter.c,69 :: 		delay_refresh();
0x010E	0x2080      	CALL       _delay_refresh
;PulseMeter.c,70 :: 		DD0_Set = 1;
0x010F	0x1505      	BSF        RA2_bit, 2
;PulseMeter.c,71 :: 		DD1_Set = 1;
0x0110	0x1485      	BSF        RA1_bit, 1
;PulseMeter.c,72 :: 		DD2_Set = 0;
0x0111	0x1005      	BCF        RA0_bit, 0
;PulseMeter.c,73 :: 		PORTB = DD2;
0x0112	0x0826      	MOVF       _DD2, 0
0x0113	0x0086      	MOVWF      PORTB
;PulseMeter.c,74 :: 		delay_refresh();
0x0114	0x2080      	CALL       _delay_refresh
;PulseMeter.c,59 :: 		for (i = 0; i<=180*j; i++) {
0x0115	0x0AA4      	INCF       _i, 1
0x0116	0x1903      	BTFSC      STATUS, 2
0x0117	0x0AA5      	INCF       _i+1, 1
;PulseMeter.c,75 :: 		}
0x0118	0x28F6      	GOTO       L_display15
L_display16:
;PulseMeter.c,76 :: 		DD2_Set = 1;
0x0119	0x1405      	BSF        RA0_bit, 0
;PulseMeter.c,79 :: 		}
0x011A	0x0008      	RETURN
; end of _display
_main:
;PulseMeter.c,83 :: 		void main() {
;PulseMeter.c,84 :: 		CMCON = 0x07;    // Disable Comparators
0x011B	0x3007      	MOVLW      7
0x011C	0x1283      	BCF        STATUS, 5
0x011D	0x1303      	BCF        STATUS, 6
0x011E	0x009F      	MOVWF      CMCON
;PulseMeter.c,85 :: 		TRISA = 0b00110000; // RA4/T0CKI input, RA5 is I/P only
0x011F	0x3030      	MOVLW      48
0x0120	0x1683      	BSF        STATUS, 5
0x0121	0x0085      	MOVWF      TRISA
;PulseMeter.c,86 :: 		TRISB = 0b10000000; // RB7 input, rest output
0x0122	0x3080      	MOVLW      128
0x0123	0x0086      	MOVWF      TRISB
;PulseMeter.c,87 :: 		OPTION_REG = 0b00101000; // Prescaler (1:1), TOCS =1 for counter mode
0x0124	0x3028      	MOVLW      40
0x0125	0x0081      	MOVWF      OPTION_REG
;PulseMeter.c,88 :: 		pulserate = 0;
0x0126	0x1283      	BCF        STATUS, 5
0x0127	0x01A2      	CLRF       _pulserate
;PulseMeter.c,89 :: 		j = 1;
0x0128	0x3001      	MOVLW      1
0x0129	0x00A7      	MOVWF      _j
;PulseMeter.c,90 :: 		display();
0x012A	0x20C7      	CALL       _display
;PulseMeter.c,91 :: 		do {
L_main18:
;PulseMeter.c,92 :: 		if(!start){
0x012B	0x1B86      	BTFSC      RB7_bit, 7
0x012C	0x2932      	GOTO       L_main21
;PulseMeter.c,93 :: 		delay_debounce();
0x012D	0x208D      	CALL       _delay_debounce
;PulseMeter.c,94 :: 		countpulse();
0x012E	0x20AA      	CALL       _countpulse
;PulseMeter.c,95 :: 		j= 3;
0x012F	0x3003      	MOVLW      3
0x0130	0x00A7      	MOVWF      _j
;PulseMeter.c,96 :: 		display();
0x0131	0x20C7      	CALL       _display
;PulseMeter.c,97 :: 		}
L_main21:
;PulseMeter.c,100 :: 		} while(1);  // Infinite loop
0x0132	0x292B      	GOTO       L_main18
;PulseMeter.c,101 :: 		}
0x0133	0x2933      	GOTO       $+0
; end of _main
Symbol List:
//** Routines locations **
//ADDRESS    SIZE    PROCEDURE
//----------------------------------------------
0x0003      [76]    _mask
0x004F       [7]    _____DoICP
0x0056      [17]    _Div_8x8_U
0x0067      [25]    _Mul_8x8_U
0x0080      [13]    _delay_refresh
0x008D      [17]    _delay_debounce
0x009E      [12]    ___CC2DW
0x00AA      [29]    _countpulse
0x00C7      [84]    _display
0x011B      [25]    _main
//** Variables locations ** 
//ADDRESS    SIZE    VARIABLE
//----------------------------------------------
0x0000       [1]    INDF
0x0001       [1]    TMR0
0x0002       [1]    PCL
0x0003       [0]    RP0_bit
0x0003       [0]    IRP_bit
0x0003       [0]    RP1_bit
0x0003       [0]    NOT_PD_bit
0x0003       [0]    NOT_TO_bit
0x0003       [0]    C_bit
0x0003       [0]    Z_bit
0x0003       [0]    DC_bit
0x0003       [1]    STATUS
0x0004       [1]    FSRPTR
0x0004       [1]    FSR
0x0005       [0]    RA1_bit
0x0005       [0]    DD1_Set
0x0005       [1]    PORTA
0x0005       [0]    IR_Tx
0x0005       [0]    RA7_bit
0x0005       [0]    RA0_bit
0x0005       [0]    DD0_Set
0x0005       [0]    RA4_bit
0x0005       [0]    RA6_bit
0x0005       [0]    RA5_bit
0x0005       [0]    RA3_bit
0x0005       [0]    RA2_bit
0x0005       [0]    DD2_Set
0x0006       [0]    RB4_bit
0x0006       [0]    RB5_bit
0x0006       [0]    RB3_bit
0x0006       [0]    RB1_bit
0x0006       [0]    RB0_bit
0x0006       [0]    RB2_bit
0x0006       [0]    RB6_bit
0x0006       [0]    RB7_bit
0x0006       [0]    start
0x0006       [1]    PORTB
0x000A       [1]    PCLATH
0x000B       [0]    PEIE_bit
0x000B       [1]    INTCON
0x000B       [0]    GIE_bit
0x000B       [0]    INTE_bit
0x000B       [0]    T0IF_bit
0x000B       [0]    RBIE_bit
0x000B       [0]    RBIF_bit
0x000B       [0]    T0IE_bit
0x000B       [0]    INTF_bit
0x000C       [0]    TMR1IF_bit
0x000C       [0]    TMR2IF_bit
0x000C       [0]    CMIF_bit
0x000C       [0]    EEIF_bit
0x000C       [1]    PIR1
0x000C       [0]    CCP1IF_bit
0x000C       [0]    TXIF_bit
0x000C       [0]    RCIF_bit
0x000E       [1]    TMR1L
0x000F       [1]    TMR1H
0x0010       [0]    TMR1CS_bit
0x0010       [1]    T1CON
0x0010       [0]    TMR1ON_bit
0x0010       [0]    NOT_T1SYNC_bit
0x0010       [0]    T1CKPS0_bit
0x0010       [0]    T1CKPS1_bit
0x0010       [0]    T1OSCEN_bit
0x0011       [1]    TMR2
0x0012       [0]    TOUTPS0_bit
0x0012       [0]    T2CKPS1_bit
0x0012       [0]    TMR2ON_bit
0x0012       [0]    TOUTPS2_bit
0x0012       [0]    TOUTPS3_bit
0x0012       [0]    TOUTPS1_bit
0x0012       [1]    T2CON
0x0012       [0]    T2CKPS0_bit
0x0015       [1]    CCPR1L
0x0015       [2]    CCPR1
0x0016       [1]    CCPR1H
0x0017       [0]    CCP1M3_bit
0x0017       [1]    CCP1CON
0x0017       [0]    CCP1M0_bit
0x0017       [0]    CCP1M1_bit
0x0017       [0]    CCP1M2_bit
0x0017       [0]    CCP1Y_bit
0x0017       [0]    CCP1X_bit
0x0018       [0]    ADEN_bit
0x0018       [0]    RX9_bit
0x0018       [0]    SPEN_bit
0x0018       [0]    CREN_bit
0x0018       [1]    RCSTA
0x0018       [0]    FERR_bit
0x0018       [0]    SREN_bit
0x0018       [0]    OERR_bit
0x0018       [0]    RX9D_bit
0x0019       [1]    TXREG
0x001A       [1]    RCREG
0x001F       [0]    C2OUT_bit
0x001F       [0]    C1OUT_bit
0x001F       [0]    CM2_bit
0x001F       [0]    CM0_bit
0x001F       [0]    CM1_bit
0x001F       [0]    C2INV_bit
0x001F       [0]    C1INV_bit
0x001F       [0]    CIS_bit
0x001F       [1]    CMCON
0x0020       [2]    ___DoICPAddr
0x0022       [1]    _pulserate
0x0023       [1]    _pulsecount
0x0024       [2]    _i
0x0026       [1]    _DD2
0x0027       [1]    _j
0x0028       [1]    _DD1
0x0029       [1]    _DD0
0x002A       [1]    FARG_mask_num
0x0070       [1]    R0
0x0071       [1]    R1
0x0072       [1]    R2
0x0073       [1]    R3
0x0074       [1]    R4
0x0075       [1]    R5
0x0076       [1]    R6
0x0077       [1]    R7
0x0078       [1]    R8
0x0079       [1]    R9
0x007A       [1]    R10
0x007B       [1]    R11
0x007C       [1]    R12
0x007D       [1]    R13
0x007E       [1]    R14
0x007F       [1]    R15
0x0081       [0]    PS0_bit
0x0081       [0]    PS1_bit
0x0081       [0]    PS2_bit
0x0081       [0]    INTEDG_bit
0x0081       [0]    NOT_RBPU_bit
0x0081       [1]    OPTION_REG
0x0081       [0]    T0CS_bit
0x0081       [0]    PSA_bit
0x0081       [0]    T0SE_bit
0x0085       [0]    TRISA5_bit
0x0085       [0]    TRISA0_bit
0x0085       [0]    TRISA6_bit
0x0085       [1]    TRISA
0x0085       [0]    TRISA7_bit
0x0085       [0]    TRISA2_bit
0x0085       [0]    TRISA4_bit
0x0085       [0]    TRISA3_bit
0x0085       [0]    TRISA1_bit
0x0086       [1]    TRISB
0x0086       [0]    TRISB3_bit
0x0086       [0]    TRISB2_bit
0x0086       [0]    TRISB7_bit
0x0086       [0]    TRISB6_bit
0x0086       [0]    TRISB4_bit
0x0086       [0]    TRISB5_bit
0x0086       [0]    TRISB0_bit
0x0086       [0]    TRISB1_bit
0x008C       [0]    TMR2IE_bit
0x008C       [0]    CCP1IE_bit
0x008C       [1]    PIE1
0x008C       [0]    EEIE_bit
0x008C       [0]    TMR1IE_bit
0x008C       [0]    CMIE_bit
0x008C       [0]    TXIE_bit
0x008C       [0]    RCIE_bit
0x008E       [1]    PCON
0x008E       [0]    NOT_POR_bit
0x008E       [0]    OSCF_bit
0x008E       [0]    NOT_BOR_bit
0x008E       [0]    NOT_BOD_bit
0x008E       [0]    NOT_BO_bit
0x0092       [1]    PR2
0x0098       [0]    TXEN_bit
0x0098       [0]    TX9_bit
0x0098       [1]    TXSTA
0x0098       [0]    TRMT_bit
0x0098       [0]    BRGH_bit
0x0098       [0]    SYNC_bit
0x0098       [0]    TX9D_bit
0x0098       [0]    CSRC_bit
0x0099       [1]    SPBRG
0x009A       [1]    EEDATA
0x009B       [1]    EEADR
0x009C       [0]    WR_bit
0x009C       [1]    EECON1
0x009C       [0]    RD_bit
0x009C       [0]    WRERR_bit
0x009C       [0]    WREN_bit
0x009D       [1]    EECON2
0x009F       [0]    VR1_bit
0x009F       [0]    VR2_bit
0x009F       [0]    VRR_bit
0x009F       [0]    VREN_bit
0x009F       [1]    VRCON
0x009F       [0]    VR0_bit
0x009F       [0]    VR3_bit
0x009F       [0]    VROE_bit
//** Label List: ** 
//----------------------------------------------
  L_mask0
  L_mask1
  L_mask2
  L_mask3
  L_mask4
  L_mask5
  L_mask6
  L_mask7
  L_mask8
  L_mask9
  L_mask10
  L_mask11
  L_delay_debounce12
  L_delay_refresh13
  L_countpulse14
  L_display15
  L_display16
  L_display17
  L_main18
  L_main19
  L_main20
  L_main21
  _mask
  _delay_debounce
  _delay_refresh
  _countpulse
  _display
  L__display22
  _main
  L_Div_16x16_S0
  L_Div_16x16_S1
  LOOPS3232A
  SADD22LA
  SOK22LA
  SADD22L8
  SOK22L8
  LOOPS3232B
  SADD22LB
  SOK22LB
  SADD22L16
  SOK22L16
  LOOPS3232C
  SADD22LC
  SOK22LC
  SADD22L24
  SOK22L24
  LOOPS3232D
  SADD22LD
  SOK22LD
  SOK22L
  L_Div_32x32_S6
  L_Div_32x32_S7
  L_Div_32x32_S8
  L_Div_32x32_S9
  FXD3232S
  END_ALL
  CA3232S
  C3232SX
  C3232SX1
  C3232S
  C3232S2
  C3232SX4
  C3232SOK
  C3232SX3
  C3232SX2
  avoid_comfrem
  LOOPU3232A
  UADD22LA
  UOK22LA
  UADD22L8
  UOK22L8
  LOOPU3232B
  UADD22LB
  UOK22LB
  UADD22L16
  UOK22L16
  LOOPU3232C
  UADD22LC
  UOK22LC
  UADD22L24
  UOK22L24
  LOOPU3232D
  UADD22LD
  UOK22LD
  UOK22L
  _NEXT
  _EXIT2
  _LOOP
  _EXIT1
  _IF_FIRST
  _IF_SECOND
  _INVERCE_FIRST
  _MULT
  _INBERSE_SECOND
  _EXIT
  _Mul_8x8_U
  _Mul_16x16_U
  _Div_8x8_U
  _Div_16x16_U
  _Mul_8x8_S
  _Mul_16x16_S
  _Div_16x16_S_L
  _Div_16x16_S
  _Div_8x8_S
  _SDIV3232L
  _COMFREM
  _Div_32x32_S
  _Div_32x32_U
  _Mul_32x32_U
  _Mul_32x32_S
  _CC2D_Loop1
  _____DoICP
  _____DoIFC
  ___CC2DW
  _Swap
