0	1	mikroCPIC1618.exe -MSF -DBG -pP16F877A -DL -O11111114 -fo4 -N"F:\mady\ddd.mcppi" -SP"C:\Users\Public\Documents\Mikroelektronika\mikroC PRO for PIC\defs\" -SP"C:\Users\Public\Documents\Mikroelektronika\mikroC PRO for PIC\Uses\P16\" -SP"F:\mady\" -SP"H:\mady\" -SP"C:\Program Files (x86)\Mikroelektronika\mikroC PRO for PIC\defs\" -SP"C:\Program Files (x86)\Mikroelektronika\mikroC PRO for PIC\Uses\P16\" -SP"C:\Users\fofo\Desktop\mady\" "ddd.c" "__Lib_Math.mcl" "__Lib_MathDouble.mcl" "__Lib_System.mcl" "__Lib_Delays.mcl" "__Lib_CType.mcl" "__Lib_CString.mcl" "__Lib_CStdlib.mcl" "__Lib_CMath.mcl" "__Lib_Conversions.mcl" "__Lib_Sprinti.mcl" "__Lib_Sprintl.mcl" "__Lib_Time.mcl" "__Lib_Trigonometry.mcl" "__Lib_Button.mcl" "__Lib_Keypad4x4.mcl" "__Lib_Manchester.mcl" "__Lib_OneWire.mcl" "__Lib_PS2.mcl" "__Lib_Sound.mcl" "__Lib_SoftI2C.mcl" "__Lib_SoftSPI.mcl" "__Lib_SoftUART.mcl" "__Lib_ADC_A_C.mcl" "__Lib_EEPROM.mcl" "__Lib_FLASH_RW.mcl" "__Lib_I2C_c34.mcl" "__Lib_PWM_c21.mcl" "__Lib_SPI_c345.mcl" "__Lib_UART_c67.mcl" "__Lib_PortExpander.mcl" "__Lib_CANSPI.mcl" "__Lib_CF.mcl" "__Lib_GlcdFonts.mcl" "__Lib_Glcd.mcl" "__Lib_LcdConsts.mcl" "__Lib_Lcd.mcl" "__Lib_RS485.mcl" "__Lib_T6963C.mcl" "__Lib_SPIGlcd.mcl" "__Lib_SPILcd.mcl" "__Lib_SPILcd8.mcl" "__Lib_SPIT6963C.mcl" "__Lib_EthEnc28j60.mcl"	 
warning: 0	1501	Specified search path does not exist: 'H:\mady'	 
warning: 0	1501	Specified search path does not exist: 'C:\Program Files (x86)\Mikroelektronika\mikroC PRO for PIC\defs'	 
warning: 0	1501	Specified search path does not exist: 'C:\Program Files (x86)\Mikroelektronika\mikroC PRO for PIC\Uses\P16'	 
warning: 0	1501	Specified search path does not exist: 'C:\Users\fofo\Desktop\mady'	 
hint: 0	1139	Available RAM: 352 [bytes], Available ROM: 8192 [bytes]	 
diagnostics: 0	126	All files Preprocessed in 718 ms	 
diagnostics: 0	122	Compilation Started	ddd.c
warning: 17	1503	Result is not defined in function: 'ultra1'	ddd.c
warning: 32	1503	Result is not defined in function: 'ultra2'	ddd.c
warning: 47	1503	Result is not defined in function: 'ultra3'	ddd.c
warning: 53	1503	Result is not defined in function: 'initrit'	ddd.c
warning: 64	1503	Result is not defined in function: 'forward'	ddd.c
warning: 69	1503	Result is not defined in function: 'trnlft'	ddd.c
warning: 70	1509	Generated baud rate is 9615 bps (error = 0.16 percent)	ddd.c
diagnostics: 83	123	Compiled Successfully	ddd.c
diagnostics: 0	127	All files Compiled in 234 ms	 
hint: 0	1144	Used RAM (bytes): 60 (17%)  Free RAM (bytes): 292 (83%)	Used RAM (bytes): 60 (17%)  Free RAM (bytes): 292 (83%)
hint: 0	1144	Used ROM (program words): 385 (5%)  Free ROM (program words): 7807 (95%)	Used ROM (program words): 385 (5%)  Free ROM (program words): 7807 (95%)
diagnostics: 0	125	Project Linked Successfully	ddd.mcppi
diagnostics: 0	128	Linked in 1170 ms	 
diagnostics: 0	129	Project 'ddd.mcppi' completed: 2948 ms	 
diagnostics: 0	103	Finished successfully: 26 Jun 2012, 21:24:57	ddd.mcppi
