;  LST file generated by mikroListExporter - v.2.0 
; Date/Time: 08/07/2012 06:53:06 ã
;----------------------------------------------

;Address Opcode 	ASM
0x0000	0x2AE0      	GOTO       736
_Div_16x16_U:
;__Lib_Math.c,215 :: 		
;__Lib_Math.c,222 :: 		
0x0003	0x1283      	BCF        STATUS, 5
;__Lib_Math.c,223 :: 		
0x0004	0x1303      	BCF        STATUS, 6
;__Lib_Math.c,224 :: 		
0x0005	0x01F8      	CLRF       R8
;__Lib_Math.c,225 :: 		
0x0006	0x01F9      	CLRF       R9
;__Lib_Math.c,226 :: 		
0x0007	0x3010      	MOVLW      16
;__Lib_Math.c,227 :: 		
0x0008	0x00FC      	MOVWF      R12
;__Lib_Math.c,228 :: 		
0x0009	0x0D71      	RLF        R1, 0
;__Lib_Math.c,229 :: 		
0x000A	0x0DF8      	RLF        R8, 1
;__Lib_Math.c,230 :: 		
0x000B	0x0DF9      	RLF        R9, 1
;__Lib_Math.c,231 :: 		
0x000C	0x0874      	MOVF       R4, 0
;__Lib_Math.c,232 :: 		
0x000D	0x02F8      	SUBWF      R8, 1
;__Lib_Math.c,233 :: 		
0x000E	0x0875      	MOVF       R5, 0
;__Lib_Math.c,234 :: 		
0x000F	0x1C03      	BTFSS      STATUS, 0
;__Lib_Math.c,235 :: 		
0x0010	0x0F75      	INCFSZ     R5, 0
;__Lib_Math.c,236 :: 		
0x0011	0x02F9      	SUBWF      R9, 1
;__Lib_Math.c,237 :: 		
0x0012	0x1803      	BTFSC      STATUS, 0
;__Lib_Math.c,238 :: 		
0x0013	0x281B      	GOTO       $+8
;__Lib_Math.c,239 :: 		
0x0014	0x0874      	MOVF       R4, 0
;__Lib_Math.c,240 :: 		
0x0015	0x07F8      	ADDWF      R8, 1
;__Lib_Math.c,241 :: 		
0x0016	0x0875      	MOVF       R5, 0
;__Lib_Math.c,242 :: 		
0x0017	0x1803      	BTFSC      STATUS, 0
;__Lib_Math.c,243 :: 		
0x0018	0x0F75      	INCFSZ     R5, 0
;__Lib_Math.c,244 :: 		
0x0019	0x07F9      	ADDWF      R9, 1
;__Lib_Math.c,245 :: 		
0x001A	0x1003      	BCF        STATUS, 0
;__Lib_Math.c,246 :: 		
0x001B	0x0DF0      	RLF        R0, 1
;__Lib_Math.c,247 :: 		
0x001C	0x0DF1      	RLF        R1, 1
;__Lib_Math.c,248 :: 		
0x001D	0x0BFC      	DECFSZ     R12, 1
;__Lib_Math.c,249 :: 		
0x001E	0x2809      	GOTO       $-21
;__Lib_Math.c,251 :: 		
L_end_Div_16x16_U:
0x001F	0x0008      	RETURN
; end of _Div_16x16_U
_Div_16x16_S_L:
;__Lib_Math.c,420 :: 		
;__Lib_Math.c,426 :: 		
0x0020	0x0D71      	RLF        R1, 0
;__Lib_Math.c,427 :: 		
0x0021	0x0DF8      	RLF        R8, 1
;__Lib_Math.c,428 :: 		
0x0022	0x0DF9      	RLF        R9, 1
;__Lib_Math.c,429 :: 		
0x0023	0x0874      	MOVF       R4, 0
;__Lib_Math.c,430 :: 		
0x0024	0x02F8      	SUBWF      R8, 1
;__Lib_Math.c,431 :: 		
0x0025	0x0875      	MOVF       R5, 0
;__Lib_Math.c,432 :: 		
0x0026	0x1C03      	BTFSS      STATUS, 0
;__Lib_Math.c,433 :: 		
0x0027	0x0F75      	INCFSZ     R5, 0
;__Lib_Math.c,434 :: 		
0x0028	0x02F9      	SUBWF      R9, 1
;__Lib_Math.c,435 :: 		
0x0029	0x0DF0      	RLF        R0, 1
;__Lib_Math.c,436 :: 		
0x002A	0x0DF1      	RLF        R1, 1
;__Lib_Math.c,438 :: 		
0x002B	0x300F      	MOVLW      15
;__Lib_Math.c,439 :: 		
0x002C	0x00FC      	MOVWF      R12
;__Lib_Math.c,441 :: 		
0x002D	0x0D71      	RLF        R1, 0
;__Lib_Math.c,442 :: 		
0x002E	0x0DF8      	RLF        R8, 1
;__Lib_Math.c,443 :: 		
0x002F	0x0DF9      	RLF        R9, 1
;__Lib_Math.c,444 :: 		
0x0030	0x0874      	MOVF       R4, 0
;__Lib_Math.c,446 :: 		
0x0031	0x1C70      	BTFSS      R0, 0
;__Lib_Math.c,447 :: 		
0x0032	0x2839      	GOTO       $+7
;__Lib_Math.c,448 :: 		
0x0033	0x02F8      	SUBWF      R8, 1
;__Lib_Math.c,449 :: 		
0x0034	0x0875      	MOVF       R5, 0
;__Lib_Math.c,450 :: 		
0x0035	0x1C03      	BTFSS      STATUS, 0
;__Lib_Math.c,451 :: 		
0x0036	0x0F75      	INCFSZ     R5, 0
;__Lib_Math.c,452 :: 		
0x0037	0x02F9      	SUBWF      R9, 1
;__Lib_Math.c,453 :: 		
0x0038	0x283E      	GOTO       $+6
;__Lib_Math.c,455 :: 		
0x0039	0x07F8      	ADDWF      R8, 1
;__Lib_Math.c,456 :: 		
0x003A	0x0875      	MOVF       R5, 0
;__Lib_Math.c,457 :: 		
0x003B	0x1803      	BTFSC      STATUS, 0
;__Lib_Math.c,458 :: 		
0x003C	0x0F75      	INCFSZ     R5, 0
;__Lib_Math.c,459 :: 		
0x003D	0x07F9      	ADDWF      R9, 1
;__Lib_Math.c,461 :: 		
0x003E	0x0DF0      	RLF        R0, 1
;__Lib_Math.c,462 :: 		
0x003F	0x0DF1      	RLF        R1, 1
;__Lib_Math.c,464 :: 		
0x0040	0x0BFC      	DECFSZ     R12, 1
;__Lib_Math.c,465 :: 		
0x0041	0x282D      	GOTO       $-20
;__Lib_Math.c,467 :: 		
0x0042	0x1870      	BTFSC      R0, 0
;__Lib_Math.c,468 :: 		
0x0043	0x284A      	GOTO       $+7
;__Lib_Math.c,469 :: 		
0x0044	0x0874      	MOVF       R4, 0
;__Lib_Math.c,470 :: 		
0x0045	0x07F8      	ADDWF      R8, 1
;__Lib_Math.c,471 :: 		
0x0046	0x0875      	MOVF       R5, 0
;__Lib_Math.c,472 :: 		
0x0047	0x1803      	BTFSC      STATUS, 0
;__Lib_Math.c,473 :: 		
0x0048	0x0F75      	INCFSZ     R5, 0
;__Lib_Math.c,474 :: 		
0x0049	0x07F9      	ADDWF      R9, 1
;__Lib_Math.c,475 :: 		
0x004A	0x0000      	NOP
;__Lib_Math.c,477 :: 		
L_end_Div_16x16_S_L:
0x004B	0x0008      	RETURN
; end of _Div_16x16_S_L
_WordToStr:
;__Lib_Conversions.c,84 :: 		
;__Lib_Conversions.c,89 :: 		
0x004C	0x1283      	BCF        STATUS, 5
0x004D	0x1303      	BCF        STATUS, 6
0x004E	0x01EF      	CLRF       WordToStr_len_L0
L_WordToStr6:
0x004F	0x3005      	MOVLW      5
0x0050	0x026F      	SUBWF      WordToStr_len_L0, 0
0x0051	0x1803      	BTFSC      STATUS, 0
0x0052	0x285A      	GOTO       L_WordToStr7
;__Lib_Conversions.c,90 :: 		
0x0053	0x086F      	MOVF       WordToStr_len_L0, 0
0x0054	0x076E      	ADDWF      FARG_WordToStr_output, 0
0x0055	0x0084      	MOVWF      FSR
0x0056	0x3020      	MOVLW      32
0x0057	0x0080      	MOVWF      INDF
;__Lib_Conversions.c,89 :: 		
0x0058	0x0AEF      	INCF       WordToStr_len_L0, 1
;__Lib_Conversions.c,90 :: 		
0x0059	0x284F      	GOTO       L_WordToStr6
L_WordToStr7:
;__Lib_Conversions.c,91 :: 		
0x005A	0x086F      	MOVF       WordToStr_len_L0, 0
0x005B	0x076E      	ADDWF      FARG_WordToStr_output, 0
0x005C	0x0084      	MOVWF      FSR
0x005D	0x0180      	CLRF       INDF
0x005E	0x03EF      	DECF       WordToStr_len_L0, 1
;__Lib_Conversions.c,93 :: 		
L_WordToStr9:
;__Lib_Conversions.c,94 :: 		
0x005F	0x086F      	MOVF       WordToStr_len_L0, 0
0x0060	0x076E      	ADDWF      FARG_WordToStr_output, 0
0x0061	0x1683      	BSF        STATUS, 5
0x0062	0x00A0      	MOVWF      FLOC__WordToStr
0x0063	0x300A      	MOVLW      10
0x0064	0x00F4      	MOVWF      R4
0x0065	0x01F5      	CLRF       R4+1
0x0066	0x1283      	BCF        STATUS, 5
0x0067	0x086C      	MOVF       FARG_WordToStr_input, 0
0x0068	0x00F0      	MOVWF      R0
0x0069	0x086D      	MOVF       FARG_WordToStr_input+1, 0
0x006A	0x00F1      	MOVWF      R0+1
0x006B	0x2003      	CALL       _Div_16x16_U
0x006C	0x0878      	MOVF       R8, 0
0x006D	0x00F0      	MOVWF      R0
0x006E	0x0879      	MOVF       R8+1, 0
0x006F	0x00F1      	MOVWF      R0+1
0x0070	0x3030      	MOVLW      48
0x0071	0x07F0      	ADDWF      R0, 1
0x0072	0x1683      	BSF        STATUS, 5
0x0073	0x0820      	MOVF       FLOC__WordToStr, 0
0x0074	0x0084      	MOVWF      FSR
0x0075	0x0870      	MOVF       R0, 0
0x0076	0x0080      	MOVWF      INDF
;__Lib_Conversions.c,95 :: 		
0x0077	0x300A      	MOVLW      10
0x0078	0x00F4      	MOVWF      R4
0x0079	0x01F5      	CLRF       R4+1
0x007A	0x1283      	BCF        STATUS, 5
0x007B	0x086C      	MOVF       FARG_WordToStr_input, 0
0x007C	0x00F0      	MOVWF      R0
0x007D	0x086D      	MOVF       FARG_WordToStr_input+1, 0
0x007E	0x00F1      	MOVWF      R0+1
0x007F	0x2003      	CALL       _Div_16x16_U
0x0080	0x0870      	MOVF       R0, 0
0x0081	0x00EC      	MOVWF      FARG_WordToStr_input
0x0082	0x0871      	MOVF       R0+1, 0
0x0083	0x00ED      	MOVWF      FARG_WordToStr_input+1
;__Lib_Conversions.c,96 :: 		
0x0084	0x3000      	MOVLW      0
0x0085	0x0671      	XORWF      R0+1, 0
0x0086	0x1D03      	BTFSS      STATUS, 2
0x0087	0x288A      	GOTO       L__WordToStr109
0x0088	0x3000      	MOVLW      0
0x0089	0x0670      	XORWF      R0, 0
L__WordToStr109:
0x008A	0x1D03      	BTFSS      STATUS, 2
0x008B	0x288D      	GOTO       L_WordToStr11
;__Lib_Conversions.c,97 :: 		
0x008C	0x288F      	GOTO       L_WordToStr10
L_WordToStr11:
;__Lib_Conversions.c,98 :: 		
0x008D	0x03EF      	DECF       WordToStr_len_L0, 1
;__Lib_Conversions.c,99 :: 		
0x008E	0x285F      	GOTO       L_WordToStr9
L_WordToStr10:
;__Lib_Conversions.c,100 :: 		
L_end_WordToStr:
0x008F	0x0008      	RETURN
; end of _WordToStr
_UART1_Write:
;__Lib_UART_c67.c,39 :: 		
;__Lib_UART_c67.c,40 :: 		
L_UART1_Write3:
0x0090	0x1683      	BSF        STATUS, 5
0x0091	0x1303      	BCF        STATUS, 6
0x0092	0x1898      	BTFSC      TXSTA, 1
0x0093	0x2896      	GOTO       L_UART1_Write4
;__Lib_UART_c67.c,41 :: 		
0x0094	0x0000      	NOP
0x0095	0x2890      	GOTO       L_UART1_Write3
L_UART1_Write4:
;__Lib_UART_c67.c,42 :: 		
0x0096	0x1283      	BCF        STATUS, 5
0x0097	0x086C      	MOVF       FARG_UART1_Write_data_, 0
0x0098	0x0099      	MOVWF      TXREG
;__Lib_UART_c67.c,43 :: 		
L_end_UART1_Write:
0x0099	0x0008      	RETURN
; end of _UART1_Write
_____DoICP:
;__Lib_System.c,6 :: 		
;__Lib_System.c,9 :: 		
0x009A	0x1283      	BCF        STATUS, 5
0x009B	0x1303      	BCF        STATUS, 6
0x009C	0x0834      	MOVF       ___DoICPAddr+1, 0
0x009D	0x008A      	MOVWF      PCLATH
;__Lib_System.c,10 :: 		
0x009E	0x0833      	MOVF       ___DoICPAddr, 0
0x009F	0x0082      	MOVWF      PCL
;__Lib_System.c,12 :: 		
L_end_____DoICP:
0x00A0	0x0008      	RETURN
; end of _____DoICP
_ultra3:
;ultra2.c,37 :: 		ultra3()
;ultra2.c,39 :: 		q=0;
0x00A1	0x1283      	BCF        STATUS, 5
0x00A2	0x1303      	BCF        STATUS, 6
0x00A3	0x01C1      	CLRF       _q
0x00A4	0x01C2      	CLRF       _q+1
;ultra2.c,40 :: 		trisb=0;
0x00A5	0x1683      	BSF        STATUS, 5
0x00A6	0x0186      	CLRF       TRISB
;ultra2.c,41 :: 		portb.f4=1;
0x00A7	0x1283      	BCF        STATUS, 5
0x00A8	0x1606      	BSF        PORTB, 4
;ultra2.c,42 :: 		delay_us(5);
0x00A9	0x0000      	NOP
0x00AA	0x0000      	NOP
0x00AB	0x0000      	NOP
0x00AC	0x0000      	NOP
0x00AD	0x0000      	NOP
;ultra2.c,43 :: 		portb.f4=0;
0x00AE	0x1206      	BCF        PORTB, 4
;ultra2.c,44 :: 		trisb=0b00010000;
0x00AF	0x3010      	MOVLW      16
0x00B0	0x1683      	BSF        STATUS, 5
0x00B1	0x0086      	MOVWF      TRISB
;ultra2.c,45 :: 		delay_us(750);
0x00B2	0x30F9      	MOVLW      249
0x00B3	0x00FD      	MOVWF      R13
L_ultra38:
0x00B4	0x0BFD      	DECFSZ     R13, 1
0x00B5	0x28B4      	GOTO       L_ultra38
0x00B6	0x0000      	NOP
0x00B7	0x0000      	NOP
;ultra2.c,46 :: 		while(portb.f4==1)
L_ultra39:
0x00B8	0x1283      	BCF        STATUS, 5
0x00B9	0x1E06      	BTFSS      PORTB, 4
0x00BA	0x28C3      	GOTO       L_ultra310
;ultra2.c,47 :: 		{q++;
0x00BB	0x0AC1      	INCF       _q, 1
0x00BC	0x1903      	BTFSC      STATUS, 2
0x00BD	0x0AC2      	INCF       _q+1, 1
;ultra2.c,48 :: 		delay_us(22);
0x00BE	0x3007      	MOVLW      7
0x00BF	0x00FD      	MOVWF      R13
L_ultra311:
0x00C0	0x0BFD      	DECFSZ     R13, 1
0x00C1	0x28C0      	GOTO       L_ultra311
;ultra2.c,49 :: 		}
0x00C2	0x28B8      	GOTO       L_ultra39
L_ultra310:
;ultra2.c,50 :: 		q=q/2;
0x00C3	0x0CC2      	RRF        _q+1, 1
0x00C4	0x0CC1      	RRF        _q, 1
0x00C5	0x13C2      	BCF        _q+1, 7
0x00C6	0x1B42      	BTFSC      _q+1, 6
0x00C7	0x17C2      	BSF        _q+1, 7
;ultra2.c,51 :: 		}
L_end_ultra3:
0x00C8	0x0008      	RETURN
; end of _ultra3
_IntToStr:
;__Lib_Conversions.c,146 :: 		
;__Lib_Conversions.c,152 :: 		
0x00C9	0x1283      	BCF        STATUS, 5
0x00CA	0x1303      	BCF        STATUS, 6
0x00CB	0x01E8      	CLRF       IntToStr_negative_L0
0x00CC	0x01E9      	CLRF       IntToStr_negative_L0+1
;__Lib_Conversions.c,153 :: 		
0x00CD	0x0863      	MOVF       FARG_IntToStr_input, 0
0x00CE	0x00EA      	MOVWF      IntToStr_inword_L0
0x00CF	0x0864      	MOVF       FARG_IntToStr_input+1, 0
0x00D0	0x00EB      	MOVWF      IntToStr_inword_L0+1
;__Lib_Conversions.c,154 :: 		
0x00D1	0x3080      	MOVLW      128
0x00D2	0x0664      	XORWF      FARG_IntToStr_input+1, 0
0x00D3	0x00F0      	MOVWF      R0
0x00D4	0x3080      	MOVLW      128
0x00D5	0x0270      	SUBWF      R0, 0
0x00D6	0x1D03      	BTFSS      STATUS, 2
0x00D7	0x28DA      	GOTO       L__IntToStr115
0x00D8	0x3000      	MOVLW      0
0x00D9	0x0263      	SUBWF      FARG_IntToStr_input, 0
L__IntToStr115:
0x00DA	0x1803      	BTFSC      STATUS, 0
0x00DB	0x28E8      	GOTO       L_IntToStr23
;__Lib_Conversions.c,155 :: 		
0x00DC	0x3001      	MOVLW      1
0x00DD	0x00E8      	MOVWF      IntToStr_negative_L0
0x00DE	0x3000      	MOVLW      0
0x00DF	0x00E9      	MOVWF      IntToStr_negative_L0+1
;__Lib_Conversions.c,156 :: 		
0x00E0	0x0863      	MOVF       FARG_IntToStr_input, 0
0x00E1	0x3C00      	SUBLW      0
0x00E2	0x00EA      	MOVWF      IntToStr_inword_L0
0x00E3	0x0864      	MOVF       FARG_IntToStr_input+1, 0
0x00E4	0x1C03      	BTFSS      STATUS, 0
0x00E5	0x3E01      	ADDLW      1
0x00E6	0x01EB      	CLRF       IntToStr_inword_L0+1
0x00E7	0x02EB      	SUBWF      IntToStr_inword_L0+1, 1
;__Lib_Conversions.c,157 :: 		
L_IntToStr23:
;__Lib_Conversions.c,158 :: 		
0x00E8	0x086A      	MOVF       IntToStr_inword_L0, 0
0x00E9	0x00EC      	MOVWF      FARG_WordToStr_input
0x00EA	0x086B      	MOVF       IntToStr_inword_L0+1, 0
0x00EB	0x00ED      	MOVWF      FARG_WordToStr_input+1
0x00EC	0x0865      	MOVF       FARG_IntToStr_output, 0
0x00ED	0x00EE      	MOVWF      FARG_WordToStr_output
0x00EE	0x204C      	CALL       _WordToStr
;__Lib_Conversions.c,160 :: 		
0x00EF	0x3006      	MOVLW      6
0x00F0	0x00E6      	MOVWF      IntToStr_i_L0
0x00F1	0x3000      	MOVLW      0
0x00F2	0x00E7      	MOVWF      IntToStr_i_L0+1
;__Lib_Conversions.c,161 :: 		
L_IntToStr24:
0x00F3	0x0867      	MOVF       IntToStr_i_L0+1, 0
0x00F4	0x3C00      	SUBLW      0
0x00F5	0x1D03      	BTFSS      STATUS, 2
0x00F6	0x28F9      	GOTO       L__IntToStr116
0x00F7	0x0866      	MOVF       IntToStr_i_L0, 0
0x00F8	0x3C00      	SUBLW      0
L__IntToStr116:
0x00F9	0x1803      	BTFSC      STATUS, 0
0x00FA	0x2914      	GOTO       L_IntToStr25
;__Lib_Conversions.c,162 :: 		
0x00FB	0x0866      	MOVF       IntToStr_i_L0, 0
0x00FC	0x0765      	ADDWF      FARG_IntToStr_output, 0
0x00FD	0x00F2      	MOVWF      R2
0x00FE	0x3001      	MOVLW      1
0x00FF	0x0266      	SUBWF      IntToStr_i_L0, 0
0x0100	0x00F0      	MOVWF      R0
0x0101	0x3000      	MOVLW      0
0x0102	0x1C03      	BTFSS      STATUS, 0
0x0103	0x3E01      	ADDLW      1
0x0104	0x0267      	SUBWF      IntToStr_i_L0+1, 0
0x0105	0x00F1      	MOVWF      R0+1
0x0106	0x0870      	MOVF       R0, 0
0x0107	0x0765      	ADDWF      FARG_IntToStr_output, 0
0x0108	0x0084      	MOVWF      FSR
0x0109	0x0800      	MOVF       INDF, 0
0x010A	0x00F0      	MOVWF      R0
0x010B	0x0872      	MOVF       R2, 0
0x010C	0x0084      	MOVWF      FSR
0x010D	0x0870      	MOVF       R0, 0
0x010E	0x0080      	MOVWF      INDF
;__Lib_Conversions.c,163 :: 		
0x010F	0x3001      	MOVLW      1
0x0110	0x02E6      	SUBWF      IntToStr_i_L0, 1
0x0111	0x1C03      	BTFSS      STATUS, 0
0x0112	0x03E7      	DECF       IntToStr_i_L0+1, 1
;__Lib_Conversions.c,164 :: 		
0x0113	0x28F3      	GOTO       L_IntToStr24
L_IntToStr25:
;__Lib_Conversions.c,165 :: 		
0x0114	0x0865      	MOVF       FARG_IntToStr_output, 0
0x0115	0x0084      	MOVWF      FSR
0x0116	0x3020      	MOVLW      32
0x0117	0x0080      	MOVWF      INDF
;__Lib_Conversions.c,166 :: 		
0x0118	0x0868      	MOVF       IntToStr_negative_L0, 0
0x0119	0x0469      	IORWF      IntToStr_negative_L0+1, 0
0x011A	0x1903      	BTFSC      STATUS, 2
0x011B	0x2932      	GOTO       L_IntToStr26
;__Lib_Conversions.c,167 :: 		
0x011C	0x01E6      	CLRF       IntToStr_i_L0
0x011D	0x01E7      	CLRF       IntToStr_i_L0+1
;__Lib_Conversions.c,168 :: 		
L_IntToStr27:
0x011E	0x0866      	MOVF       IntToStr_i_L0, 0
0x011F	0x0765      	ADDWF      FARG_IntToStr_output, 0
0x0120	0x0084      	MOVWF      FSR
0x0121	0x0800      	MOVF       INDF, 0
0x0122	0x3A20      	XORLW      32
0x0123	0x1D03      	BTFSS      STATUS, 2
0x0124	0x2929      	GOTO       L_IntToStr28
0x0125	0x0AE6      	INCF       IntToStr_i_L0, 1
0x0126	0x1903      	BTFSC      STATUS, 2
0x0127	0x0AE7      	INCF       IntToStr_i_L0+1, 1
0x0128	0x291E      	GOTO       L_IntToStr27
L_IntToStr28:
;__Lib_Conversions.c,169 :: 		
0x0129	0x3001      	MOVLW      1
0x012A	0x02E6      	SUBWF      IntToStr_i_L0, 1
0x012B	0x1C03      	BTFSS      STATUS, 0
0x012C	0x03E7      	DECF       IntToStr_i_L0+1, 1
;__Lib_Conversions.c,170 :: 		
0x012D	0x0866      	MOVF       IntToStr_i_L0, 0
0x012E	0x0765      	ADDWF      FARG_IntToStr_output, 0
0x012F	0x0084      	MOVWF      FSR
0x0130	0x302D      	MOVLW      45
0x0131	0x0080      	MOVWF      INDF
L_IntToStr26:
;__Lib_Conversions.c,171 :: 		
L_end_IntToStr:
0x0132	0x0008      	RETURN
; end of _IntToStr
_ultra2:
;ultra2.c,22 :: 		ultra2()
;ultra2.c,24 :: 		j=0;
0x0133	0x1283      	BCF        STATUS, 5
0x0134	0x1303      	BCF        STATUS, 6
0x0135	0x01AF      	CLRF       _j
0x0136	0x01B0      	CLRF       _j+1
;ultra2.c,25 :: 		trisb=0;
0x0137	0x1683      	BSF        STATUS, 5
0x0138	0x0186      	CLRF       TRISB
;ultra2.c,26 :: 		portb.f6=1;
0x0139	0x1283      	BCF        STATUS, 5
0x013A	0x1706      	BSF        PORTB, 6
;ultra2.c,27 :: 		delay_us(5);
0x013B	0x0000      	NOP
0x013C	0x0000      	NOP
0x013D	0x0000      	NOP
0x013E	0x0000      	NOP
0x013F	0x0000      	NOP
;ultra2.c,28 :: 		portb.f6=0;
0x0140	0x1306      	BCF        PORTB, 6
;ultra2.c,29 :: 		trisb=0b01000000;
0x0141	0x3040      	MOVLW      64
0x0142	0x1683      	BSF        STATUS, 5
0x0143	0x0086      	MOVWF      TRISB
;ultra2.c,30 :: 		delay_us(750);
0x0144	0x30F9      	MOVLW      249
0x0145	0x00FD      	MOVWF      R13
L_ultra24:
0x0146	0x0BFD      	DECFSZ     R13, 1
0x0147	0x2946      	GOTO       L_ultra24
0x0148	0x0000      	NOP
0x0149	0x0000      	NOP
;ultra2.c,31 :: 		while(portb.f6==1)
L_ultra25:
0x014A	0x1283      	BCF        STATUS, 5
0x014B	0x1F06      	BTFSS      PORTB, 6
0x014C	0x2955      	GOTO       L_ultra26
;ultra2.c,32 :: 		{j++;
0x014D	0x0AAF      	INCF       _j, 1
0x014E	0x1903      	BTFSC      STATUS, 2
0x014F	0x0AB0      	INCF       _j+1, 1
;ultra2.c,33 :: 		delay_us(22);
0x0150	0x3007      	MOVLW      7
0x0151	0x00FD      	MOVWF      R13
L_ultra27:
0x0152	0x0BFD      	DECFSZ     R13, 1
0x0153	0x2952      	GOTO       L_ultra27
;ultra2.c,34 :: 		}
0x0154	0x294A      	GOTO       L_ultra25
L_ultra26:
;ultra2.c,35 :: 		j=j/2;
0x0155	0x0CB0      	RRF        _j+1, 1
0x0156	0x0CAF      	RRF        _j, 1
0x0157	0x13B0      	BCF        _j+1, 7
0x0158	0x1B30      	BTFSC      _j+1, 6
0x0159	0x17B0      	BSF        _j+1, 7
;ultra2.c,36 :: 		}
L_end_ultra2:
0x015A	0x0008      	RETURN
; end of _ultra2
_UART1_Write_Text:
;__Lib_UART_c67.c,47 :: 		
;__Lib_UART_c67.c,48 :: 		
0x015B	0x1283      	BCF        STATUS, 5
0x015C	0x1303      	BCF        STATUS, 6
0x015D	0x01E5      	CLRF       UART1_Write_Text_counter_L0
;__Lib_UART_c67.c,50 :: 		
0x015E	0x0863      	MOVF       FARG_UART1_Write_Text_uart_text, 0
0x015F	0x0084      	MOVWF      FSR
0x0160	0x0800      	MOVF       INDF, 0
0x0161	0x00E4      	MOVWF      UART1_Write_Text_data__L0
;__Lib_UART_c67.c,51 :: 		
L_UART1_Write_Text5:
0x0162	0x0864      	MOVF       UART1_Write_Text_data__L0, 0
0x0163	0x3A00      	XORLW      0
0x0164	0x1903      	BTFSC      STATUS, 2
0x0165	0x2970      	GOTO       L_UART1_Write_Text6
;__Lib_UART_c67.c,52 :: 		
0x0166	0x0864      	MOVF       UART1_Write_Text_data__L0, 0
0x0167	0x00EC      	MOVWF      FARG_UART1_Write_data_
0x0168	0x2090      	CALL       _UART1_Write
;__Lib_UART_c67.c,53 :: 		
0x0169	0x0AE5      	INCF       UART1_Write_Text_counter_L0, 1
;__Lib_UART_c67.c,54 :: 		
0x016A	0x0865      	MOVF       UART1_Write_Text_counter_L0, 0
0x016B	0x0763      	ADDWF      FARG_UART1_Write_Text_uart_text, 0
0x016C	0x0084      	MOVWF      FSR
0x016D	0x0800      	MOVF       INDF, 0
0x016E	0x00E4      	MOVWF      UART1_Write_Text_data__L0
;__Lib_UART_c67.c,55 :: 		
0x016F	0x2962      	GOTO       L_UART1_Write_Text5
L_UART1_Write_Text6:
;__Lib_UART_c67.c,56 :: 		
L_end_UART1_Write_Text:
0x0170	0x0008      	RETURN
; end of _UART1_Write_Text
_ultra1:
;ultra2.c,7 :: 		ultra1()
;ultra2.c,9 :: 		i=0;
0x0171	0x1283      	BCF        STATUS, 5
0x0172	0x1303      	BCF        STATUS, 6
0x0173	0x01BF      	CLRF       _i
0x0174	0x01C0      	CLRF       _i+1
;ultra2.c,10 :: 		trisb=0;
0x0175	0x1683      	BSF        STATUS, 5
0x0176	0x0186      	CLRF       TRISB
;ultra2.c,11 :: 		portb.f2=1;
0x0177	0x1283      	BCF        STATUS, 5
0x0178	0x1506      	BSF        PORTB, 2
;ultra2.c,12 :: 		delay_us(5);
0x0179	0x0000      	NOP
0x017A	0x0000      	NOP
0x017B	0x0000      	NOP
0x017C	0x0000      	NOP
0x017D	0x0000      	NOP
;ultra2.c,13 :: 		portb.f2=0;
0x017E	0x1106      	BCF        PORTB, 2
;ultra2.c,14 :: 		trisb=0b00000100;
0x017F	0x3004      	MOVLW      4
0x0180	0x1683      	BSF        STATUS, 5
0x0181	0x0086      	MOVWF      TRISB
;ultra2.c,15 :: 		delay_us(750);
0x0182	0x30F9      	MOVLW      249
0x0183	0x00FD      	MOVWF      R13
L_ultra10:
0x0184	0x0BFD      	DECFSZ     R13, 1
0x0185	0x2984      	GOTO       L_ultra10
0x0186	0x0000      	NOP
0x0187	0x0000      	NOP
;ultra2.c,16 :: 		while(portb.f2==1)
L_ultra11:
0x0188	0x1283      	BCF        STATUS, 5
0x0189	0x1D06      	BTFSS      PORTB, 2
0x018A	0x2993      	GOTO       L_ultra12
;ultra2.c,17 :: 		{i++;
0x018B	0x0ABF      	INCF       _i, 1
0x018C	0x1903      	BTFSC      STATUS, 2
0x018D	0x0AC0      	INCF       _i+1, 1
;ultra2.c,18 :: 		delay_us(22);
0x018E	0x3007      	MOVLW      7
0x018F	0x00FD      	MOVWF      R13
L_ultra13:
0x0190	0x0BFD      	DECFSZ     R13, 1
0x0191	0x2990      	GOTO       L_ultra13
;ultra2.c,19 :: 		}
0x0192	0x2988      	GOTO       L_ultra11
L_ultra12:
;ultra2.c,20 :: 		i=i/2;
0x0193	0x0CC0      	RRF        _i+1, 1
0x0194	0x0CBF      	RRF        _i, 1
0x0195	0x13C0      	BCF        _i+1, 7
0x0196	0x1B40      	BTFSC      _i+1, 6
0x0197	0x17C0      	BSF        _i+1, 7
;ultra2.c,21 :: 		}
L_end_ultra1:
0x0198	0x0008      	RETURN
; end of _ultra1
_Div_16x16_S:
;__Lib_Math.c,479 :: 		
;__Lib_Math.c,487 :: 		
0x0199	0x1283      	BCF        STATUS, 5
0x019A	0x1303      	BCF        STATUS, 6
0x019B	0x0874      	MOVF       R4, 0
0x019C	0x3A00      	XORLW      0
0x019D	0x1D03      	BTFSS      STATUS, 2
0x019E	0x29A8      	GOTO       L_Div_16x16_S0
;__Lib_Math.c,488 :: 		
0x019F	0x0875      	MOVF       R5, 0
0x01A0	0x3A00      	XORLW      0
0x01A1	0x1D03      	BTFSS      STATUS, 2
0x01A2	0x29A8      	GOTO       L_Div_16x16_S1
;__Lib_Math.c,489 :: 		
0x01A3	0x30FF      	MOVLW      255
0x01A4	0x00F0      	MOVWF      R0
;__Lib_Math.c,490 :: 		
0x01A5	0x307F      	MOVLW      127
0x01A6	0x00F1      	MOVWF      R1
;__Lib_Math.c,491 :: 		
0x01A7	0x2A01      	GOTO       L_end_Div_16x16_S
;__Lib_Math.c,492 :: 		
L_Div_16x16_S1:
L_Div_16x16_S0:
;__Lib_Math.c,495 :: 		
0x01A8	0x1283      	BCF        STATUS, 5
;__Lib_Math.c,496 :: 		
0x01A9	0x1303      	BCF        STATUS, 6
;__Lib_Math.c,497 :: 		
0x01AA	0x01FD      	CLRF       R13
;__Lib_Math.c,498 :: 		
0x01AB	0x01F9      	CLRF       R9
;__Lib_Math.c,499 :: 		
0x01AC	0x01F8      	CLRF       R8
;__Lib_Math.c,500 :: 		
0x01AD	0x0871      	MOVF       R1, 0
;__Lib_Math.c,501 :: 		
0x01AE	0x0470      	IORWF      R0, 0
;__Lib_Math.c,502 :: 		
0x01AF	0x1903      	BTFSC      STATUS, 2
;__Lib_Math.c,503 :: 		
0x01B0	0x3400      	RETLW      0
;__Lib_Math.c,505 :: 		
0x01B1	0x0871      	MOVF       R1, 0
;__Lib_Math.c,506 :: 		
0x01B2	0x0675      	XORWF      R5, 0
;__Lib_Math.c,507 :: 		
0x01B3	0x00FA      	MOVWF      R10
;__Lib_Math.c,508 :: 		
0x01B4	0x1BFA      	BTFSC      R10, 7
;__Lib_Math.c,509 :: 		
0x01B5	0x09FD      	COMF       R13, 1
;__Lib_Math.c,511 :: 		
0x01B6	0x01FB      	CLRF       R11
;__Lib_Math.c,513 :: 		
0x01B7	0x1FF5      	BTFSS      R5, 7
;__Lib_Math.c,514 :: 		
0x01B8	0x29BE      	GOTO       $+6
;__Lib_Math.c,516 :: 		
0x01B9	0x09F4      	COMF       R4, 1
;__Lib_Math.c,517 :: 		
0x01BA	0x09F5      	COMF       R5, 1
;__Lib_Math.c,518 :: 		
0x01BB	0x0AF4      	INCF       R4, 1
;__Lib_Math.c,519 :: 		
0x01BC	0x1903      	BTFSC      STATUS, 2
;__Lib_Math.c,520 :: 		
0x01BD	0x0AF5      	INCF       R5, 1
;__Lib_Math.c,522 :: 		
0x01BE	0x1FF1      	BTFSS      R1, 7
;__Lib_Math.c,523 :: 		
0x01BF	0x29C5      	GOTO       $+6
;__Lib_Math.c,525 :: 		
0x01C0	0x09F0      	COMF       R0, 1
;__Lib_Math.c,526 :: 		
0x01C1	0x09F1      	COMF       R1, 1
;__Lib_Math.c,527 :: 		
0x01C2	0x0AF0      	INCF       R0, 1
;__Lib_Math.c,528 :: 		
0x01C3	0x1903      	BTFSC      STATUS, 2
;__Lib_Math.c,529 :: 		
0x01C4	0x0AF1      	INCF       R1, 1
;__Lib_Math.c,531 :: 		
0x01C5	0x0871      	MOVF       R1, 0
;__Lib_Math.c,532 :: 		
0x01C6	0x0475      	IORWF      R5, 0
;__Lib_Math.c,533 :: 		
0x01C7	0x00FA      	MOVWF      R10
;__Lib_Math.c,534 :: 		
0x01C8	0x1BFA      	BTFSC      R10, 7
;__Lib_Math.c,535 :: 		
0x01C9	0x29DA      	GOTO       $+17
;__Lib_Math.c,537 :: 		
0x01CA	0x2020      	CALL       _Div_16x16_S_L
;__Lib_Math.c,539 :: 		
0x01CB	0x187B      	BTFSC      R11, 0
;__Lib_Math.c,540 :: 		
0x01CC	0x29ED      	GOTO       $+33
;__Lib_Math.c,542 :: 		
0x01CD	0x1FFD      	BTFSS      R13, 7
;__Lib_Math.c,543 :: 		
0x01CE	0x3400      	RETLW      0
;__Lib_Math.c,545 :: 		
0x01CF	0x09F0      	COMF       R0, 1
;__Lib_Math.c,546 :: 		
0x01D0	0x09F1      	COMF       R1, 1
;__Lib_Math.c,547 :: 		
0x01D1	0x0AF0      	INCF       R0, 1
;__Lib_Math.c,548 :: 		
0x01D2	0x1903      	BTFSC      STATUS, 2
;__Lib_Math.c,549 :: 		
0x01D3	0x0AF1      	INCF       R1, 1
;__Lib_Math.c,551 :: 		
0x01D4	0x09F8      	COMF       R8, 1
;__Lib_Math.c,552 :: 		
0x01D5	0x09F9      	COMF       R9, 1
;__Lib_Math.c,553 :: 		
0x01D6	0x0AF8      	INCF       R8, 1
;__Lib_Math.c,554 :: 		
0x01D7	0x1903      	BTFSC      STATUS, 2
;__Lib_Math.c,555 :: 		
0x01D8	0x0AF9      	INCF       R9, 1
;__Lib_Math.c,557 :: 		
0x01D9	0x3400      	RETLW      0
;__Lib_Math.c,559 :: 		
0x01DA	0x1FF5      	BTFSS      R5, 7
;__Lib_Math.c,560 :: 		
0x01DB	0x29E9      	GOTO       $+14
;__Lib_Math.c,561 :: 		
0x01DC	0x1BF1      	BTFSC      R1, 7
;__Lib_Math.c,562 :: 		
0x01DD	0x29E5      	GOTO       $+8
;__Lib_Math.c,563 :: 		
0x01DE	0x0871      	MOVF       R1, 0
;__Lib_Math.c,564 :: 		
0x01DF	0x00F9      	MOVWF      R9
;__Lib_Math.c,565 :: 		
0x01E0	0x0870      	MOVF       R0, 0
;__Lib_Math.c,566 :: 		
0x01E1	0x00F8      	MOVWF      R8
;__Lib_Math.c,567 :: 		
0x01E2	0x01F1      	CLRF       R1
;__Lib_Math.c,568 :: 		
0x01E3	0x01F0      	CLRF       R0
;__Lib_Math.c,569 :: 		
0x01E4	0x29CD      	GOTO       $-23
;__Lib_Math.c,570 :: 		
0x01E5	0x01F1      	CLRF       R1
;__Lib_Math.c,571 :: 		
0x01E6	0x01F0      	CLRF       R0
;__Lib_Math.c,572 :: 		
0x01E7	0x0AF0      	INCF       R0, 1
;__Lib_Math.c,573 :: 		
0x01E8	0x3400      	RETLW      0
;__Lib_Math.c,575 :: 		
0x01E9	0x09F1      	COMF       R1, 1
;__Lib_Math.c,576 :: 		
0x01EA	0x09F0      	COMF       R0, 1
;__Lib_Math.c,577 :: 		
0x01EB	0x0AFB      	INCF       R11, 1
;__Lib_Math.c,578 :: 		
0x01EC	0x29CA      	GOTO       $-34
;__Lib_Math.c,580 :: 		
0x01ED	0x0AF8      	INCF       R8, 1
;__Lib_Math.c,581 :: 		
0x01EE	0x1903      	BTFSC      STATUS, 2
;__Lib_Math.c,582 :: 		
0x01EF	0x0AF9      	INCF       R9, 1
;__Lib_Math.c,583 :: 		
0x01F0	0x0874      	MOVF       R4, 0
;__Lib_Math.c,584 :: 		
0x01F1	0x0278      	SUBWF      R8, 0
;__Lib_Math.c,585 :: 		
0x01F2	0x1D03      	BTFSS      STATUS, 2
;__Lib_Math.c,586 :: 		
0x01F3	0x29CD      	GOTO       $-38
;__Lib_Math.c,587 :: 		
0x01F4	0x0875      	MOVF       R5, 0
;__Lib_Math.c,588 :: 		
0x01F5	0x0279      	SUBWF      R9, 0
;__Lib_Math.c,589 :: 		
0x01F6	0x1D03      	BTFSS      STATUS, 2
;__Lib_Math.c,590 :: 		
0x01F7	0x29CD      	GOTO       $-42
;__Lib_Math.c,591 :: 		
0x01F8	0x01F9      	CLRF       R9
;__Lib_Math.c,592 :: 		
0x01F9	0x01F8      	CLRF       R8
;__Lib_Math.c,593 :: 		
0x01FA	0x0AF0      	INCF       R0, 1
;__Lib_Math.c,594 :: 		
0x01FB	0x1903      	BTFSC      STATUS, 2
;__Lib_Math.c,595 :: 		
0x01FC	0x0AF1      	INCF       R1, 1
;__Lib_Math.c,596 :: 		
0x01FD	0x1FF1      	BTFSS      R1, 7
;__Lib_Math.c,597 :: 		
0x01FE	0x29CD      	GOTO       $-49
;__Lib_Math.c,598 :: 		
0x01FF	0x0000      	NOP
;__Lib_Math.c,599 :: 		
0x0200	0x34FF      	RETLW      255
;__Lib_Math.c,601 :: 		
L_end_Div_16x16_S:
0x0201	0x0008      	RETURN
; end of _Div_16x16_S
_forward:
;ultra2.c,57 :: 		forward(){    trisd=0;
0x0202	0x1683      	BSF        STATUS, 5
0x0203	0x1303      	BCF        STATUS, 6
0x0204	0x0188      	CLRF       TRISD
;ultra2.c,58 :: 		ultra3();
0x0205	0x20A1      	CALL       _ultra3
;ultra2.c,59 :: 		intToStr(q,txt);
0x0206	0x0841      	MOVF       _q, 0
0x0207	0x00E3      	MOVWF      FARG_IntToStr_input
0x0208	0x0842      	MOVF       _q+1, 0
0x0209	0x00E4      	MOVWF      FARG_IntToStr_input+1
0x020A	0x3045      	MOVLW      _txt
0x020B	0x00E5      	MOVWF      FARG_IntToStr_output
0x020C	0x20C9      	CALL       _IntToStr
;ultra2.c,60 :: 		uart1_write_text(txt);
0x020D	0x3045      	MOVLW      _txt
0x020E	0x00E3      	MOVWF      FARG_UART1_Write_Text_uart_text
0x020F	0x215B      	CALL       _UART1_Write_Text
;ultra2.c,61 :: 		if(q<30)
0x0210	0x3080      	MOVLW      128
0x0211	0x0642      	XORWF      _q+1, 0
0x0212	0x00F0      	MOVWF      R0
0x0213	0x3080      	MOVLW      128
0x0214	0x0270      	SUBWF      R0, 0
0x0215	0x1D03      	BTFSS      STATUS, 2
0x0216	0x2A19      	GOTO       L__forward40
0x0217	0x301E      	MOVLW      30
0x0218	0x0241      	SUBWF      _q, 0
L__forward40:
0x0219	0x1803      	BTFSC      STATUS, 0
0x021A	0x2A1E      	GOTO       L_forward13
;ultra2.c,62 :: 		f1++;
0x021B	0x0AA8      	INCF       _f1, 1
0x021C	0x1903      	BTFSC      STATUS, 2
0x021D	0x0AA9      	INCF       _f1+1, 1
L_forward13:
;ultra2.c,63 :: 		while(q>30){         ultra3();
L_forward14:
0x021E	0x3080      	MOVLW      128
0x021F	0x00F0      	MOVWF      R0
0x0220	0x3080      	MOVLW      128
0x0221	0x0642      	XORWF      _q+1, 0
0x0222	0x0270      	SUBWF      R0, 0
0x0223	0x1D03      	BTFSS      STATUS, 2
0x0224	0x2A27      	GOTO       L__forward41
0x0225	0x0841      	MOVF       _q, 0
0x0226	0x3C1E      	SUBLW      30
L__forward41:
0x0227	0x1803      	BTFSC      STATUS, 0
0x0228	0x2A3A      	GOTO       L_forward15
0x0229	0x20A1      	CALL       _ultra3
;ultra2.c,64 :: 		intToStr(q,txt);
0x022A	0x0841      	MOVF       _q, 0
0x022B	0x00E3      	MOVWF      FARG_IntToStr_input
0x022C	0x0842      	MOVF       _q+1, 0
0x022D	0x00E4      	MOVWF      FARG_IntToStr_input+1
0x022E	0x3045      	MOVLW      _txt
0x022F	0x00E5      	MOVWF      FARG_IntToStr_output
0x0230	0x20C9      	CALL       _IntToStr
;ultra2.c,65 :: 		uart1_write_text(txt);
0x0231	0x3045      	MOVLW      _txt
0x0232	0x00E3      	MOVWF      FARG_UART1_Write_Text_uart_text
0x0233	0x215B      	CALL       _UART1_Write_Text
;ultra2.c,66 :: 		uart1_write_text("loop");
0x0234	0x302A      	MOVLW      ?lstr1_ultra2
0x0235	0x00E3      	MOVWF      FARG_UART1_Write_Text_uart_text
0x0236	0x215B      	CALL       _UART1_Write_Text
;ultra2.c,67 :: 		portd=0b01100000;
0x0237	0x3060      	MOVLW      96
0x0238	0x0088      	MOVWF      PORTD
;ultra2.c,68 :: 		}
0x0239	0x2A1E      	GOTO       L_forward14
L_forward15:
;ultra2.c,69 :: 		}
L_end_forward:
0x023A	0x0008      	RETURN
; end of _forward
_initrit:
;ultra2.c,52 :: 		initrit(){     trisd=0;
0x023B	0x1683      	BSF        STATUS, 5
0x023C	0x1303      	BCF        STATUS, 6
0x023D	0x0188      	CLRF       TRISD
;ultra2.c,53 :: 		ultra1();
0x023E	0x2171      	CALL       _ultra1
;ultra2.c,54 :: 		if(i>20){ portd=0b01010000;
0x023F	0x3080      	MOVLW      128
0x0240	0x00F0      	MOVWF      R0
0x0241	0x3080      	MOVLW      128
0x0242	0x0640      	XORWF      _i+1, 0
0x0243	0x0270      	SUBWF      R0, 0
0x0244	0x1D03      	BTFSS      STATUS, 2
0x0245	0x2A48      	GOTO       L__initrit38
0x0246	0x083F      	MOVF       _i, 0
0x0247	0x3C14      	SUBLW      20
L__initrit38:
0x0248	0x1803      	BTFSC      STATUS, 0
0x0249	0x2A4C      	GOTO       L_initrit12
0x024A	0x3050      	MOVLW      80
0x024B	0x0088      	MOVWF      PORTD
;ultra2.c,55 :: 		}
L_initrit12:
;ultra2.c,56 :: 		}
L_end_initrit:
0x024C	0x0008      	RETURN
; end of _initrit
_trnlft:
;ultra2.c,70 :: 		trnlft(){   trisd=0;
0x024D	0x1683      	BSF        STATUS, 5
0x024E	0x1303      	BCF        STATUS, 6
0x024F	0x0188      	CLRF       TRISD
;ultra2.c,71 :: 		ultra2();
0x0250	0x2133      	CALL       _ultra2
;ultra2.c,72 :: 		intToStr(j,txt);
0x0251	0x082F      	MOVF       _j, 0
0x0252	0x00E3      	MOVWF      FARG_IntToStr_input
0x0253	0x0830      	MOVF       _j+1, 0
0x0254	0x00E4      	MOVWF      FARG_IntToStr_input+1
0x0255	0x3045      	MOVLW      _txt
0x0256	0x00E5      	MOVWF      FARG_IntToStr_output
0x0257	0x20C9      	CALL       _IntToStr
;ultra2.c,73 :: 		uart1_write_text(txt);
0x0258	0x3045      	MOVLW      _txt
0x0259	0x00E3      	MOVWF      FARG_UART1_Write_Text_uart_text
0x025A	0x215B      	CALL       _UART1_Write_Text
;ultra2.c,74 :: 		if(j<30)
0x025B	0x3080      	MOVLW      128
0x025C	0x0630      	XORWF      _j+1, 0
0x025D	0x00F0      	MOVWF      R0
0x025E	0x3080      	MOVLW      128
0x025F	0x0270      	SUBWF      R0, 0
0x0260	0x1D03      	BTFSS      STATUS, 2
0x0261	0x2A64      	GOTO       L__trnlft43
0x0262	0x301E      	MOVLW      30
0x0263	0x022F      	SUBWF      _j, 0
L__trnlft43:
0x0264	0x1803      	BTFSC      STATUS, 0
0x0265	0x2A69      	GOTO       L_trnlft16
;ultra2.c,75 :: 		f2++;
0x0266	0x0AA0      	INCF       _f2, 1
0x0267	0x1903      	BTFSC      STATUS, 2
0x0268	0x0AA1      	INCF       _f2+1, 1
L_trnlft16:
;ultra2.c,76 :: 		sum=j;
0x0269	0x082F      	MOVF       _j, 0
0x026A	0x00B1      	MOVWF      _sum
0x026B	0x0830      	MOVF       _j+1, 0
0x026C	0x00B2      	MOVWF      _sum+1
;ultra2.c,77 :: 		while(sum>30){
L_trnlft17:
0x026D	0x3080      	MOVLW      128
0x026E	0x00F0      	MOVWF      R0
0x026F	0x3080      	MOVLW      128
0x0270	0x0632      	XORWF      _sum+1, 0
0x0271	0x0270      	SUBWF      R0, 0
0x0272	0x1D03      	BTFSS      STATUS, 2
0x0273	0x2A76      	GOTO       L__trnlft44
0x0274	0x0831      	MOVF       _sum, 0
0x0275	0x3C1E      	SUBLW      30
L__trnlft44:
0x0276	0x1803      	BTFSC      STATUS, 0
0x0277	0x2AC3      	GOTO       L_trnlft18
;ultra2.c,78 :: 		sum=0;
0x0278	0x01B1      	CLRF       _sum
0x0279	0x01B2      	CLRF       _sum+1
;ultra2.c,79 :: 		intToStr(j,txt);
0x027A	0x082F      	MOVF       _j, 0
0x027B	0x00E3      	MOVWF      FARG_IntToStr_input
0x027C	0x0830      	MOVF       _j+1, 0
0x027D	0x00E4      	MOVWF      FARG_IntToStr_input+1
0x027E	0x3045      	MOVLW      _txt
0x027F	0x00E5      	MOVWF      FARG_IntToStr_output
0x0280	0x20C9      	CALL       _IntToStr
;ultra2.c,80 :: 		uart1_write_text(txt);
0x0281	0x3045      	MOVLW      _txt
0x0282	0x00E3      	MOVWF      FARG_UART1_Write_Text_uart_text
0x0283	0x215B      	CALL       _UART1_Write_Text
;ultra2.c,81 :: 		for(zz=0;zz<10;zz++)
0x0284	0x01C3      	CLRF       _zz
0x0285	0x01C4      	CLRF       _zz+1
L_trnlft19:
0x0286	0x3080      	MOVLW      128
0x0287	0x0644      	XORWF      _zz+1, 0
0x0288	0x00F0      	MOVWF      R0
0x0289	0x3080      	MOVLW      128
0x028A	0x0270      	SUBWF      R0, 0
0x028B	0x1D03      	BTFSS      STATUS, 2
0x028C	0x2A8F      	GOTO       L__trnlft45
0x028D	0x300A      	MOVLW      10
0x028E	0x0243      	SUBWF      _zz, 0
L__trnlft45:
0x028F	0x1803      	BTFSC      STATUS, 0
0x0290	0x2A9B      	GOTO       L_trnlft20
;ultra2.c,83 :: 		ultra2();
0x0291	0x2133      	CALL       _ultra2
;ultra2.c,84 :: 		averege[zz]=j;
0x0292	0x0843      	MOVF       _zz, 0
0x0293	0x3E35      	ADDLW      _averege
0x0294	0x0084      	MOVWF      FSR
0x0295	0x082F      	MOVF       _j, 0
0x0296	0x0080      	MOVWF      INDF
;ultra2.c,81 :: 		for(zz=0;zz<10;zz++)
0x0297	0x0AC3      	INCF       _zz, 1
0x0298	0x1903      	BTFSC      STATUS, 2
0x0299	0x0AC4      	INCF       _zz+1, 1
;ultra2.c,85 :: 		}
0x029A	0x2A86      	GOTO       L_trnlft19
L_trnlft20:
;ultra2.c,86 :: 		for(zz=0;zz<10;zz++)
0x029B	0x01C3      	CLRF       _zz
0x029C	0x01C4      	CLRF       _zz+1
L_trnlft22:
0x029D	0x3080      	MOVLW      128
0x029E	0x0644      	XORWF      _zz+1, 0
0x029F	0x00F0      	MOVWF      R0
0x02A0	0x3080      	MOVLW      128
0x02A1	0x0270      	SUBWF      R0, 0
0x02A2	0x1D03      	BTFSS      STATUS, 2
0x02A3	0x2AA6      	GOTO       L__trnlft46
0x02A4	0x300A      	MOVLW      10
0x02A5	0x0243      	SUBWF      _zz, 0
L__trnlft46:
0x02A6	0x1803      	BTFSC      STATUS, 0
0x02A7	0x2AB3      	GOTO       L_trnlft23
;ultra2.c,87 :: 		sum=sum+averege[zz];
0x02A8	0x0843      	MOVF       _zz, 0
0x02A9	0x3E35      	ADDLW      _averege
0x02AA	0x0084      	MOVWF      FSR
0x02AB	0x0800      	MOVF       INDF, 0
0x02AC	0x07B1      	ADDWF      _sum, 1
0x02AD	0x1803      	BTFSC      STATUS, 0
0x02AE	0x0AB2      	INCF       _sum+1, 1
;ultra2.c,86 :: 		for(zz=0;zz<10;zz++)
0x02AF	0x0AC3      	INCF       _zz, 1
0x02B0	0x1903      	BTFSC      STATUS, 2
0x02B1	0x0AC4      	INCF       _zz+1, 1
;ultra2.c,87 :: 		sum=sum+averege[zz];
0x02B2	0x2A9D      	GOTO       L_trnlft22
L_trnlft23:
;ultra2.c,88 :: 		sum=sum/10;
0x02B3	0x300A      	MOVLW      10
0x02B4	0x00F4      	MOVWF      R4
0x02B5	0x3000      	MOVLW      0
0x02B6	0x00F5      	MOVWF      R4+1
0x02B7	0x0831      	MOVF       _sum, 0
0x02B8	0x00F0      	MOVWF      R0
0x02B9	0x0832      	MOVF       _sum+1, 0
0x02BA	0x00F1      	MOVWF      R0+1
0x02BB	0x2199      	CALL       _Div_16x16_S
0x02BC	0x0870      	MOVF       R0, 0
0x02BD	0x00B1      	MOVWF      _sum
0x02BE	0x0871      	MOVF       R0+1, 0
0x02BF	0x00B2      	MOVWF      _sum+1
;ultra2.c,90 :: 		portd=0b10100000;
0x02C0	0x30A0      	MOVLW      160
0x02C1	0x0088      	MOVWF      PORTD
;ultra2.c,91 :: 		}
0x02C2	0x2A6D      	GOTO       L_trnlft17
L_trnlft18:
;ultra2.c,92 :: 		}
L_end_trnlft:
0x02C3	0x0008      	RETURN
; end of _trnlft
_UART1_Init:
;__Lib_UART_c67.c,2 :: 		
;__Lib_UART_c67.c,5 :: 		
0x02C4	0x1683      	BSF        STATUS, 5
0x02C5	0x1303      	BCF        STATUS, 6
0x02C6	0x1698      	BSF        TXSTA, 5
;__Lib_UART_c67.c,6 :: 		
0x02C7	0x3090      	MOVLW      144
0x02C8	0x1283      	BCF        STATUS, 5
0x02C9	0x0098      	MOVWF      RCSTA
;__Lib_UART_c67.c,7 :: 		
0x02CA	0x1683      	BSF        STATUS, 5
0x02CB	0x1787      	BSF        TRISC7_bit, 7
;__Lib_UART_c67.c,8 :: 		
0x02CC	0x1307      	BCF        TRISC6_bit, 6
;__Lib_UART_c67.c,10 :: 		
L_UART1_Init0:
0x02CD	0x1283      	BCF        STATUS, 5
0x02CE	0x1E8C      	BTFSS      PIR1, 5
0x02CF	0x2AD3      	GOTO       L_UART1_Init1
;__Lib_UART_c67.c,11 :: 		
0x02D0	0x081A      	MOVF       RCREG, 0
0x02D1	0x00F0      	MOVWF      R0
0x02D2	0x2ACD      	GOTO       L_UART1_Init0
L_UART1_Init1:
;__Lib_UART_c67.c,12 :: 		
L_end_UART1_Init:
0x02D3	0x0008      	RETURN
; end of _UART1_Init
___CC2DW:
;__Lib_System.c,134 :: 		
;__Lib_System.c,137 :: 		
_CC2D_Loop1:
;__Lib_System.c,139 :: 		
0x02D4	0x209A      	CALL       _____DoICP
0x02D5	0x118A      	BCF        PCLATH, 3
0x02D6	0x120A      	BCF        PCLATH, 4
;__Lib_System.c,141 :: 		
0x02D7	0x0080      	MOVWF      INDF
;__Lib_System.c,142 :: 		
0x02D8	0x0A84      	INCF       FSR, 1
;__Lib_System.c,143 :: 		
0x02D9	0x0AB3      	INCF       ___DoICPAddr, 1
;__Lib_System.c,145 :: 		
0x02DA	0x1903      	BTFSC      STATUS, 2
;__Lib_System.c,146 :: 		
0x02DB	0x0AB4      	INCF       ___DoICPAddr+1, 1
;__Lib_System.c,147 :: 		
0x02DC	0x03F0      	DECF       R0, 1
;__Lib_System.c,149 :: 		
0x02DD	0x1D03      	BTFSS      STATUS, 2
;__Lib_System.c,150 :: 		
0x02DE	0x2AD4      	GOTO       _CC2D_Loop1
;__Lib_System.c,152 :: 		
L_end___CC2DW:
0x02DF	0x0008      	RETURN
; end of ___CC2DW
_main:
0x02E0	0x1283      	BCF        STATUS, 5
0x02E1	0x1303      	BCF        STATUS, 6
0x02E2	0x01A0      	CLRF       _f2
0x02E3	0x01A1      	CLRF       33
0x02E4	0x3072      	MOVLW      114
0x02E5	0x00A2      	MOVWF      ?lstr2_ultra2
0x02E6	0x3065      	MOVLW      101
0x02E7	0x00A3      	MOVWF      35
0x02E8	0x3061      	MOVLW      97
0x02E9	0x00A4      	MOVWF      36
0x02EA	0x3064      	MOVLW      100
0x02EB	0x00A5      	MOVWF      37
0x02EC	0x3079      	MOVLW      121
0x02ED	0x00A6      	MOVWF      38
0x02EE	0x01A7      	CLRF       39
0x02EF	0x01A8      	CLRF       _f1
0x02F0	0x01A9      	CLRF       41
0x02F1	0x306C      	MOVLW      108
0x02F2	0x00AA      	MOVWF      ?lstr1_ultra2
0x02F3	0x306F      	MOVLW      111
0x02F4	0x00AB      	MOVWF      43
0x02F5	0x306F      	MOVLW      111
0x02F6	0x00AC      	MOVWF      44
0x02F7	0x3070      	MOVLW      112
0x02F8	0x00AD      	MOVWF      45
0x02F9	0x01AE      	CLRF       46
;ultra2.c,93 :: 		void main() {   uart1_init(9600);
0x02FA	0x3019      	MOVLW      25
0x02FB	0x1683      	BSF        STATUS, 5
0x02FC	0x0099      	MOVWF      SPBRG
0x02FD	0x1518      	BSF        TXSTA, 2
0x02FE	0x22C4      	CALL       _UART1_Init
;ultra2.c,94 :: 		uart1_write_text("ready");
0x02FF	0x3022      	MOVLW      ?lstr2_ultra2
0x0300	0x00E3      	MOVWF      FARG_UART1_Write_Text_uart_text
0x0301	0x215B      	CALL       _UART1_Write_Text
;ultra2.c,95 :: 		trisd=0 ;
0x0302	0x1683      	BSF        STATUS, 5
0x0303	0x0188      	CLRF       TRISD
;ultra2.c,96 :: 		for(zz=0;zz<10;zz++)
0x0304	0x1283      	BCF        STATUS, 5
0x0305	0x01C3      	CLRF       _zz
0x0306	0x01C4      	CLRF       _zz+1
L_main25:
0x0307	0x3080      	MOVLW      128
0x0308	0x0644      	XORWF      _zz+1, 0
0x0309	0x00F0      	MOVWF      R0
0x030A	0x3080      	MOVLW      128
0x030B	0x0270      	SUBWF      R0, 0
0x030C	0x1D03      	BTFSS      STATUS, 2
0x030D	0x2B10      	GOTO       L__main48
0x030E	0x300A      	MOVLW      10
0x030F	0x0243      	SUBWF      _zz, 0
L__main48:
0x0310	0x1803      	BTFSC      STATUS, 0
0x0311	0x2B24      	GOTO       L_main26
;ultra2.c,98 :: 		initrit();
0x0312	0x223B      	CALL       _initrit
;ultra2.c,99 :: 		delay_ms(200);
0x0313	0x3002      	MOVLW      2
0x0314	0x00FB      	MOVWF      R11
0x0315	0x3004      	MOVLW      4
0x0316	0x00FC      	MOVWF      R12
0x0317	0x30BA      	MOVLW      186
0x0318	0x00FD      	MOVWF      R13
L_main28:
0x0319	0x0BFD      	DECFSZ     R13, 1
0x031A	0x2B19      	GOTO       L_main28
0x031B	0x0BFC      	DECFSZ     R12, 1
0x031C	0x2B19      	GOTO       L_main28
0x031D	0x0BFB      	DECFSZ     R11, 1
0x031E	0x2B19      	GOTO       L_main28
0x031F	0x0000      	NOP
;ultra2.c,96 :: 		for(zz=0;zz<10;zz++)
0x0320	0x0AC3      	INCF       _zz, 1
0x0321	0x1903      	BTFSC      STATUS, 2
0x0322	0x0AC4      	INCF       _zz+1, 1
;ultra2.c,100 :: 		}
0x0323	0x2B07      	GOTO       L_main25
L_main26:
;ultra2.c,101 :: 		while(f1<50)
L_main29:
0x0324	0x3080      	MOVLW      128
0x0325	0x0629      	XORWF      _f1+1, 0
0x0326	0x00F0      	MOVWF      R0
0x0327	0x3080      	MOVLW      128
0x0328	0x0270      	SUBWF      R0, 0
0x0329	0x1D03      	BTFSS      STATUS, 2
0x032A	0x2B2D      	GOTO       L__main49
0x032B	0x3032      	MOVLW      50
0x032C	0x0228      	SUBWF      _f1, 0
L__main49:
0x032D	0x1803      	BTFSC      STATUS, 0
0x032E	0x2B31      	GOTO       L_main30
;ultra2.c,102 :: 		forward();
0x032F	0x2202      	CALL       _forward
0x0330	0x2B24      	GOTO       L_main29
L_main30:
;ultra2.c,103 :: 		portd=0;
0x0331	0x0188      	CLRF       PORTD
;ultra2.c,104 :: 		delay_ms(1000);
0x0332	0x3006      	MOVLW      6
0x0333	0x00FB      	MOVWF      R11
0x0334	0x3013      	MOVLW      19
0x0335	0x00FC      	MOVWF      R12
0x0336	0x30AD      	MOVLW      173
0x0337	0x00FD      	MOVWF      R13
L_main31:
0x0338	0x0BFD      	DECFSZ     R13, 1
0x0339	0x2B38      	GOTO       L_main31
0x033A	0x0BFC      	DECFSZ     R12, 1
0x033B	0x2B38      	GOTO       L_main31
0x033C	0x0BFB      	DECFSZ     R11, 1
0x033D	0x2B38      	GOTO       L_main31
0x033E	0x0000      	NOP
0x033F	0x0000      	NOP
;ultra2.c,105 :: 		while(f2<50)
L_main32:
0x0340	0x3080      	MOVLW      128
0x0341	0x0621      	XORWF      _f2+1, 0
0x0342	0x00F0      	MOVWF      R0
0x0343	0x3080      	MOVLW      128
0x0344	0x0270      	SUBWF      R0, 0
0x0345	0x1D03      	BTFSS      STATUS, 2
0x0346	0x2B49      	GOTO       L__main50
0x0347	0x3032      	MOVLW      50
0x0348	0x0220      	SUBWF      _f2, 0
L__main50:
0x0349	0x1803      	BTFSC      STATUS, 0
0x034A	0x2B4D      	GOTO       L_main33
;ultra2.c,106 :: 		trnlft();
0x034B	0x224D      	CALL       _trnlft
0x034C	0x2B40      	GOTO       L_main32
L_main33:
;ultra2.c,107 :: 		portd=0;
0x034D	0x0188      	CLRF       PORTD
;ultra2.c,108 :: 		}
L_end_main:
0x034E	0x2B4E      	GOTO       $+0
; end of _main
Symbol List:
//** Routines locations **
//ADDRESS    SIZE    PROCEDURE
//----------------------------------------------
0x0003      [29]    _Div_16x16_U
0x0020      [44]    _Div_16x16_S_L
0x004C      [68]    _WordToStr
0x0090      [10]    _UART1_Write
0x009A       [7]    _____DoICP
0x00A1      [40]    _ultra3
0x00C9     [106]    _IntToStr
0x0133      [40]    _ultra2
0x015B      [22]    _UART1_Write_Text
0x0171      [40]    _ultra1
0x0199     [105]    _Div_16x16_S
0x0202      [57]    _forward
0x023B      [18]    _initrit
0x024D     [119]    _trnlft
0x02C4      [16]    _UART1_Init
0x02D4      [12]    ___CC2DW
0x02E0     [111]    _main
//** Variables locations ** 
//ADDRESS    SIZE    VARIABLE
//----------------------------------------------
0x0000       [1]    INDF
0x0002       [1]    PCL
0x0003       [1]    STATUS
0x0004       [1]    FSR
0x0006       [1]    PORTB
0x0008       [1]    PORTD
0x000A       [1]    PCLATH
0x000C       [1]    PIR1
0x0018       [1]    RCSTA
0x0019       [1]    TXREG
0x001A       [1]    RCREG
0x0020       [2]    _f2
0x0022       [6]    ?lstr2_ultra2
0x0028       [2]    _f1
0x002A       [5]    ?lstr1_ultra2
0x002F       [2]    _j
0x0031       [2]    _sum
0x0033       [2]    ___DoICPAddr
0x0035      [10]    _averege
0x003F       [2]    _i
0x0041       [2]    _q
0x0043       [2]    _zz
0x0045      [30]    _txt
0x0063       [2]    FARG_IntToStr_input
0x0063       [1]    FARG_UART1_Write_Text_uart_text
0x0064       [1]    UART1_Write_Text_data__L0
0x0065       [1]    UART1_Write_Text_counter_L0
0x0065       [1]    FARG_IntToStr_output
0x0066       [2]    IntToStr_i_L0
0x0068       [2]    IntToStr_negative_L0
0x006A       [2]    IntToStr_inword_L0
0x006C       [1]    FARG_UART1_Write_data_
0x006C       [2]    FARG_WordToStr_input
0x006E       [1]    FARG_WordToStr_output
0x006F       [1]    WordToStr_len_L0
0x0070       [1]    R0
0x0071       [1]    R1
0x0072       [1]    R2
0x0073       [1]    R3
0x0074       [1]    R4
0x0075       [1]    R5
0x0076       [1]    R6
0x0077       [1]    R7
0x0078       [1]    R8
0x0079       [1]    R9
0x007A       [1]    R10
0x007B       [1]    R11
0x007C       [1]    R12
0x007D       [1]    R13
0x007E       [1]    R14
0x007F       [1]    R15
0x0086       [1]    TRISB
0x0087       [0]    TRISC6_bit
0x0087       [0]    TRISC7_bit
0x0088       [1]    TRISD
0x0098       [1]    TXSTA
0x0099       [1]    SPBRG
0x00A0       [1]    FLOC__WordToStr
//** Label List: ** 
//----------------------------------------------
  L_ultra10
  L_ultra11
  L_ultra12
  L_ultra13
  L_ultra24
  L_ultra25
  L_ultra26
  L_ultra27
  L_ultra38
  L_ultra39
  L_ultra310
  L_ultra311
  L_initrit12
  L_forward13
  L_forward14
  L_forward15
  L_trnlft16
  L_trnlft17
  L_trnlft18
  L_trnlft19
  L_trnlft20
  L_trnlft21
  L_trnlft22
  L_trnlft23
  L_trnlft24
  L_main25
  L_main26
  L_main27
  L_main28
  L_main29
  L_main30
  L_main31
  L_main32
  L_main33
  L_end_ultra1
  _ultra1
  L_end_ultra2
  _ultra2
  L_end_ultra3
  _ultra3
  L_end_initrit
  _initrit
  L__initrit38
  L_end_forward
  _forward
  L__forward40
  L__forward41
  L_end_trnlft
  _trnlft
  L__trnlft43
  L__trnlft44
  L__trnlft45
  L__trnlft46
  L_end_main
  _main
  L__main48
  L__main49
  L__main50
  L_ByteToStr0
  L_ByteToStr1
  L_ByteToStr2
  L_ByteToStr3
  L_ByteToStr4
  L_ByteToStr5
  L_WordToStr6
  L_WordToStr7
  L_WordToStr8
  L_WordToStr9
  L_WordToStr10
  L_WordToStr11
  L_WordToStrWithZeros12
  L_WordToStrWithZeros13
  L_WordToStrWithZeros14
  L_WordToStrWithZeros15
  L_WordToStrWithZeros16
  L_ShortToStr17
  L_ShortToStr18
  L_ShortToStr19
  L_ShortToStr20
  L_ShortToStr21
  L_ShortToStr22
  L_IntToStr23
  L_IntToStr24
  L_IntToStr25
  L_IntToStr26
  L_IntToStr27
  L_IntToStr28
  L_IntToStrWithZeros29
  L_IntToStrWithZeros30
  L_IntToStrWithZeros31
  L_IntToStrWithZeros32
  L_IntToStrWithZeros33
  L_IntToStrWithZeros34
  L_IntToStrWithZeros35
  L_IntToStrWithZeros36
  L_IntToStrWithZeros37
  L_LongWordToStr38
  L_LongWordToStr39
  L_LongWordToStr40
  L_LongWordToStr41
  L_LongWordToStr42
  L_LongWordToStr43
  L_LongWordToStrWithZeros44
  L_LongWordToStrWithZeros45
  L_LongWordToStrWithZeros46
  L_LongWordToStrWithZeros47
  L_LongWordToStrWithZeros48
  L_LongToStr49
  L_LongToStr50
  L_LongToStr51
  L_LongToStr52
  L_LongToStr53
  L_LongToStr54
  L_LongIntToStrWithZeros55
  L_LongIntToStrWithZeros56
  L_LongIntToStrWithZeros57
  L_LongIntToStrWithZeros58
  L_LongIntToStrWithZeros59
  L_LongIntToStrWithZeros60
  L_LongIntToStrWithZeros61
  L_LongIntToStrWithZeros62
  L_LongIntToStrWithZeros63
  L_Dec2Bcd64
  L_Dec2Bcd65
  L_Rtrim66
  L_Rtrim67
  L_Rtrim68
  L_Rtrim69
  L_Ltrim70
  L_Ltrim71
  L_Ltrim72
  L_Ltrim73
  L_Ltrim74
  L_Ltrim75
  L_FloatToStr76
  L_FloatToStr77
  L_FloatToStr78
  L_FloatToStr79
  L_FloatToStr80
  L_FloatToStr81
  L_FloatToStr82
  L_FloatToStr83
  L_FloatToStr84
  L_FloatToStr85
  L_FloatToStr86
  L_FloatToStr87
  L_FloatToStr88
  L_FloatToStr89
  L_FloatToStr90
  L_FloatToStr91
  L_FloatToStr92
  L_FloatToStr93
  L_FloatToStr94
  L_FloatToStr95
  L_FloatToStr96
  L_FloatToStr97
  L__Rtrim98
  L__Ltrim99
  L__FloatToStr100
  L_end_ByteToHex
  _ByteToHex
  L_end_ShortToHex
  _ShortToHex
  L_end_WordToHex
  _WordToHex
  L_end_IntToHex
  _IntToHex
  L_end_LongWordToHex
  _LongWordToHex
  L_end_LongIntToHex
  _LongIntToHex
  L_end_ByteToStr
  _ByteToStr
  L_end_WordToStr
  _WordToStr
  L__WordToStr109
  L_end_WordToStrWithZeros
  _WordToStrWithZeros
  L__WordToStrWithZeros111
  L_end_ShortToStr
  _ShortToStr
  L__ShortToStr113
  L_end_IntToStr
  _IntToStr
  L__IntToStr115
  L__IntToStr116
  L_end_IntToStrWithZeros
  _IntToStrWithZeros
  L__IntToStrWithZeros118
  L__IntToStrWithZeros119
  L__IntToStrWithZeros120
  L_end_LongWordToStr
  _LongWordToStr
  L__LongWordToStr122
  L__LongWordToStr123
  L_end_LongWordToStrWithZeros
  _LongWordToStrWithZeros
  L__LongWordToStrWithZeros125
  L_end_LongToStr
  _LongToStr
  L__LongToStr127
  L__LongToStr128
  L_end_LongIntToStrWithZeros
  _LongIntToStrWithZeros
  L__LongIntToStrWithZeros130
  L__LongIntToStrWithZeros131
  L__LongIntToStrWithZeros132
  L_end_Dec2Bcd
  _Dec2Bcd
  L_end_Bcd2Dec
  _Bcd2Dec
  L_end_Bcd2Dec16
  _Bcd2Dec16
  L__Bcd2Dec16136
  L__Bcd2Dec16137
  L_end_Dec2Bcd16
  _Dec2Bcd16
  L__Dec2Bcd16139
  L__Dec2Bcd16140
  L_end_Rtrim
  _Rtrim
  L_end_Ltrim
  _Ltrim
  L_end_FloatToStr
  _FloatToStr
  L__FloatToStr144
  L__FloatToStr145
  L__FloatToStr146
  L__FloatToStr147
  L__FloatToStr148
  L_Div_16x16_S0
  L_Div_16x16_S1
  LOOPS3232A
  SADD22LA
  SOK22LA
  SADD22L8
  SOK22L8
  LOOPS3232B
  SADD22LB
  SOK22LB
  SADD22L16
  SOK22L16
  LOOPS3232C
  SADD22LC
  SOK22LC
  SADD22L24
  SOK22L24
  LOOPS3232D
  SADD22LD
  SOK22LD
  SOK22L
  L_Div_32x32_S6
  L_Div_32x32_S7
  L_Div_32x32_S8
  L_Div_32x32_S9
  FXD3232S
  END_ALL
  CA3232S
  C3232SX
  C3232SX1
  C3232S
  C3232S2
  C3232SX4
  C3232SOK
  C3232SX3
  C3232SX2
  avoid_comfrem
  LOOPU3232A
  UADD22LA
  UOK22LA
  UADD22L8
  UOK22L8
  LOOPU3232B
  UADD22LB
  UOK22LB
  UADD22L16
  UOK22L16
  LOOPU3232C
  UADD22LC
  UOK22LC
  UADD22L24
  UOK22L24
  LOOPU3232D
  UADD22LD
  UOK22LD
  UOK22L
  _NEXT
  _EXIT2
  _LOOP
  _EXIT1
  _IF_FIRST
  _IF_SECOND
  _INVERCE_FIRST
  _MULT
  _INBERSE_SECOND
  _EXIT
  L_end_Mul_8x8_U
  _Mul_8x8_U
  L_end_Mul_16x16_U
  _Mul_16x16_U
  L_end_Div_8x8_U
  _Div_8x8_U
  L_end_Div_16x16_U
  _Div_16x16_U
  L_end_Mul_8x8_S
  _Mul_8x8_S
  L_end_Mul_16x16_S
  _Mul_16x16_S
  L_end_Div_16x16_S_L
  _Div_16x16_S_L
  L_end_Div_16x16_S
  _Div_16x16_S
  L_end_Div_8x8_S
  _Div_8x8_S
  L_end_SDIV3232L
  _SDIV3232L
  L_end_COMFREM
  _COMFREM
  L_end_Div_32x32_S
  _Div_32x32_S
  L_end_Div_32x32_U
  _Div_32x32_U
  L_end_Mul_32x32_U
  _Mul_32x32_U
  L_end_Mul_32x32_S
  _Mul_32x32_S
  L_loopCA2AWs
  L_CA2AWend
  _CCA2AW_Loop1
  L_loopCS2Ss
  L_CS2Send
  _CCS2S_Loop1
  L_CCS2Send
  L_loopFZinSWs
  L_FZinSend
  _CC2D_Loop1
  L_end_____DoICP
  _____DoICP
  L_end_____DoIFC
  _____DoIFC
  L_end___CA2AW
  ___CA2AW
  L_end___CCA2AW
  ___CCA2AW
  L_end___CS2S
  ___CS2S
  L_end___CCS2S
  ___CCS2S
  L_end___FZinS
  ___FZinS
  L_end___CC2DW
  ___CC2DW
  L_end_Swap
  _Swap
  L_UART1_Init0
  L_UART1_Init1
  L_UART1_Read2
  L_UART1_Write3
  L_UART1_Write4
  L_UART1_Write_Text5
  L_UART1_Write_Text6
  L_UART1_Read_Text7
  L_UART1_Read_Text8
  L_UART1_Read_Text9
  L_UART1_Read_Text10
  L_UART1_Read_Text11
  L_UART1_Read_Text12
  L_UART1_Read_Text13
  L_UART1_Read_Text14
  L_UART1_Read_Text15
  L_end_UART1_Init
  _UART1_Init
  L_end_UART1_Data_Ready
  _UART1_Data_Ready
  L_end_UART1_Read
  _UART1_Read
  L_end_UART1_Tx_Idle
  _UART1_Tx_Idle
  L_end_UART1_Write
  _UART1_Write
  L_end_UART1_Write_Text
  _UART1_Write_Text
  L_end_UART1_Read_Text
  _UART1_Read_Text
