;  LST file generated by mikroListExporter - v.2.0 
; Date/Time: 7/14/2012 10:00:35 PM
;----------------------------------------------

;Address Opcode 	ASM
0x0000	0x285D      	GOTO       93
_____DoICP:
;__Lib_System.c,6 :: 		
;__Lib_System.c,9 :: 		
0x0003	0x1283      	BCF        STATUS, 5
0x0004	0x1303      	BCF        STATUS, 6
0x0005	0x0823      	MOVF       ___DoICPAddr+1, 0
0x0006	0x008A      	MOVWF      PCLATH
;__Lib_System.c,10 :: 		
0x0007	0x0822      	MOVF       ___DoICPAddr, 0
0x0008	0x0082      	MOVWF      PCL
;__Lib_System.c,12 :: 		
0x0009	0x0008      	RETURN
; end of _____DoICP
_delay_debounce:
;sen.c,9 :: 		void delay_debounce(){ Delay_ms(300);
0x000A	0x3002      	MOVLW      2
0x000B	0x1283      	BCF        STATUS, 5
0x000C	0x1303      	BCF        STATUS, 6
0x000D	0x00FB      	MOVWF      R11
0x000E	0x3086      	MOVLW      134
0x000F	0x00FC      	MOVWF      R12
0x0010	0x3099      	MOVLW      153
0x0011	0x00FD      	MOVWF      R13
L_delay_debounce0:
0x0012	0x0BFD      	DECFSZ     R13, 1
0x0013	0x2812      	GOTO       L_delay_debounce0
0x0014	0x0BFC      	DECFSZ     R12, 1
0x0015	0x2812      	GOTO       L_delay_debounce0
0x0016	0x0BFB      	DECFSZ     R11, 1
0x0017	0x2812      	GOTO       L_delay_debounce0
;sen.c,10 :: 		}
0x0018	0x0008      	RETURN
; end of _delay_debounce
_UART1_Init:
;__Lib_UART_b21.c,2 :: 		
;__Lib_UART_b21.c,5 :: 		
0x0019	0x1683      	BSF        STATUS, 5
0x001A	0x1303      	BCF        STATUS, 6
0x001B	0x1698      	BSF        TXSTA, 5
;__Lib_UART_b21.c,6 :: 		
0x001C	0x3090      	MOVLW      144
0x001D	0x1283      	BCF        STATUS, 5
0x001E	0x0098      	MOVWF      RCSTA
;__Lib_UART_b21.c,7 :: 		
0x001F	0x1683      	BSF        STATUS, 5
0x0020	0x1486      	BSF        TRISB1_bit, 1
;__Lib_UART_b21.c,8 :: 		
0x0021	0x1106      	BCF        TRISB2_bit, 2
;__Lib_UART_b21.c,9 :: 		
L_UART1_Init0:
0x0022	0x1283      	BCF        STATUS, 5
0x0023	0x1E8C      	BTFSS      PIR1, 5
0x0024	0x2828      	GOTO       L_UART1_Init1
;__Lib_UART_b21.c,10 :: 		
0x0025	0x081A      	MOVF       RCREG, 0
0x0026	0x00F0      	MOVWF      R0
0x0027	0x2822      	GOTO       L_UART1_Init0
L_UART1_Init1:
;__Lib_UART_b21.c,11 :: 		
0x0028	0x0008      	RETURN
; end of _UART1_Init
_countpulse:
;sen.c,13 :: 		void countpulse(){ IR_Tx = 1;
0x0029	0x1283      	BCF        STATUS, 5
0x002A	0x1303      	BCF        STATUS, 6
0x002B	0x1585      	BSF        RA3_bit, 3
;sen.c,14 :: 		delay_debounce();
0x002C	0x200A      	CALL       _delay_debounce
;sen.c,15 :: 		delay_debounce();
0x002D	0x200A      	CALL       _delay_debounce
;sen.c,16 :: 		TMR0=0;
0x002E	0x0181      	CLRF       TMR0
;sen.c,17 :: 		Delay_ms(15000);        // Delay 15 Sec
0x002F	0x304D      	MOVLW      77
0x0030	0x00FB      	MOVWF      R11
0x0031	0x3019      	MOVLW      25
0x0032	0x00FC      	MOVWF      R12
0x0033	0x304F      	MOVLW      79
0x0034	0x00FD      	MOVWF      R13
L_countpulse2:
0x0035	0x0BFD      	DECFSZ     R13, 1
0x0036	0x2835      	GOTO       L_countpulse2
0x0037	0x0BFC      	DECFSZ     R12, 1
0x0038	0x2835      	GOTO       L_countpulse2
0x0039	0x0BFB      	DECFSZ     R11, 1
0x003A	0x2835      	GOTO       L_countpulse2
0x003B	0x0000      	NOP
0x003C	0x0000      	NOP
;sen.c,18 :: 		IR_Tx = 0;
0x003D	0x1185      	BCF        RA3_bit, 3
;sen.c,19 :: 		pulsecount = TMR0;
0x003E	0x0801      	MOVF       TMR0, 0
0x003F	0x00A0      	MOVWF      _pulsecount
;sen.c,20 :: 		pulserate = pulsecount*4;
0x0040	0x0820      	MOVF       _pulsecount, 0
0x0041	0x00A1      	MOVWF      _pulserate
0x0042	0x0DA1      	RLF        _pulserate, 1
0x0043	0x1021      	BCF        _pulserate, 0
0x0044	0x0DA1      	RLF        _pulserate, 1
0x0045	0x1021      	BCF        _pulserate, 0
;sen.c,21 :: 		}
0x0046	0x0008      	RETURN
; end of _countpulse
___CC2DW:
;__Lib_System.c,24 :: 		
;__Lib_System.c,27 :: 		
_CC2D_Loop1:
;__Lib_System.c,29 :: 		
0x0047	0x2003      	CALL       _____DoICP
0x0048	0x118A      	BCF        PCLATH, 3
0x0049	0x120A      	BCF        PCLATH, 4
;__Lib_System.c,31 :: 		
0x004A	0x0080      	MOVWF      INDF
;__Lib_System.c,32 :: 		
0x004B	0x0A84      	INCF       FSR, 1
;__Lib_System.c,33 :: 		
0x004C	0x0AA2      	INCF       ___DoICPAddr, 1
;__Lib_System.c,35 :: 		
0x004D	0x1903      	BTFSC      STATUS, 2
;__Lib_System.c,36 :: 		
0x004E	0x0AA3      	INCF       ___DoICPAddr+1, 1
;__Lib_System.c,37 :: 		
0x004F	0x03F0      	DECF       R0, 1
;__Lib_System.c,39 :: 		
0x0050	0x1D03      	BTFSS      STATUS, 2
;__Lib_System.c,40 :: 		
0x0051	0x2847      	GOTO       _CC2D_Loop1
;__Lib_System.c,42 :: 		
0x0052	0x0008      	RETURN
; end of ___CC2DW
_UART1_Write:
;__Lib_UART_b21.c,37 :: 		
;__Lib_UART_b21.c,38 :: 		
L_UART1_Write3:
0x0053	0x1683      	BSF        STATUS, 5
0x0054	0x1303      	BCF        STATUS, 6
0x0055	0x1898      	BTFSC      TXSTA, 1
0x0056	0x2859      	GOTO       L_UART1_Write4
;__Lib_UART_b21.c,39 :: 		
0x0057	0x0000      	NOP
0x0058	0x2853      	GOTO       L_UART1_Write3
L_UART1_Write4:
;__Lib_UART_b21.c,40 :: 		
0x0059	0x1283      	BCF        STATUS, 5
0x005A	0x0824      	MOVF       FARG_UART1_Write_data_, 0
0x005B	0x0099      	MOVWF      TXREG
;__Lib_UART_b21.c,41 :: 		
0x005C	0x0008      	RETURN
; end of _UART1_Write
_main:
;sen.c,22 :: 		void main() {
;sen.c,23 :: 		UART1_Init(9600);
0x005D	0x3019      	MOVLW      25
0x005E	0x1683      	BSF        STATUS, 5
0x005F	0x1303      	BCF        STATUS, 6
0x0060	0x0099      	MOVWF      SPBRG
0x0061	0x1518      	BSF        TXSTA, 2
0x0062	0x2019      	CALL       _UART1_Init
;sen.c,24 :: 		CMCON = 0x07;        // Disable Comparators
0x0063	0x3007      	MOVLW      7
0x0064	0x009F      	MOVWF      CMCON
;sen.c,25 :: 		TRISA = 0b00110001; // RA4/T0CKI input, RA5 is I/P only TRISB = 0b10000000; // RB7 input, rest output
0x0065	0x3031      	MOVLW      49
0x0066	0x1683      	BSF        STATUS, 5
0x0067	0x0085      	MOVWF      TRISA
;sen.c,26 :: 		OPTION_REG = 0b00101000; // Prescaler (1:1), TOCS =1 for counter mode
0x0068	0x3028      	MOVLW      40
0x0069	0x0081      	MOVWF      OPTION_REG
;sen.c,27 :: 		pulserate = 0;
0x006A	0x1283      	BCF        STATUS, 5
0x006B	0x01A1      	CLRF       _pulserate
;sen.c,30 :: 		porta.f3=1;
0x006C	0x1585      	BSF        PORTA, 3
;sen.c,31 :: 		porta.f1=1;
0x006D	0x1485      	BSF        PORTA, 1
;sen.c,32 :: 		porta.f2=0;
0x006E	0x1105      	BCF        PORTA, 2
;sen.c,33 :: 		while(porta.f0==1){
L_main3:
0x006F	0x1C05      	BTFSS      PORTA, 0
0x0070	0x2877      	GOTO       L_main4
;sen.c,34 :: 		delay_debounce();
0x0071	0x200A      	CALL       _delay_debounce
;sen.c,35 :: 		countpulse();
0x0072	0x2029      	CALL       _countpulse
;sen.c,36 :: 		UART1_Write(pulserate);
0x0073	0x0821      	MOVF       _pulserate, 0
0x0074	0x00A4      	MOVWF      FARG_UART1_Write_data_
0x0075	0x2053      	CALL       _UART1_Write
;sen.c,37 :: 		}
0x0076	0x286F      	GOTO       L_main3
L_main4:
;sen.c,38 :: 		if(porta.f0==0)
0x0077	0x1805      	BTFSC      PORTA, 0
0x0078	0x287E      	GOTO       L_main5
;sen.c,40 :: 		uart1_write(150);
0x0079	0x3096      	MOVLW      150
0x007A	0x00A4      	MOVWF      FARG_UART1_Write_data_
0x007B	0x2053      	CALL       _UART1_Write
;sen.c,41 :: 		porta.f1=0;
0x007C	0x1085      	BCF        PORTA, 1
;sen.c,42 :: 		porta.f2=1;
0x007D	0x1505      	BSF        PORTA, 2
;sen.c,43 :: 		}
L_main5:
;sen.c,47 :: 		}
0x007E	0x287E      	GOTO       $+0
; end of _main
Symbol List:
//** Routines locations **
//ADDRESS    SIZE    PROCEDURE
//----------------------------------------------
0x0003       [7]    _____DoICP
0x000A      [15]    _delay_debounce
0x0019      [16]    _UART1_Init
0x0029      [30]    _countpulse
0x0047      [12]    ___CC2DW
0x0053      [10]    _UART1_Write
0x005D      [34]    _main
//** Variables locations ** 
//ADDRESS    SIZE    VARIABLE
//----------------------------------------------
0x0000       [1]    INDF
0x0001       [1]    TMR0
0x0002       [1]    PCL
0x0003       [0]    NOT_PD_bit
0x0003       [0]    RP0_bit
0x0003       [0]    NOT_TO_bit
0x0003       [1]    STATUS
0x0003       [0]    RP1_bit
0x0003       [0]    C_bit
0x0003       [0]    IRP_bit
0x0003       [0]    Z_bit
0x0003       [0]    DC_bit
0x0004       [1]    FSR
0x0004       [1]    FSRPTR
0x0005       [0]    IR_Tx
0x0005       [0]    RA0_bit
0x0005       [0]    RA1_bit
0x0005       [0]    RA2_bit
0x0005       [0]    DD2_Set
0x0005       [0]    DD1_Set
0x0005       [0]    RA7_bit
0x0005       [1]    PORTA
0x0005       [0]    RA6_bit
0x0005       [0]    RA3_bit
0x0005       [0]    DD0_Set
0x0005       [0]    RA5_bit
0x0005       [0]    RA4_bit
0x0006       [0]    RB3_bit
0x0006       [0]    RB2_bit
0x0006       [0]    RB6_bit
0x0006       [0]    RB5_bit
0x0006       [0]    RB4_bit
0x0006       [1]    PORTB
0x0006       [0]    RB1_bit
0x0006       [0]    start
0x0006       [0]    RB7_bit
0x0006       [0]    RB0_bit
0x000A       [1]    PCLATH
0x000B       [1]    INTCON
0x000B       [0]    INTE_bit
0x000B       [0]    RBIE_bit
0x000B       [0]    T0IE_bit
0x000B       [0]    GIE_bit
0x000B       [0]    PEIE_bit
0x000B       [0]    T0IF_bit
0x000B       [0]    INTF_bit
0x000B       [0]    RBIF_bit
0x000C       [1]    PIR1
0x000C       [0]    EEIF_bit
0x000C       [0]    CMIF_bit
0x000C       [0]    RCIF_bit
0x000C       [0]    TXIF_bit
0x000C       [0]    CCP1IF_bit
0x000C       [0]    TMR1IF_bit
0x000C       [0]    TMR2IF_bit
0x000E       [1]    TMR1L
0x000F       [1]    TMR1H
0x0010       [0]    TMR1CS_bit
0x0010       [0]    TMR1ON_bit
0x0010       [0]    NOT_T1SYNC_bit
0x0010       [0]    T1CKPS1_bit
0x0010       [1]    T1CON
0x0010       [0]    T1OSCEN_bit
0x0010       [0]    T1CKPS0_bit
0x0011       [1]    TMR2
0x0012       [0]    TOUTPS2_bit
0x0012       [0]    TOUTPS3_bit
0x0012       [0]    T2CKPS0_bit
0x0012       [1]    T2CON
0x0012       [0]    TOUTPS1_bit
0x0012       [0]    TMR2ON_bit
0x0012       [0]    T2CKPS1_bit
0x0012       [0]    TOUTPS0_bit
0x0015       [1]    CCPR1L
0x0015       [2]    CCPR1
0x0016       [1]    CCPR1H
0x0017       [0]    CCP1M2_bit
0x0017       [0]    CCP1Y_bit
0x0017       [0]    CCP1M3_bit
0x0017       [0]    CCP1M0_bit
0x0017       [1]    CCP1CON
0x0017       [0]    CCP1M1_bit
0x0017       [0]    CCP1X_bit
0x0018       [0]    SREN_bit
0x0018       [0]    SPEN_bit
0x0018       [0]    RX9_bit
0x0018       [0]    CREN_bit
0x0018       [0]    FERR_bit
0x0018       [0]    RX9D_bit
0x0018       [0]    OERR_bit
0x0018       [0]    ADEN_bit
0x0018       [1]    RCSTA
0x0019       [1]    TXREG
0x001A       [1]    RCREG
0x001F       [0]    C2OUT_bit
0x001F       [1]    CMCON
0x001F       [0]    CM0_bit
0x001F       [0]    CM2_bit
0x001F       [0]    C1INV_bit
0x001F       [0]    CIS_bit
0x001F       [0]    CM1_bit
0x001F       [0]    C1OUT_bit
0x001F       [0]    C2INV_bit
0x0020       [1]    _pulsecount
0x0021       [1]    _pulserate
0x0022       [2]    ___DoICPAddr
0x0024       [1]    FARG_UART1_Write_data_
0x0070       [1]    R0
0x0071       [1]    R1
0x0072       [1]    R2
0x0073       [1]    R3
0x0074       [1]    R4
0x0075       [1]    R5
0x0076       [1]    R6
0x0077       [1]    R7
0x0078       [1]    R8
0x0079       [1]    R9
0x007A       [1]    R10
0x007B       [1]    R11
0x007C       [1]    R12
0x007D       [1]    R13
0x007E       [1]    R14
0x007F       [1]    R15
0x0081       [0]    T0SE_bit
0x0081       [0]    PSA_bit
0x0081       [1]    OPTION_REG
0x0081       [0]    T0CS_bit
0x0081       [0]    PS1_bit
0x0081       [0]    NOT_RBPU_bit
0x0081       [0]    PS2_bit
0x0081       [0]    PS0_bit
0x0081       [0]    INTEDG_bit
0x0085       [0]    TRISA5_bit
0x0085       [0]    TRISA1_bit
0x0085       [0]    TRISA6_bit
0x0085       [0]    TRISA0_bit
0x0085       [1]    TRISA
0x0085       [0]    TRISA7_bit
0x0085       [0]    TRISA2_bit
0x0085       [0]    TRISA4_bit
0x0085       [0]    TRISA3_bit
0x0086       [0]    TRISB0_bit
0x0086       [0]    TRISB7_bit
0x0086       [0]    TRISB1_bit
0x0086       [0]    TRISB4_bit
0x0086       [0]    TRISB5_bit
0x0086       [1]    TRISB
0x0086       [0]    TRISB3_bit
0x0086       [0]    TRISB6_bit
0x0086       [0]    TRISB2_bit
0x008C       [1]    PIE1
0x008C       [0]    RCIE_bit
0x008C       [0]    TMR1IE_bit
0x008C       [0]    TMR2IE_bit
0x008C       [0]    CMIE_bit
0x008C       [0]    EEIE_bit
0x008C       [0]    CCP1IE_bit
0x008C       [0]    TXIE_bit
0x008E       [0]    NOT_BOR_bit
0x008E       [0]    NOT_BO_bit
0x008E       [1]    PCON
0x008E       [0]    OSCF_bit
0x008E       [0]    NOT_POR_bit
0x008E       [0]    NOT_BOD_bit
0x0092       [1]    PR2
0x0098       [1]    TXSTA
0x0098       [0]    CSRC_bit
0x0098       [0]    BRGH_bit
0x0098       [0]    TXEN_bit
0x0098       [0]    SYNC_bit
0x0098       [0]    TX9_bit
0x0098       [0]    TX9D_bit
0x0098       [0]    TRMT_bit
0x0099       [1]    SPBRG
0x009A       [1]    EEDATA
0x009B       [1]    EEADR
0x009C       [0]    WRERR_bit
0x009C       [0]    RD_bit
0x009C       [0]    WREN_bit
0x009C       [0]    WR_bit
0x009C       [1]    EECON1
0x009D       [1]    EECON2
0x009F       [0]    VR0_bit
0x009F       [0]    VR3_bit
0x009F       [0]    VREN_bit
0x009F       [0]    VRR_bit
0x009F       [0]    VROE_bit
0x009F       [0]    VR1_bit
0x009F       [1]    VRCON
0x009F       [0]    VR2_bit
//** Label List: ** 
//----------------------------------------------
  L_delay_debounce0
  L_delay_refresh1
  L_countpulse2
  L_main3
  L_main4
  L_main5
  _delay_debounce
  _delay_refresh
  _countpulse
  _main
  _CC2D_Loop1
  _____DoICP
  _____DoIFC
  ___CC2DW
  _Swap
  L_UART1_Init0
  L_UART1_Init1
  L_UART1_Read2
  L_UART1_Write3
  L_UART1_Write4
  L_UART1_Write_Text5
  L_UART1_Write_Text6
  L_UART1_Read_Text7
  L_UART1_Read_Text8
  L_UART1_Read_Text9
  L_UART1_Read_Text10
  L_UART1_Read_Text11
  L_UART1_Read_Text12
  L_UART1_Read_Text13
  L_UART1_Read_Text14
  L_UART1_Read_Text15
  _UART1_Init
  _UART1_Data_Ready
  _UART1_Read
  _UART1_Tx_Idle
  _UART1_Write
  _UART1_Write_Text
  _UART1_Read_Text
