;  LST file generated by mikroListExporter - v.2.0 
; Date/Time: 7/15/2012 1:38:22 AM
;----------------------------------------------

;Address Opcode 	ASM
0x0000	0x29FF      	GOTO       511
_interrupt:
0x0004	0x00FF      	MOVWF      R15
0x0005	0x0E03      	SWAPF      STATUS, 0
0x0006	0x0183      	CLRF       STATUS
0x0007	0x00EC      	MOVWF      ___saveSTATUS
0x0008	0x080A      	MOVF       PCLATH, 0
0x0009	0x00EB      	MOVWF      ___savePCLATH
0x000A	0x018A      	CLRF       PCLATH
0x000B	0x0870      	MOVF       R0, 0
0x000C	0x00A0      	MOVWF      32
0x000D	0x0804      	MOVF       FSR, 0
0x000E	0x00A1      	MOVWF      33
;2.c,28 :: 		interrupt()
;2.c,30 :: 		rr = UART1_Read();
0x000F	0x21D3      	CALL       _UART1_Read
0x0010	0x0870      	MOVF       R0, 0
0x0011	0x00D5      	MOVWF      _rr
;2.c,31 :: 		switch(rr)
0x0012	0x2831      	GOTO       L_interrupt0
;2.c,33 :: 		case '$':
L_interrupt2:
;2.c,35 :: 		v=1;
0x0013	0x3001      	MOVLW      1
0x0014	0x00E3      	MOVWF      _v
;2.c,36 :: 		i=0;
0x0015	0x01C9      	CLRF       _i
0x0016	0x01CA      	CLRF       _i+1
;2.c,37 :: 		break;
0x0017	0x2845      	GOTO       L_interrupt1
;2.c,40 :: 		case 'G':
L_interrupt3:
;2.c,42 :: 		if(v<6)
0x0018	0x3006      	MOVLW      6
0x0019	0x0263      	SUBWF      _v, 0
0x001A	0x1803      	BTFSC      STATUS, 0
0x001B	0x281E      	GOTO       L_interrupt4
;2.c,44 :: 		v++;
0x001C	0x0AE3      	INCF       _v, 1
;2.c,45 :: 		break;
0x001D	0x2845      	GOTO       L_interrupt1
;2.c,46 :: 		}
L_interrupt4:
;2.c,48 :: 		case 'P':
L_interrupt5:
;2.c,50 :: 		if(v==2)
0x001E	0x0863      	MOVF       _v, 0
0x001F	0x3A02      	XORLW      2
0x0020	0x1D03      	BTFSS      STATUS, 2
0x0021	0x2824      	GOTO       L_interrupt6
;2.c,51 :: 		v=3;
0x0022	0x3003      	MOVLW      3
0x0023	0x00E3      	MOVWF      _v
L_interrupt6:
;2.c,52 :: 		break;
0x0024	0x2845      	GOTO       L_interrupt1
;2.c,55 :: 		case 'A':
L_interrupt7:
;2.c,57 :: 		if(v==5)
0x0025	0x0863      	MOVF       _v, 0
0x0026	0x3A05      	XORLW      5
0x0027	0x1D03      	BTFSS      STATUS, 2
0x0028	0x282B      	GOTO       L_interrupt8
;2.c,58 :: 		v=6;
0x0029	0x3006      	MOVLW      6
0x002A	0x00E3      	MOVWF      _v
L_interrupt8:
;2.c,59 :: 		break;
0x002B	0x2845      	GOTO       L_interrupt1
;2.c,61 :: 		case 150:
L_interrupt9:
;2.c,63 :: 		mode=1;
0x002C	0x3001      	MOVLW      1
0x002D	0x00A2      	MOVWF      _mode
0x002E	0x3000      	MOVLW      0
0x002F	0x00A3      	MOVWF      _mode+1
;2.c,64 :: 		break;
0x0030	0x2845      	GOTO       L_interrupt1
;2.c,66 :: 		}
L_interrupt0:
0x0031	0x0855      	MOVF       _rr, 0
0x0032	0x3A24      	XORLW      36
0x0033	0x1903      	BTFSC      STATUS, 2
0x0034	0x2813      	GOTO       L_interrupt2
0x0035	0x0855      	MOVF       _rr, 0
0x0036	0x3A47      	XORLW      71
0x0037	0x1903      	BTFSC      STATUS, 2
0x0038	0x2818      	GOTO       L_interrupt3
0x0039	0x0855      	MOVF       _rr, 0
0x003A	0x3A50      	XORLW      80
0x003B	0x1903      	BTFSC      STATUS, 2
0x003C	0x281E      	GOTO       L_interrupt5
0x003D	0x0855      	MOVF       _rr, 0
0x003E	0x3A41      	XORLW      65
0x003F	0x1903      	BTFSC      STATUS, 2
0x0040	0x2825      	GOTO       L_interrupt7
0x0041	0x0855      	MOVF       _rr, 0
0x0042	0x3A96      	XORLW      150
0x0043	0x1903      	BTFSC      STATUS, 2
0x0044	0x282C      	GOTO       L_interrupt9
L_interrupt1:
;2.c,67 :: 		if (v==6){
0x0045	0x0863      	MOVF       _v, 0
0x0046	0x3A06      	XORLW      6
0x0047	0x1D03      	BTFSS      STATUS, 2
0x0048	0x2851      	GOTO       L_interrupt10
;2.c,68 :: 		i++;
0x0049	0x0AC9      	INCF       _i, 1
0x004A	0x1903      	BTFSC      STATUS, 2
0x004B	0x0ACA      	INCF       _i+1, 1
;2.c,69 :: 		rec[i] = rr;
0x004C	0x0849      	MOVF       _i, 0
0x004D	0x3EA0      	ADDLW      _rec
0x004E	0x0084      	MOVWF      FSR
0x004F	0x0855      	MOVF       _rr, 0
0x0050	0x0080      	MOVWF      INDF
;2.c,70 :: 		}
L_interrupt10:
;2.c,72 :: 		}
L__interrupt41:
0x0051	0x0820      	MOVF       32, 0
0x0052	0x00F0      	MOVWF      R0
0x0053	0x0821      	MOVF       33, 0
0x0054	0x0084      	MOVWF      FSR
0x0055	0x086B      	MOVF       ___savePCLATH, 0
0x0056	0x008A      	MOVWF      PCLATH
0x0057	0x0E6C      	SWAPF      ___saveSTATUS, 0
0x0058	0x0083      	MOVWF      STATUS
0x0059	0x0EFF      	SWAPF      R15, 1
0x005A	0x0E7F      	SWAPF      R15, 0
0x005B	0x0009      	RETFIE
; end of _interrupt
_Delay_5500us:
;__Lib_Delays.c,31 :: 		void Delay_5500us() {
;__Lib_Delays.c,32 :: 		Delay_us(5500);
0x005C	0x3008      	MOVLW      8
0x005D	0x1283      	BCF        STATUS, 5
0x005E	0x1303      	BCF        STATUS, 6
0x005F	0x00FC      	MOVWF      R12
0x0060	0x3023      	MOVLW      35
0x0061	0x00FD      	MOVWF      R13
L_Delay_5500us5:
0x0062	0x0BFD      	DECFSZ     R13, 1
0x0063	0x2862      	GOTO       L_Delay_5500us5
0x0064	0x0BFC      	DECFSZ     R12, 1
0x0065	0x2862      	GOTO       L_Delay_5500us5
;__Lib_Delays.c,33 :: 		}
0x0066	0x0008      	RETURN
; end of _Delay_5500us
_Delay_1us:
;__Lib_Delays.c,7 :: 		void Delay_1us() {
;__Lib_Delays.c,8 :: 		Delay_us(1);
0x0067	0x0000      	NOP
;__Lib_Delays.c,9 :: 		}
0x0068	0x0008      	RETURN
; end of _Delay_1us
_Delay_50us:
;__Lib_Delays.c,19 :: 		void Delay_50us() {
;__Lib_Delays.c,20 :: 		Delay_us(50);
0x0069	0x3010      	MOVLW      16
0x006A	0x1283      	BCF        STATUS, 5
0x006B	0x1303      	BCF        STATUS, 6
0x006C	0x00FD      	MOVWF      R13
L_Delay_50us2:
0x006D	0x0BFD      	DECFSZ     R13, 1
0x006E	0x286D      	GOTO       L_Delay_50us2
0x006F	0x0000      	NOP
;__Lib_Delays.c,21 :: 		}
0x0070	0x0008      	RETURN
; end of _Delay_50us
_Lcd_Cmd:
;__Lib_Lcd.c,18 :: 		
;__Lib_Lcd.c,20 :: 		
0x0071	0x1283      	BCF        STATUS, 5
0x0072	0x1703      	BSF        STATUS, 6
0x0073	0x1B94      	BTFSC      FARG_Lcd_Cmd_out_char, 7
0x0074	0x2877      	GOTO       L__Lcd_Cmd20
0x0075	0x1186      	BCF        LCD_D7, BitPos(LCD_D7+0)
0x0076	0x2878      	GOTO       L__Lcd_Cmd21
L__Lcd_Cmd20:
0x0077	0x1586      	BSF        LCD_D7, BitPos(LCD_D7+0)
L__Lcd_Cmd21:
;__Lib_Lcd.c,21 :: 		
0x0078	0x1B14      	BTFSC      FARG_Lcd_Cmd_out_char, 6
0x0079	0x287C      	GOTO       L__Lcd_Cmd22
0x007A	0x1106      	BCF        LCD_D6, BitPos(LCD_D6+0)
0x007B	0x287D      	GOTO       L__Lcd_Cmd23
L__Lcd_Cmd22:
0x007C	0x1506      	BSF        LCD_D6, BitPos(LCD_D6+0)
L__Lcd_Cmd23:
;__Lib_Lcd.c,22 :: 		
0x007D	0x1A94      	BTFSC      FARG_Lcd_Cmd_out_char, 5
0x007E	0x2881      	GOTO       L__Lcd_Cmd24
0x007F	0x1086      	BCF        LCD_D5, BitPos(LCD_D5+0)
0x0080	0x2882      	GOTO       L__Lcd_Cmd25
L__Lcd_Cmd24:
0x0081	0x1486      	BSF        LCD_D5, BitPos(LCD_D5+0)
L__Lcd_Cmd25:
;__Lib_Lcd.c,23 :: 		
0x0082	0x1A14      	BTFSC      FARG_Lcd_Cmd_out_char, 4
0x0083	0x2886      	GOTO       L__Lcd_Cmd26
0x0084	0x1006      	BCF        LCD_D4, BitPos(LCD_D4+0)
0x0085	0x2887      	GOTO       L__Lcd_Cmd27
L__Lcd_Cmd26:
0x0086	0x1406      	BSF        LCD_D4, BitPos(LCD_D4+0)
L__Lcd_Cmd27:
;__Lib_Lcd.c,25 :: 		
0x0087	0x1303      	BCF        STATUS, 6
0x0088	0x1869      	BTFSC      __Lib_Lcd_cmd_status, BitPos(__Lib_Lcd_cmd_status+0)
0x0089	0x288C      	GOTO       L__Lcd_Cmd28
0x008A	0x1606      	BSF        LCD_RS, BitPos(LCD_RS+0)
0x008B	0x288D      	GOTO       L__Lcd_Cmd29
L__Lcd_Cmd28:
0x008C	0x1206      	BCF        LCD_RS, BitPos(LCD_RS+0)
L__Lcd_Cmd29:
;__Lib_Lcd.c,28 :: 		
0x008D	0x1686      	BSF        LCD_EN, BitPos(LCD_EN+0)
;__Lib_Lcd.c,29 :: 		
0x008E	0x2067      	CALL       _Delay_1us
;__Lib_Lcd.c,30 :: 		
0x008F	0x1286      	BCF        LCD_EN, BitPos(LCD_EN+0)
;__Lib_Lcd.c,33 :: 		
0x0090	0x1703      	BSF        STATUS, 6
0x0091	0x1994      	BTFSC      FARG_Lcd_Cmd_out_char, 3
0x0092	0x2895      	GOTO       L__Lcd_Cmd30
0x0093	0x1186      	BCF        LCD_D7, BitPos(LCD_D7+0)
0x0094	0x2896      	GOTO       L__Lcd_Cmd31
L__Lcd_Cmd30:
0x0095	0x1586      	BSF        LCD_D7, BitPos(LCD_D7+0)
L__Lcd_Cmd31:
;__Lib_Lcd.c,34 :: 		
0x0096	0x1914      	BTFSC      FARG_Lcd_Cmd_out_char, 2
0x0097	0x289A      	GOTO       L__Lcd_Cmd32
0x0098	0x1106      	BCF        LCD_D6, BitPos(LCD_D6+0)
0x0099	0x289B      	GOTO       L__Lcd_Cmd33
L__Lcd_Cmd32:
0x009A	0x1506      	BSF        LCD_D6, BitPos(LCD_D6+0)
L__Lcd_Cmd33:
;__Lib_Lcd.c,35 :: 		
0x009B	0x1894      	BTFSC      FARG_Lcd_Cmd_out_char, 1
0x009C	0x289F      	GOTO       L__Lcd_Cmd34
0x009D	0x1086      	BCF        LCD_D5, BitPos(LCD_D5+0)
0x009E	0x28A0      	GOTO       L__Lcd_Cmd35
L__Lcd_Cmd34:
0x009F	0x1486      	BSF        LCD_D5, BitPos(LCD_D5+0)
L__Lcd_Cmd35:
;__Lib_Lcd.c,36 :: 		
0x00A0	0x1814      	BTFSC      FARG_Lcd_Cmd_out_char, 0
0x00A1	0x28A4      	GOTO       L__Lcd_Cmd36
0x00A2	0x1006      	BCF        LCD_D4, BitPos(LCD_D4+0)
0x00A3	0x28A5      	GOTO       L__Lcd_Cmd37
L__Lcd_Cmd36:
0x00A4	0x1406      	BSF        LCD_D4, BitPos(LCD_D4+0)
L__Lcd_Cmd37:
;__Lib_Lcd.c,38 :: 		
0x00A5	0x1303      	BCF        STATUS, 6
0x00A6	0x1869      	BTFSC      __Lib_Lcd_cmd_status, BitPos(__Lib_Lcd_cmd_status+0)
0x00A7	0x28AA      	GOTO       L__Lcd_Cmd38
0x00A8	0x1606      	BSF        LCD_RS, BitPos(LCD_RS+0)
0x00A9	0x28AB      	GOTO       L__Lcd_Cmd39
L__Lcd_Cmd38:
0x00AA	0x1206      	BCF        LCD_RS, BitPos(LCD_RS+0)
L__Lcd_Cmd39:
;__Lib_Lcd.c,40 :: 		
0x00AB	0x1686      	BSF        LCD_EN, BitPos(LCD_EN+0)
;__Lib_Lcd.c,41 :: 		
0x00AC	0x2067      	CALL       _Delay_1us
;__Lib_Lcd.c,42 :: 		
0x00AD	0x1286      	BCF        LCD_EN, BitPos(LCD_EN+0)
;__Lib_Lcd.c,44 :: 		
0x00AE	0x1C69      	BTFSS      __Lib_Lcd_cmd_status, BitPos(__Lib_Lcd_cmd_status+0)
0x00AF	0x28B2      	GOTO       L_Lcd_Cmd0
;__Lib_Lcd.c,45 :: 		
0x00B0	0x205C      	CALL       _Delay_5500us
0x00B1	0x28B3      	GOTO       L_Lcd_Cmd1
L_Lcd_Cmd0:
;__Lib_Lcd.c,47 :: 		
0x00B2	0x2069      	CALL       _Delay_50us
L_Lcd_Cmd1:
;__Lib_Lcd.c,48 :: 		
0x00B3	0x0008      	RETURN
; end of _Lcd_Cmd
_UART1_Write:
;__Lib_UART_c67.c,39 :: 		
;__Lib_UART_c67.c,40 :: 		
L_UART1_Write3:
0x00B4	0x1683      	BSF        STATUS, 5
0x00B5	0x1303      	BCF        STATUS, 6
0x00B6	0x1898      	BTFSC      TXSTA, 1
0x00B7	0x28BA      	GOTO       L_UART1_Write4
;__Lib_UART_c67.c,41 :: 		
0x00B8	0x0000      	NOP
0x00B9	0x28B4      	GOTO       L_UART1_Write3
L_UART1_Write4:
;__Lib_UART_c67.c,42 :: 		
0x00BA	0x1283      	BCF        STATUS, 5
0x00BB	0x1703      	BSF        STATUS, 6
0x00BC	0x0813      	MOVF       FARG_UART1_Write_data_, 0
0x00BD	0x1303      	BCF        STATUS, 6
0x00BE	0x0099      	MOVWF      TXREG
;__Lib_UART_c67.c,43 :: 		
0x00BF	0x0008      	RETURN
; end of _UART1_Write
_____DoICP:
;__Lib_System.c,6 :: 		
;__Lib_System.c,9 :: 		
0x00C0	0x1283      	BCF        STATUS, 5
0x00C1	0x1303      	BCF        STATUS, 6
0x00C2	0x0865      	MOVF       ___DoICPAddr+1, 0
0x00C3	0x008A      	MOVWF      PCLATH
;__Lib_System.c,10 :: 		
0x00C4	0x0864      	MOVF       ___DoICPAddr, 0
0x00C5	0x0082      	MOVWF      PCL
;__Lib_System.c,12 :: 		
0x00C6	0x0008      	RETURN
; end of _____DoICP
_Lcd_Chr_CP:
;__Lib_Lcd.c,50 :: 		
;__Lib_Lcd.c,52 :: 		
0x00C7	0x1283      	BCF        STATUS, 5
0x00C8	0x1303      	BCF        STATUS, 6
0x00C9	0x1069      	BCF        __Lib_Lcd_cmd_status, BitPos(__Lib_Lcd_cmd_status+0)
;__Lib_Lcd.c,53 :: 		
0x00CA	0x1703      	BSF        STATUS, 6
0x00CB	0x0813      	MOVF       FARG_Lcd_Chr_CP_out_char, 0
0x00CC	0x0094      	MOVWF      FARG_Lcd_Cmd_out_char
0x00CD	0x2071      	CALL       _Lcd_Cmd
;__Lib_Lcd.c,54 :: 		
0x00CE	0x1469      	BSF        __Lib_Lcd_cmd_status, BitPos(__Lib_Lcd_cmd_status+0)
;__Lib_Lcd.c,55 :: 		
0x00CF	0x0008      	RETURN
; end of _Lcd_Chr_CP
_Lcd_Chr:
;__Lib_Lcd.c,65 :: 		
;__Lib_Lcd.c,66 :: 		
0x00D0	0x28E2      	GOTO       L_Lcd_Chr4
;__Lib_Lcd.c,67 :: 		
L_Lcd_Chr6:
0x00D1	0x3080      	MOVLW      128
0x00D2	0x1283      	BCF        STATUS, 5
0x00D3	0x1703      	BSF        STATUS, 6
0x00D4	0x0090      	MOVWF      FARG_Lcd_Chr_row
0x00D5	0x28F5      	GOTO       L_Lcd_Chr5
;__Lib_Lcd.c,68 :: 		
L_Lcd_Chr7:
0x00D6	0x30C0      	MOVLW      192
0x00D7	0x0090      	MOVWF      FARG_Lcd_Chr_row
0x00D8	0x28F5      	GOTO       L_Lcd_Chr5
;__Lib_Lcd.c,69 :: 		
L_Lcd_Chr8:
0x00D9	0x3094      	MOVLW      148
0x00DA	0x0090      	MOVWF      FARG_Lcd_Chr_row
0x00DB	0x28F5      	GOTO       L_Lcd_Chr5
;__Lib_Lcd.c,70 :: 		
L_Lcd_Chr9:
0x00DC	0x30D4      	MOVLW      212
0x00DD	0x0090      	MOVWF      FARG_Lcd_Chr_row
0x00DE	0x28F5      	GOTO       L_Lcd_Chr5
;__Lib_Lcd.c,71 :: 		
L_Lcd_Chr10:
0x00DF	0x3080      	MOVLW      128
0x00E0	0x0090      	MOVWF      FARG_Lcd_Chr_row
;__Lib_Lcd.c,72 :: 		
0x00E1	0x28F5      	GOTO       L_Lcd_Chr5
L_Lcd_Chr4:
0x00E2	0x1283      	BCF        STATUS, 5
0x00E3	0x1703      	BSF        STATUS, 6
0x00E4	0x0810      	MOVF       FARG_Lcd_Chr_row, 0
0x00E5	0x3A01      	XORLW      1
0x00E6	0x1903      	BTFSC      STATUS, 2
0x00E7	0x28D1      	GOTO       L_Lcd_Chr6
0x00E8	0x0810      	MOVF       FARG_Lcd_Chr_row, 0
0x00E9	0x3A02      	XORLW      2
0x00EA	0x1903      	BTFSC      STATUS, 2
0x00EB	0x28D6      	GOTO       L_Lcd_Chr7
0x00EC	0x0810      	MOVF       FARG_Lcd_Chr_row, 0
0x00ED	0x3A03      	XORLW      3
0x00EE	0x1903      	BTFSC      STATUS, 2
0x00EF	0x28D9      	GOTO       L_Lcd_Chr8
0x00F0	0x0810      	MOVF       FARG_Lcd_Chr_row, 0
0x00F1	0x3A04      	XORLW      4
0x00F2	0x1903      	BTFSC      STATUS, 2
0x00F3	0x28DC      	GOTO       L_Lcd_Chr9
0x00F4	0x28DF      	GOTO       L_Lcd_Chr10
L_Lcd_Chr5:
;__Lib_Lcd.c,74 :: 		
0x00F5	0x0311      	DECF       FARG_Lcd_Chr_column, 0
0x00F6	0x00F0      	MOVWF      R0
0x00F7	0x0810      	MOVF       FARG_Lcd_Chr_row, 0
0x00F8	0x07F0      	ADDWF      R0, 1
0x00F9	0x0870      	MOVF       R0, 0
0x00FA	0x0090      	MOVWF      FARG_Lcd_Chr_row
;__Lib_Lcd.c,76 :: 		
0x00FB	0x1303      	BCF        STATUS, 6
0x00FC	0x1469      	BSF        __Lib_Lcd_cmd_status, BitPos(__Lib_Lcd_cmd_status+0)
;__Lib_Lcd.c,77 :: 		
0x00FD	0x0870      	MOVF       R0, 0
0x00FE	0x1703      	BSF        STATUS, 6
0x00FF	0x0094      	MOVWF      FARG_Lcd_Cmd_out_char
0x0100	0x2071      	CALL       _Lcd_Cmd
;__Lib_Lcd.c,79 :: 		
0x0101	0x1069      	BCF        __Lib_Lcd_cmd_status, BitPos(__Lib_Lcd_cmd_status+0)
;__Lib_Lcd.c,80 :: 		
0x0102	0x1703      	BSF        STATUS, 6
0x0103	0x0812      	MOVF       FARG_Lcd_Chr_out_char, 0
0x0104	0x0094      	MOVWF      FARG_Lcd_Cmd_out_char
0x0105	0x2071      	CALL       _Lcd_Cmd
;__Lib_Lcd.c,81 :: 		
0x0106	0x1469      	BSF        __Lib_Lcd_cmd_status, BitPos(__Lib_Lcd_cmd_status+0)
;__Lib_Lcd.c,82 :: 		
0x0107	0x0008      	RETURN
; end of _Lcd_Chr
_Lcd_Init:
;__Lib_Lcd.c,84 :: 		
;__Lib_Lcd.c,86 :: 		
0x0108	0x1683      	BSF        STATUS, 5
0x0109	0x1303      	BCF        STATUS, 6
0x010A	0x1286      	BCF        LCD_EN_Direction, BitPos(LCD_EN_Direction+0)
;__Lib_Lcd.c,87 :: 		
0x010B	0x1206      	BCF        LCD_RS_Direction, BitPos(LCD_RS_Direction+0)
;__Lib_Lcd.c,88 :: 		
0x010C	0x1006      	BCF        LCD_D4_Direction, BitPos(LCD_D4_Direction+0)
;__Lib_Lcd.c,89 :: 		
0x010D	0x1086      	BCF        LCD_D5_Direction, BitPos(LCD_D5_Direction+0)
;__Lib_Lcd.c,90 :: 		
0x010E	0x1106      	BCF        LCD_D6_Direction, BitPos(LCD_D6_Direction+0)
;__Lib_Lcd.c,91 :: 		
0x010F	0x1186      	BCF        LCD_D7_Direction, BitPos(LCD_D7_Direction+0)
;__Lib_Lcd.c,93 :: 		
0x0110	0x1283      	BCF        STATUS, 5
0x0111	0x1286      	BCF        LCD_EN, BitPos(LCD_EN+0)
;__Lib_Lcd.c,94 :: 		
0x0112	0x1206      	BCF        LCD_RS, BitPos(LCD_RS+0)
;__Lib_Lcd.c,95 :: 		
0x0113	0x1186      	BCF        LCD_D7, BitPos(LCD_D7+0)
;__Lib_Lcd.c,96 :: 		
0x0114	0x1106      	BCF        LCD_D6, BitPos(LCD_D6+0)
;__Lib_Lcd.c,97 :: 		
0x0115	0x1086      	BCF        LCD_D5, BitPos(LCD_D5+0)
;__Lib_Lcd.c,98 :: 		
0x0116	0x1006      	BCF        LCD_D4, BitPos(LCD_D4+0)
;__Lib_Lcd.c,100 :: 		
0x0117	0x205C      	CALL       _Delay_5500us
;__Lib_Lcd.c,101 :: 		
0x0118	0x205C      	CALL       _Delay_5500us
;__Lib_Lcd.c,102 :: 		
0x0119	0x205C      	CALL       _Delay_5500us
;__Lib_Lcd.c,105 :: 		
0x011A	0x1486      	BSF        LCD_D5, BitPos(LCD_D5+0)
;__Lib_Lcd.c,106 :: 		
0x011B	0x1406      	BSF        LCD_D4, BitPos(LCD_D4+0)
;__Lib_Lcd.c,107 :: 		
0x011C	0x1686      	BSF        LCD_EN, BitPos(LCD_EN+0)
;__Lib_Lcd.c,108 :: 		
0x011D	0x2067      	CALL       _Delay_1us
;__Lib_Lcd.c,109 :: 		
0x011E	0x1286      	BCF        LCD_EN, BitPos(LCD_EN+0)
;__Lib_Lcd.c,110 :: 		
0x011F	0x205C      	CALL       _Delay_5500us
;__Lib_Lcd.c,112 :: 		
0x0120	0x1686      	BSF        LCD_EN, BitPos(LCD_EN+0)
;__Lib_Lcd.c,113 :: 		
0x0121	0x2067      	CALL       _Delay_1us
;__Lib_Lcd.c,114 :: 		
0x0122	0x1286      	BCF        LCD_EN, BitPos(LCD_EN+0)
;__Lib_Lcd.c,115 :: 		
0x0123	0x205C      	CALL       _Delay_5500us
;__Lib_Lcd.c,117 :: 		
0x0124	0x1686      	BSF        LCD_EN, BitPos(LCD_EN+0)
;__Lib_Lcd.c,118 :: 		
0x0125	0x2067      	CALL       _Delay_1us
;__Lib_Lcd.c,119 :: 		
0x0126	0x1286      	BCF        LCD_EN, BitPos(LCD_EN+0)
;__Lib_Lcd.c,120 :: 		
0x0127	0x205C      	CALL       _Delay_5500us
;__Lib_Lcd.c,123 :: 		
0x0128	0x1006      	BCF        LCD_D4, BitPos(LCD_D4+0)
;__Lib_Lcd.c,124 :: 		
0x0129	0x1686      	BSF        LCD_EN, BitPos(LCD_EN+0)
;__Lib_Lcd.c,125 :: 		
0x012A	0x2067      	CALL       _Delay_1us
;__Lib_Lcd.c,126 :: 		
0x012B	0x1286      	BCF        LCD_EN, BitPos(LCD_EN+0)
;__Lib_Lcd.c,127 :: 		
0x012C	0x205C      	CALL       _Delay_5500us
;__Lib_Lcd.c,130 :: 		
0x012D	0x1686      	BSF        LCD_EN, BitPos(LCD_EN+0)
;__Lib_Lcd.c,131 :: 		
0x012E	0x2067      	CALL       _Delay_1us
;__Lib_Lcd.c,132 :: 		
0x012F	0x1286      	BCF        LCD_EN, BitPos(LCD_EN+0)
;__Lib_Lcd.c,134 :: 		
0x0130	0x1086      	BCF        LCD_D5, BitPos(LCD_D5+0)
;__Lib_Lcd.c,135 :: 		
0x0131	0x1586      	BSF        LCD_D7, BitPos(LCD_D7+0)
;__Lib_Lcd.c,136 :: 		
0x0132	0x1686      	BSF        LCD_EN, BitPos(LCD_EN+0)
;__Lib_Lcd.c,137 :: 		
0x0133	0x2067      	CALL       _Delay_1us
;__Lib_Lcd.c,138 :: 		
0x0134	0x1286      	BCF        LCD_EN, BitPos(LCD_EN+0)
;__Lib_Lcd.c,139 :: 		
0x0135	0x205C      	CALL       _Delay_5500us
;__Lib_Lcd.c,142 :: 		
0x0136	0x1186      	BCF        LCD_D7, BitPos(LCD_D7+0)
;__Lib_Lcd.c,143 :: 		
0x0137	0x1406      	BSF        LCD_D4, BitPos(LCD_D4+0)
;__Lib_Lcd.c,144 :: 		
0x0138	0x1686      	BSF        LCD_EN, BitPos(LCD_EN+0)
;__Lib_Lcd.c,145 :: 		
0x0139	0x2067      	CALL       _Delay_1us
;__Lib_Lcd.c,146 :: 		
0x013A	0x1286      	BCF        LCD_EN, BitPos(LCD_EN+0)
;__Lib_Lcd.c,148 :: 		
0x013B	0x1006      	BCF        LCD_D4, BitPos(LCD_D4+0)
;__Lib_Lcd.c,149 :: 		
0x013C	0x1686      	BSF        LCD_EN, BitPos(LCD_EN+0)
;__Lib_Lcd.c,150 :: 		
0x013D	0x2067      	CALL       _Delay_1us
;__Lib_Lcd.c,151 :: 		
0x013E	0x1286      	BCF        LCD_EN, BitPos(LCD_EN+0)
;__Lib_Lcd.c,152 :: 		
0x013F	0x205C      	CALL       _Delay_5500us
;__Lib_Lcd.c,155 :: 		
0x0140	0x1686      	BSF        LCD_EN, BitPos(LCD_EN+0)
;__Lib_Lcd.c,156 :: 		
0x0141	0x2067      	CALL       _Delay_1us
;__Lib_Lcd.c,157 :: 		
0x0142	0x1286      	BCF        LCD_EN, BitPos(LCD_EN+0)
;__Lib_Lcd.c,159 :: 		
0x0143	0x1406      	BSF        LCD_D4, BitPos(LCD_D4+0)
;__Lib_Lcd.c,160 :: 		
0x0144	0x1686      	BSF        LCD_EN, BitPos(LCD_EN+0)
;__Lib_Lcd.c,161 :: 		
0x0145	0x2067      	CALL       _Delay_1us
;__Lib_Lcd.c,162 :: 		
0x0146	0x1286      	BCF        LCD_EN, BitPos(LCD_EN+0)
;__Lib_Lcd.c,163 :: 		
0x0147	0x205C      	CALL       _Delay_5500us
;__Lib_Lcd.c,166 :: 		
0x0148	0x1006      	BCF        LCD_D4, BitPos(LCD_D4+0)
;__Lib_Lcd.c,167 :: 		
0x0149	0x1686      	BSF        LCD_EN, BitPos(LCD_EN+0)
;__Lib_Lcd.c,168 :: 		
0x014A	0x2067      	CALL       _Delay_1us
;__Lib_Lcd.c,169 :: 		
0x014B	0x1286      	BCF        LCD_EN, BitPos(LCD_EN+0)
;__Lib_Lcd.c,171 :: 		
0x014C	0x1586      	BSF        LCD_D7, BitPos(LCD_D7+0)
;__Lib_Lcd.c,172 :: 		
0x014D	0x1506      	BSF        LCD_D6, BitPos(LCD_D6+0)
;__Lib_Lcd.c,173 :: 		
0x014E	0x1486      	BSF        LCD_D5, BitPos(LCD_D5+0)
;__Lib_Lcd.c,174 :: 		
0x014F	0x1406      	BSF        LCD_D4, BitPos(LCD_D4+0)
;__Lib_Lcd.c,175 :: 		
0x0150	0x1686      	BSF        LCD_EN, BitPos(LCD_EN+0)
;__Lib_Lcd.c,176 :: 		
0x0151	0x2067      	CALL       _Delay_1us
;__Lib_Lcd.c,177 :: 		
0x0152	0x1286      	BCF        LCD_EN, BitPos(LCD_EN+0)
;__Lib_Lcd.c,179 :: 		
0x0153	0x205C      	CALL       _Delay_5500us
;__Lib_Lcd.c,181 :: 		
0x0154	0x1469      	BSF        __Lib_Lcd_cmd_status, BitPos(__Lib_Lcd_cmd_status+0)
;__Lib_Lcd.c,182 :: 		
0x0155	0x0008      	RETURN
; end of _Lcd_Init
_Lcd_Out:
;__Lib_Lcd.c,184 :: 		
;__Lib_Lcd.c,187 :: 		
0x0156	0x2968      	GOTO       L_Lcd_Out11
;__Lib_Lcd.c,188 :: 		
L_Lcd_Out13:
0x0157	0x3080      	MOVLW      128
0x0158	0x1283      	BCF        STATUS, 5
0x0159	0x1703      	BSF        STATUS, 6
0x015A	0x0090      	MOVWF      FARG_Lcd_Out_row
0x015B	0x297B      	GOTO       L_Lcd_Out12
;__Lib_Lcd.c,189 :: 		
L_Lcd_Out14:
0x015C	0x30C0      	MOVLW      192
0x015D	0x0090      	MOVWF      FARG_Lcd_Out_row
0x015E	0x297B      	GOTO       L_Lcd_Out12
;__Lib_Lcd.c,190 :: 		
L_Lcd_Out15:
0x015F	0x3094      	MOVLW      148
0x0160	0x0090      	MOVWF      FARG_Lcd_Out_row
0x0161	0x297B      	GOTO       L_Lcd_Out12
;__Lib_Lcd.c,191 :: 		
L_Lcd_Out16:
0x0162	0x30D4      	MOVLW      212
0x0163	0x0090      	MOVWF      FARG_Lcd_Out_row
0x0164	0x297B      	GOTO       L_Lcd_Out12
;__Lib_Lcd.c,192 :: 		
L_Lcd_Out17:
0x0165	0x3080      	MOVLW      128
0x0166	0x0090      	MOVWF      FARG_Lcd_Out_row
;__Lib_Lcd.c,193 :: 		
0x0167	0x297B      	GOTO       L_Lcd_Out12
L_Lcd_Out11:
0x0168	0x1283      	BCF        STATUS, 5
0x0169	0x1703      	BSF        STATUS, 6
0x016A	0x0810      	MOVF       FARG_Lcd_Out_row, 0
0x016B	0x3A01      	XORLW      1
0x016C	0x1903      	BTFSC      STATUS, 2
0x016D	0x2957      	GOTO       L_Lcd_Out13
0x016E	0x0810      	MOVF       FARG_Lcd_Out_row, 0
0x016F	0x3A02      	XORLW      2
0x0170	0x1903      	BTFSC      STATUS, 2
0x0171	0x295C      	GOTO       L_Lcd_Out14
0x0172	0x0810      	MOVF       FARG_Lcd_Out_row, 0
0x0173	0x3A03      	XORLW      3
0x0174	0x1903      	BTFSC      STATUS, 2
0x0175	0x295F      	GOTO       L_Lcd_Out15
0x0176	0x0810      	MOVF       FARG_Lcd_Out_row, 0
0x0177	0x3A04      	XORLW      4
0x0178	0x1903      	BTFSC      STATUS, 2
0x0179	0x2962      	GOTO       L_Lcd_Out16
0x017A	0x2965      	GOTO       L_Lcd_Out17
L_Lcd_Out12:
;__Lib_Lcd.c,194 :: 		
0x017B	0x0311      	DECF       FARG_Lcd_Out_column, 0
0x017C	0x00F0      	MOVWF      R0
0x017D	0x0810      	MOVF       FARG_Lcd_Out_row, 0
0x017E	0x07F0      	ADDWF      R0, 1
0x017F	0x0870      	MOVF       R0, 0
0x0180	0x0090      	MOVWF      FARG_Lcd_Out_row
;__Lib_Lcd.c,196 :: 		
0x0181	0x0870      	MOVF       R0, 0
0x0182	0x0094      	MOVWF      FARG_Lcd_Cmd_out_char
0x0183	0x2071      	CALL       _Lcd_Cmd
;__Lib_Lcd.c,197 :: 		
0x0184	0x1069      	BCF        __Lib_Lcd_cmd_status, BitPos(__Lib_Lcd_cmd_status+0)
;__Lib_Lcd.c,198 :: 		
0x0185	0x01EE      	CLRF       Lcd_Out_i_L0
;__Lib_Lcd.c,199 :: 		
L_Lcd_Out18:
0x0186	0x086E      	MOVF       Lcd_Out_i_L0, 0
0x0187	0x1703      	BSF        STATUS, 6
0x0188	0x0712      	ADDWF      FARG_Lcd_Out_text, 0
0x0189	0x0084      	MOVWF      FSR
0x018A	0x0800      	MOVF       INDF, 0
0x018B	0x1903      	BTFSC      STATUS, 2
0x018C	0x2997      	GOTO       L_Lcd_Out19
;__Lib_Lcd.c,200 :: 		
0x018D	0x1303      	BCF        STATUS, 6
0x018E	0x086E      	MOVF       Lcd_Out_i_L0, 0
0x018F	0x1703      	BSF        STATUS, 6
0x0190	0x0712      	ADDWF      FARG_Lcd_Out_text, 0
0x0191	0x0084      	MOVWF      FSR
0x0192	0x0800      	MOVF       INDF, 0
0x0193	0x0093      	MOVWF      FARG_Lcd_Chr_CP_out_char
0x0194	0x20C7      	CALL       _Lcd_Chr_CP
0x0195	0x0AEE      	INCF       Lcd_Out_i_L0, 1
0x0196	0x2986      	GOTO       L_Lcd_Out18
L_Lcd_Out19:
0x0197	0x1303      	BCF        STATUS, 6
;__Lib_Lcd.c,201 :: 		
0x0198	0x1469      	BSF        __Lib_Lcd_cmd_status, BitPos(__Lib_Lcd_cmd_status+0)
;__Lib_Lcd.c,202 :: 		
0x0199	0x0008      	RETURN
; end of _Lcd_Out
_UART1_Write_Text:
;__Lib_UART_c67.c,47 :: 		
;__Lib_UART_c67.c,48 :: 		
0x019A	0x1283      	BCF        STATUS, 5
0x019B	0x1703      	BSF        STATUS, 6
0x019C	0x0190      	CLRF       UART1_Write_Text_counter_L0
;__Lib_UART_c67.c,50 :: 		
0x019D	0x1303      	BCF        STATUS, 6
0x019E	0x086E      	MOVF       FARG_UART1_Write_Text_uart_text, 0
0x019F	0x0084      	MOVWF      FSR
0x01A0	0x0800      	MOVF       INDF, 0
0x01A1	0x00EF      	MOVWF      UART1_Write_Text_data__L0
;__Lib_UART_c67.c,51 :: 		
L_UART1_Write_Text5:
0x01A2	0x086F      	MOVF       UART1_Write_Text_data__L0, 0
0x01A3	0x3A00      	XORLW      0
0x01A4	0x1903      	BTFSC      STATUS, 2
0x01A5	0x29B3      	GOTO       L_UART1_Write_Text6
;__Lib_UART_c67.c,52 :: 		
0x01A6	0x086F      	MOVF       UART1_Write_Text_data__L0, 0
0x01A7	0x1703      	BSF        STATUS, 6
0x01A8	0x0093      	MOVWF      FARG_UART1_Write_data_
0x01A9	0x20B4      	CALL       _UART1_Write
;__Lib_UART_c67.c,53 :: 		
0x01AA	0x1703      	BSF        STATUS, 6
0x01AB	0x0A90      	INCF       UART1_Write_Text_counter_L0, 1
;__Lib_UART_c67.c,54 :: 		
0x01AC	0x0810      	MOVF       UART1_Write_Text_counter_L0, 0
0x01AD	0x1303      	BCF        STATUS, 6
0x01AE	0x076E      	ADDWF      FARG_UART1_Write_Text_uart_text, 0
0x01AF	0x0084      	MOVWF      FSR
0x01B0	0x0800      	MOVF       INDF, 0
0x01B1	0x00EF      	MOVWF      UART1_Write_Text_data__L0
;__Lib_UART_c67.c,55 :: 		
0x01B2	0x29A2      	GOTO       L_UART1_Write_Text5
L_UART1_Write_Text6:
;__Lib_UART_c67.c,56 :: 		
0x01B3	0x0008      	RETURN
; end of _UART1_Write_Text
___CC2DW:
;__Lib_System.c,24 :: 		
;__Lib_System.c,27 :: 		
_CC2D_Loop1:
;__Lib_System.c,29 :: 		
0x01B4	0x20C0      	CALL       _____DoICP
0x01B5	0x118A      	BCF        PCLATH, 3
0x01B6	0x120A      	BCF        PCLATH, 4
;__Lib_System.c,31 :: 		
0x01B7	0x0080      	MOVWF      INDF
;__Lib_System.c,32 :: 		
0x01B8	0x0A84      	INCF       FSR, 1
;__Lib_System.c,33 :: 		
0x01B9	0x0AE4      	INCF       ___DoICPAddr, 1
;__Lib_System.c,35 :: 		
0x01BA	0x1903      	BTFSC      STATUS, 2
;__Lib_System.c,36 :: 		
0x01BB	0x0AE5      	INCF       ___DoICPAddr+1, 1
;__Lib_System.c,37 :: 		
0x01BC	0x03F0      	DECF       R0, 1
;__Lib_System.c,39 :: 		
0x01BD	0x1D03      	BTFSS      STATUS, 2
;__Lib_System.c,40 :: 		
0x01BE	0x29B4      	GOTO       _CC2D_Loop1
;__Lib_System.c,42 :: 		
0x01BF	0x0008      	RETURN
; end of ___CC2DW
_Lcd_Out_CP:
;__Lib_Lcd.c,57 :: 		
;__Lib_Lcd.c,58 :: 		
0x01C0	0x1283      	BCF        STATUS, 5
0x01C1	0x1303      	BCF        STATUS, 6
0x01C2	0x01EF      	CLRF       Lcd_Out_CP_i_L0
;__Lib_Lcd.c,60 :: 		
L_Lcd_Out_CP2:
0x01C3	0x086F      	MOVF       Lcd_Out_CP_i_L0, 0
0x01C4	0x076E      	ADDWF      FARG_Lcd_Out_CP_text, 0
0x01C5	0x0084      	MOVWF      FSR
0x01C6	0x0800      	MOVF       INDF, 0
0x01C7	0x1903      	BTFSC      STATUS, 2
0x01C8	0x29D2      	GOTO       L_Lcd_Out_CP3
;__Lib_Lcd.c,61 :: 		
0x01C9	0x086F      	MOVF       Lcd_Out_CP_i_L0, 0
0x01CA	0x076E      	ADDWF      FARG_Lcd_Out_CP_text, 0
0x01CB	0x0084      	MOVWF      FSR
0x01CC	0x0800      	MOVF       INDF, 0
0x01CD	0x1703      	BSF        STATUS, 6
0x01CE	0x0093      	MOVWF      FARG_Lcd_Chr_CP_out_char
0x01CF	0x20C7      	CALL       _Lcd_Chr_CP
0x01D0	0x0AEF      	INCF       Lcd_Out_CP_i_L0, 1
;__Lib_Lcd.c,62 :: 		
0x01D1	0x29C3      	GOTO       L_Lcd_Out_CP2
L_Lcd_Out_CP3:
;__Lib_Lcd.c,63 :: 		
0x01D2	0x0008      	RETURN
; end of _Lcd_Out_CP
_UART1_Read:
;__Lib_UART_c67.c,21 :: 		
;__Lib_UART_c67.c,24 :: 		
0x01D3	0x1283      	BCF        STATUS, 5
0x01D4	0x1303      	BCF        STATUS, 6
0x01D5	0x081A      	MOVF       RCREG, 0
0x01D6	0x00F1      	MOVWF      R1
;__Lib_UART_c67.c,25 :: 		
0x01D7	0x1C98      	BTFSS      RCSTA, 1
0x01D8	0x29DB      	GOTO       L_UART1_Read2
;__Lib_UART_c67.c,26 :: 		
0x01D9	0x1218      	BCF        RCSTA, 4
;__Lib_UART_c67.c,27 :: 		
0x01DA	0x1618      	BSF        RCSTA, 4
;__Lib_UART_c67.c,28 :: 		
L_UART1_Read2:
;__Lib_UART_c67.c,29 :: 		
0x01DB	0x0871      	MOVF       R1, 0
0x01DC	0x00F0      	MOVWF      R0
;__Lib_UART_c67.c,30 :: 		
0x01DD	0x0008      	RETURN
; end of _UART1_Read
_Div_8x8_U:
;__Lib_Math.c,189 :: 		
;__Lib_Math.c,196 :: 		
0x01DE	0x1283      	BCF        STATUS, 5
;__Lib_Math.c,197 :: 		
0x01DF	0x1303      	BCF        STATUS, 6
;__Lib_Math.c,198 :: 		
0x01E0	0x01F8      	CLRF       R8
;__Lib_Math.c,199 :: 		
0x01E1	0x3008      	MOVLW      8
;__Lib_Math.c,200 :: 		
0x01E2	0x00FC      	MOVWF      R12
;__Lib_Math.c,201 :: 		
0x01E3	0x0D70      	RLF        R0, 0
;__Lib_Math.c,202 :: 		
0x01E4	0x0DF8      	RLF        R8, 1
;__Lib_Math.c,203 :: 		
0x01E5	0x0874      	MOVF       R4, 0
;__Lib_Math.c,204 :: 		
0x01E6	0x02F8      	SUBWF      R8, 1
;__Lib_Math.c,205 :: 		
0x01E7	0x1803      	BTFSC      STATUS, 0
;__Lib_Math.c,206 :: 		
0x01E8	0x29EB      	GOTO       $+3
;__Lib_Math.c,207 :: 		
0x01E9	0x07F8      	ADDWF      R8, 1
;__Lib_Math.c,208 :: 		
0x01EA	0x1003      	BCF        STATUS, 0
;__Lib_Math.c,209 :: 		
0x01EB	0x0DF0      	RLF        R0, 1
;__Lib_Math.c,210 :: 		
0x01EC	0x0BFC      	DECFSZ     R12, 1
;__Lib_Math.c,211 :: 		
0x01ED	0x29E3      	GOTO       $-10
;__Lib_Math.c,213 :: 		
0x01EE	0x0008      	RETURN
; end of _Div_8x8_U
_UART1_Init:
;__Lib_UART_c67.c,2 :: 		
;__Lib_UART_c67.c,5 :: 		
0x01EF	0x1683      	BSF        STATUS, 5
0x01F0	0x1303      	BCF        STATUS, 6
0x01F1	0x1698      	BSF        TXSTA, 5
;__Lib_UART_c67.c,6 :: 		
0x01F2	0x3090      	MOVLW      144
0x01F3	0x1283      	BCF        STATUS, 5
0x01F4	0x0098      	MOVWF      RCSTA
;__Lib_UART_c67.c,7 :: 		
0x01F5	0x1683      	BSF        STATUS, 5
0x01F6	0x1787      	BSF        TRISC7_bit, 7
;__Lib_UART_c67.c,8 :: 		
0x01F7	0x1307      	BCF        TRISC6_bit, 6
;__Lib_UART_c67.c,10 :: 		
L_UART1_Init0:
0x01F8	0x1283      	BCF        STATUS, 5
0x01F9	0x1E8C      	BTFSS      PIR1, 5
0x01FA	0x29FE      	GOTO       L_UART1_Init1
;__Lib_UART_c67.c,11 :: 		
0x01FB	0x081A      	MOVF       RCREG, 0
0x01FC	0x00F0      	MOVWF      R0
0x01FD	0x29F8      	GOTO       L_UART1_Init0
L_UART1_Init1:
;__Lib_UART_c67.c,12 :: 		
0x01FE	0x0008      	RETURN
; end of _UART1_Init
_main:
0x01FF	0x23BC      	CALL       956
;2.c,74 :: 		void main() {
;2.c,76 :: 		Lcd_Init();
0x0200	0x2108      	CALL       _Lcd_Init
;2.c,77 :: 		INTCON=0b11000000;
0x0201	0x30C0      	MOVLW      192
0x0202	0x008B      	MOVWF      INTCON
;2.c,78 :: 		PIE1=0b00100000;
0x0203	0x3020      	MOVLW      32
0x0204	0x1683      	BSF        STATUS, 5
0x0205	0x008C      	MOVWF      PIE1
;2.c,79 :: 		UART1_Init(9600);               // Initialize UART module at 9600 bps
0x0206	0x3019      	MOVLW      25
0x0207	0x0099      	MOVWF      SPBRG
0x0208	0x1518      	BSF        TXSTA, 2
0x0209	0x21EF      	CALL       _UART1_Init
;2.c,80 :: 		Delay_ms(300);
0x020A	0x3002      	MOVLW      2
0x020B	0x00FB      	MOVWF      R11
0x020C	0x3086      	MOVLW      134
0x020D	0x00FC      	MOVWF      R12
0x020E	0x3099      	MOVLW      153
0x020F	0x00FD      	MOVWF      R13
L_main11:
0x0210	0x0BFD      	DECFSZ     R13, 1
0x0211	0x2A10      	GOTO       L_main11
0x0212	0x0BFC      	DECFSZ     R12, 1
0x0213	0x2A10      	GOTO       L_main11
0x0214	0x0BFB      	DECFSZ     R11, 1
0x0215	0x2A10      	GOTO       L_main11
;2.c,81 :: 		adcon1=7;
0x0216	0x3007      	MOVLW      7
0x0217	0x1683      	BSF        STATUS, 5
0x0218	0x009F      	MOVWF      ADCON1
;2.c,82 :: 		trisa=0;
0x0219	0x0185      	CLRF       TRISA
;2.c,83 :: 		porta=0;
0x021A	0x1283      	BCF        STATUS, 5
0x021B	0x0185      	CLRF       PORTA
;2.c,84 :: 		TRISD=0;
0x021C	0x1683      	BSF        STATUS, 5
0x021D	0x0188      	CLRF       TRISD
;2.c,85 :: 		PORTD=0b11111111;
0x021E	0x30FF      	MOVLW      255
0x021F	0x1283      	BCF        STATUS, 5
0x0220	0x0088      	MOVWF      PORTD
;2.c,87 :: 		portd.f0=0; //GSM TX
0x0221	0x1008      	BCF        PORTD, 0
;2.c,88 :: 		TRISC=0;
0x0222	0x1683      	BSF        STATUS, 5
0x0223	0x0187      	CLRF       TRISC
;2.c,89 :: 		portd.f3=0;   //zigbee Rx
0x0224	0x1283      	BCF        STATUS, 5
0x0225	0x1188      	BCF        PORTD, 3
;2.c,90 :: 		portc.f4=1;
0x0226	0x1607      	BSF        PORTC, 4
;2.c,91 :: 		delay_ms(2000);
0x0227	0x300B      	MOVLW      11
0x0228	0x00FB      	MOVWF      R11
0x0229	0x3026      	MOVLW      38
0x022A	0x00FC      	MOVWF      R12
0x022B	0x305D      	MOVLW      93
0x022C	0x00FD      	MOVWF      R13
L_main12:
0x022D	0x0BFD      	DECFSZ     R13, 1
0x022E	0x2A2D      	GOTO       L_main12
0x022F	0x0BFC      	DECFSZ     R12, 1
0x0230	0x2A2D      	GOTO       L_main12
0x0231	0x0BFB      	DECFSZ     R11, 1
0x0232	0x2A2D      	GOTO       L_main12
0x0233	0x0000      	NOP
0x0234	0x0000      	NOP
;2.c,92 :: 		TRISC=255;
0x0235	0x30FF      	MOVLW      255
0x0236	0x1683      	BSF        STATUS, 5
0x0237	0x0087      	MOVWF      TRISC
;2.c,93 :: 		delay_ms(2000);
0x0238	0x300B      	MOVLW      11
0x0239	0x00FB      	MOVWF      R11
0x023A	0x3026      	MOVLW      38
0x023B	0x00FC      	MOVWF      R12
0x023C	0x305D      	MOVLW      93
0x023D	0x00FD      	MOVWF      R13
L_main13:
0x023E	0x0BFD      	DECFSZ     R13, 1
0x023F	0x2A3E      	GOTO       L_main13
0x0240	0x0BFC      	DECFSZ     R12, 1
0x0241	0x2A3E      	GOTO       L_main13
0x0242	0x0BFB      	DECFSZ     R11, 1
0x0243	0x2A3E      	GOTO       L_main13
0x0244	0x0000      	NOP
0x0245	0x0000      	NOP
;2.c,94 :: 		lcd_cmd(_LCD_CURSOR_OFF);
0x0246	0x300C      	MOVLW      12
0x0247	0x1283      	BCF        STATUS, 5
0x0248	0x1703      	BSF        STATUS, 6
0x0249	0x0094      	MOVWF      FARG_Lcd_Cmd_out_char
0x024A	0x2071      	CALL       _Lcd_Cmd
;2.c,95 :: 		for(;;){
L_main14:
;2.c,96 :: 		if(mode==0)
0x024B	0x3000      	MOVLW      0
0x024C	0x0623      	XORWF      _mode+1, 0
0x024D	0x1D03      	BTFSS      STATUS, 2
0x024E	0x2A51      	GOTO       L__main42
0x024F	0x3000      	MOVLW      0
0x0250	0x0622      	XORWF      _mode, 0
L__main42:
0x0251	0x1D03      	BTFSS      STATUS, 2
0x0252	0x2A7F      	GOTO       L_main17
;2.c,98 :: 		hr[0]=rr/100+48;
0x0253	0x3064      	MOVLW      100
0x0254	0x00F4      	MOVWF      R4
0x0255	0x0855      	MOVF       _rr, 0
0x0256	0x00F0      	MOVWF      R0
0x0257	0x21DE      	CALL       _Div_8x8_U
0x0258	0x3030      	MOVLW      48
0x0259	0x0770      	ADDWF      R0, 0
0x025A	0x00E6      	MOVWF      _hr
;2.c,99 :: 		rem=rr%100;
0x025B	0x3064      	MOVLW      100
0x025C	0x00F4      	MOVWF      R4
0x025D	0x0855      	MOVF       _rr, 0
0x025E	0x00F0      	MOVWF      R0
0x025F	0x21DE      	CALL       _Div_8x8_U
0x0260	0x0878      	MOVF       R8, 0
0x0261	0x00F0      	MOVWF      R0
0x0262	0x0870      	MOVF       R0, 0
0x0263	0x00EA      	MOVWF      _rem
;2.c,100 :: 		hr[1]=rem/10+48;
0x0264	0x300A      	MOVLW      10
0x0265	0x00F4      	MOVWF      R4
0x0266	0x21DE      	CALL       _Div_8x8_U
0x0267	0x3030      	MOVLW      48
0x0268	0x0770      	ADDWF      R0, 0
0x0269	0x00E7      	MOVWF      _hr+1
;2.c,101 :: 		hr[2]=rem%10+48;
0x026A	0x300A      	MOVLW      10
0x026B	0x00F4      	MOVWF      R4
0x026C	0x086A      	MOVF       _rem, 0
0x026D	0x00F0      	MOVWF      R0
0x026E	0x21DE      	CALL       _Div_8x8_U
0x026F	0x0878      	MOVF       R8, 0
0x0270	0x00F0      	MOVWF      R0
0x0271	0x3030      	MOVLW      48
0x0272	0x0770      	ADDWF      R0, 0
0x0273	0x00E8      	MOVWF      _hr+2
;2.c,102 :: 		lcd_out(1,1,hear);
0x0274	0x3001      	MOVLW      1
0x0275	0x1703      	BSF        STATUS, 6
0x0276	0x0090      	MOVWF      FARG_Lcd_Out_row
0x0277	0x3001      	MOVLW      1
0x0278	0x0091      	MOVWF      FARG_Lcd_Out_column
0x0279	0x3056      	MOVLW      _hear
0x027A	0x0092      	MOVWF      FARG_Lcd_Out_text
0x027B	0x2156      	CALL       _Lcd_Out
;2.c,103 :: 		lcd_out_cp(hr);
0x027C	0x3066      	MOVLW      _hr
0x027D	0x00EE      	MOVWF      FARG_Lcd_Out_CP_text
0x027E	0x21C0      	CALL       _Lcd_Out_CP
;2.c,105 :: 		}
L_main17:
;2.c,107 :: 		if(mode==1)
0x027F	0x3000      	MOVLW      0
0x0280	0x0623      	XORWF      _mode+1, 0
0x0281	0x1D03      	BTFSS      STATUS, 2
0x0282	0x2A85      	GOTO       L__main43
0x0283	0x3001      	MOVLW      1
0x0284	0x0622      	XORWF      _mode, 0
L__main43:
0x0285	0x1D03      	BTFSS      STATUS, 2
0x0286	0x2B72      	GOTO       L_main18
;2.c,109 :: 		PORTD=0b11111111;
0x0287	0x30FF      	MOVLW      255
0x0288	0x0088      	MOVWF      PORTD
;2.c,110 :: 		portd.f0=0; //GSM TX
0x0289	0x1008      	BCF        PORTD, 0
;2.c,111 :: 		portd.f6=0; //GPS Rx
0x028A	0x1308      	BCF        PORTD, 6
;2.c,112 :: 		lcd_cmd(_LCD_CLEAR);
0x028B	0x3001      	MOVLW      1
0x028C	0x1703      	BSF        STATUS, 6
0x028D	0x0094      	MOVWF      FARG_Lcd_Cmd_out_char
0x028E	0x2071      	CALL       _Lcd_Cmd
;2.c,113 :: 		porta.f1=1;
0x028F	0x1485      	BSF        PORTA, 1
;2.c,114 :: 		delay_ms(500);
0x0290	0x3003      	MOVLW      3
0x0291	0x00FB      	MOVWF      R11
0x0292	0x308A      	MOVLW      138
0x0293	0x00FC      	MOVWF      R12
0x0294	0x3055      	MOVLW      85
0x0295	0x00FD      	MOVWF      R13
L_main19:
0x0296	0x0BFD      	DECFSZ     R13, 1
0x0297	0x2A96      	GOTO       L_main19
0x0298	0x0BFC      	DECFSZ     R12, 1
0x0299	0x2A96      	GOTO       L_main19
0x029A	0x0BFB      	DECFSZ     R11, 1
0x029B	0x2A96      	GOTO       L_main19
0x029C	0x0000      	NOP
0x029D	0x0000      	NOP
;2.c,115 :: 		porta.f1=0;
0x029E	0x1085      	BCF        PORTA, 1
;2.c,116 :: 		mode=2;
0x029F	0x3002      	MOVLW      2
0x02A0	0x00A2      	MOVWF      _mode
0x02A1	0x3000      	MOVLW      0
0x02A2	0x00A3      	MOVWF      _mode+1
;2.c,117 :: 		while(v<6)
L_main20:
0x02A3	0x3006      	MOVLW      6
0x02A4	0x0263      	SUBWF      _v, 0
0x02A5	0x1803      	BTFSC      STATUS, 0
0x02A6	0x2AA8      	GOTO       L_main21
;2.c,118 :: 		{ }
0x02A7	0x2AA3      	GOTO       L_main20
L_main21:
;2.c,119 :: 		delay_ms(2000);
0x02A8	0x300B      	MOVLW      11
0x02A9	0x00FB      	MOVWF      R11
0x02AA	0x3026      	MOVLW      38
0x02AB	0x00FC      	MOVWF      R12
0x02AC	0x305D      	MOVLW      93
0x02AD	0x00FD      	MOVWF      R13
L_main22:
0x02AE	0x0BFD      	DECFSZ     R13, 1
0x02AF	0x2AAE      	GOTO       L_main22
0x02B0	0x0BFC      	DECFSZ     R12, 1
0x02B1	0x2AAE      	GOTO       L_main22
0x02B2	0x0BFB      	DECFSZ     R11, 1
0x02B3	0x2AAE      	GOTO       L_main22
0x02B4	0x0000      	NOP
0x02B5	0x0000      	NOP
;2.c,120 :: 		lcd_chr(1,1,rec[14]);
0x02B6	0x3001      	MOVLW      1
0x02B7	0x1703      	BSF        STATUS, 6
0x02B8	0x0090      	MOVWF      FARG_Lcd_Chr_row
0x02B9	0x3001      	MOVLW      1
0x02BA	0x0091      	MOVWF      FARG_Lcd_Chr_column
0x02BB	0x1683      	BSF        STATUS, 5
0x02BC	0x1303      	BCF        STATUS, 6
0x02BD	0x082E      	MOVF       _rec+14, 0
0x02BE	0x1283      	BCF        STATUS, 5
0x02BF	0x1703      	BSF        STATUS, 6
0x02C0	0x0092      	MOVWF      FARG_Lcd_Chr_out_char
0x02C1	0x20D0      	CALL       _Lcd_Chr
;2.c,121 :: 		for (r=15;r<23;r++){
0x02C2	0x300F      	MOVLW      15
0x02C3	0x00ED      	MOVWF      main_r_L0
L_main23:
0x02C4	0x3017      	MOVLW      23
0x02C5	0x026D      	SUBWF      main_r_L0, 0
0x02C6	0x1803      	BTFSC      STATUS, 0
0x02C7	0x2AD1      	GOTO       L_main24
;2.c,122 :: 		lcd_chr_cp(rec[r]);
0x02C8	0x086D      	MOVF       main_r_L0, 0
0x02C9	0x3EA0      	ADDLW      _rec
0x02CA	0x0084      	MOVWF      FSR
0x02CB	0x0800      	MOVF       INDF, 0
0x02CC	0x1703      	BSF        STATUS, 6
0x02CD	0x0093      	MOVWF      FARG_Lcd_Chr_CP_out_char
0x02CE	0x20C7      	CALL       _Lcd_Chr_CP
;2.c,121 :: 		for (r=15;r<23;r++){
0x02CF	0x0AED      	INCF       main_r_L0, 1
;2.c,123 :: 		}
0x02D0	0x2AC4      	GOTO       L_main23
L_main24:
;2.c,124 :: 		lcd_chr(2,1,rec[26]);
0x02D1	0x3002      	MOVLW      2
0x02D2	0x1703      	BSF        STATUS, 6
0x02D3	0x0090      	MOVWF      FARG_Lcd_Chr_row
0x02D4	0x3001      	MOVLW      1
0x02D5	0x0091      	MOVWF      FARG_Lcd_Chr_column
0x02D6	0x1683      	BSF        STATUS, 5
0x02D7	0x1303      	BCF        STATUS, 6
0x02D8	0x083A      	MOVF       _rec+26, 0
0x02D9	0x1283      	BCF        STATUS, 5
0x02DA	0x1703      	BSF        STATUS, 6
0x02DB	0x0092      	MOVWF      FARG_Lcd_Chr_out_char
0x02DC	0x20D0      	CALL       _Lcd_Chr
;2.c,125 :: 		for (r=27;r<36;r++){
0x02DD	0x301B      	MOVLW      27
0x02DE	0x00ED      	MOVWF      main_r_L0
L_main26:
0x02DF	0x3024      	MOVLW      36
0x02E0	0x026D      	SUBWF      main_r_L0, 0
0x02E1	0x1803      	BTFSC      STATUS, 0
0x02E2	0x2AEC      	GOTO       L_main27
;2.c,126 :: 		lcd_chr_cp(rec[r]);
0x02E3	0x086D      	MOVF       main_r_L0, 0
0x02E4	0x3EA0      	ADDLW      _rec
0x02E5	0x0084      	MOVWF      FSR
0x02E6	0x0800      	MOVF       INDF, 0
0x02E7	0x1703      	BSF        STATUS, 6
0x02E8	0x0093      	MOVWF      FARG_Lcd_Chr_CP_out_char
0x02E9	0x20C7      	CALL       _Lcd_Chr_CP
;2.c,125 :: 		for (r=27;r<36;r++){
0x02EA	0x0AED      	INCF       main_r_L0, 1
;2.c,127 :: 		}
0x02EB	0x2ADF      	GOTO       L_main26
L_main27:
;2.c,128 :: 		delay_ms(2000);
0x02EC	0x300B      	MOVLW      11
0x02ED	0x00FB      	MOVWF      R11
0x02EE	0x3026      	MOVLW      38
0x02EF	0x00FC      	MOVWF      R12
0x02F0	0x305D      	MOVLW      93
0x02F1	0x00FD      	MOVWF      R13
L_main29:
0x02F2	0x0BFD      	DECFSZ     R13, 1
0x02F3	0x2AF2      	GOTO       L_main29
0x02F4	0x0BFC      	DECFSZ     R12, 1
0x02F5	0x2AF2      	GOTO       L_main29
0x02F6	0x0BFB      	DECFSZ     R11, 1
0x02F7	0x2AF2      	GOTO       L_main29
0x02F8	0x0000      	NOP
0x02F9	0x0000      	NOP
;2.c,129 :: 		UART1_WRITE_TEXT("AT+CMGF=1");
0x02FA	0x304B      	MOVLW      ?lstr1_2
0x02FB	0x00EE      	MOVWF      FARG_UART1_Write_Text_uart_text
0x02FC	0x219A      	CALL       _UART1_Write_Text
;2.c,130 :: 		UART1_WRITE(13);
0x02FD	0x300D      	MOVLW      13
0x02FE	0x1703      	BSF        STATUS, 6
0x02FF	0x0093      	MOVWF      FARG_UART1_Write_data_
0x0300	0x20B4      	CALL       _UART1_Write
;2.c,131 :: 		delay_ms(300);
0x0301	0x3002      	MOVLW      2
0x0302	0x00FB      	MOVWF      R11
0x0303	0x3086      	MOVLW      134
0x0304	0x00FC      	MOVWF      R12
0x0305	0x3099      	MOVLW      153
0x0306	0x00FD      	MOVWF      R13
L_main30:
0x0307	0x0BFD      	DECFSZ     R13, 1
0x0308	0x2B07      	GOTO       L_main30
0x0309	0x0BFC      	DECFSZ     R12, 1
0x030A	0x2B07      	GOTO       L_main30
0x030B	0x0BFB      	DECFSZ     R11, 1
0x030C	0x2B07      	GOTO       L_main30
;2.c,132 :: 		UART1_WRITE_TEXT(we);
0x030D	0x302A      	MOVLW      _we
0x030E	0x00EE      	MOVWF      FARG_UART1_Write_Text_uart_text
0x030F	0x219A      	CALL       _UART1_Write_Text
;2.c,133 :: 		delay_ms(300);
0x0310	0x3002      	MOVLW      2
0x0311	0x00FB      	MOVWF      R11
0x0312	0x3086      	MOVLW      134
0x0313	0x00FC      	MOVWF      R12
0x0314	0x3099      	MOVLW      153
0x0315	0x00FD      	MOVWF      R13
L_main31:
0x0316	0x0BFD      	DECFSZ     R13, 1
0x0317	0x2B16      	GOTO       L_main31
0x0318	0x0BFC      	DECFSZ     R12, 1
0x0319	0x2B16      	GOTO       L_main31
0x031A	0x0BFB      	DECFSZ     R11, 1
0x031B	0x2B16      	GOTO       L_main31
;2.c,134 :: 		UART1_WRITE_TEXT("Latu:");
0x031C	0x3024      	MOVLW      ?lstr2_2
0x031D	0x00EE      	MOVWF      FARG_UART1_Write_Text_uart_text
0x031E	0x219A      	CALL       _UART1_Write_Text
;2.c,135 :: 		for (r=14;r<23;r++){
0x031F	0x300E      	MOVLW      14
0x0320	0x00ED      	MOVWF      main_r_L0
L_main32:
0x0321	0x3017      	MOVLW      23
0x0322	0x026D      	SUBWF      main_r_L0, 0
0x0323	0x1803      	BTFSC      STATUS, 0
0x0324	0x2B2E      	GOTO       L_main33
;2.c,136 :: 		UART1_WRITE(rec[r]);
0x0325	0x086D      	MOVF       main_r_L0, 0
0x0326	0x3EA0      	ADDLW      _rec
0x0327	0x0084      	MOVWF      FSR
0x0328	0x0800      	MOVF       INDF, 0
0x0329	0x1703      	BSF        STATUS, 6
0x032A	0x0093      	MOVWF      FARG_UART1_Write_data_
0x032B	0x20B4      	CALL       _UART1_Write
;2.c,135 :: 		for (r=14;r<23;r++){
0x032C	0x0AED      	INCF       main_r_L0, 1
;2.c,137 :: 		}
0x032D	0x2B21      	GOTO       L_main32
L_main33:
;2.c,139 :: 		UART1_WRITE(13);
0x032E	0x300D      	MOVLW      13
0x032F	0x1703      	BSF        STATUS, 6
0x0330	0x0093      	MOVWF      FARG_UART1_Write_data_
0x0331	0x20B4      	CALL       _UART1_Write
;2.c,140 :: 		UART1_WRITE_TEXT("Long:");
0x0332	0x3043      	MOVLW      ?lstr3_2
0x0333	0x00EE      	MOVWF      FARG_UART1_Write_Text_uart_text
0x0334	0x219A      	CALL       _UART1_Write_Text
;2.c,141 :: 		delay_ms(300);
0x0335	0x3002      	MOVLW      2
0x0336	0x00FB      	MOVWF      R11
0x0337	0x3086      	MOVLW      134
0x0338	0x00FC      	MOVWF      R12
0x0339	0x3099      	MOVLW      153
0x033A	0x00FD      	MOVWF      R13
L_main35:
0x033B	0x0BFD      	DECFSZ     R13, 1
0x033C	0x2B3B      	GOTO       L_main35
0x033D	0x0BFC      	DECFSZ     R12, 1
0x033E	0x2B3B      	GOTO       L_main35
0x033F	0x0BFB      	DECFSZ     R11, 1
0x0340	0x2B3B      	GOTO       L_main35
;2.c,142 :: 		for (r=26;r<36;r++){
0x0341	0x301A      	MOVLW      26
0x0342	0x00ED      	MOVWF      main_r_L0
L_main36:
0x0343	0x3024      	MOVLW      36
0x0344	0x026D      	SUBWF      main_r_L0, 0
0x0345	0x1803      	BTFSC      STATUS, 0
0x0346	0x2B50      	GOTO       L_main37
;2.c,143 :: 		UART1_WRITE(rec[r]);
0x0347	0x086D      	MOVF       main_r_L0, 0
0x0348	0x3EA0      	ADDLW      _rec
0x0349	0x0084      	MOVWF      FSR
0x034A	0x0800      	MOVF       INDF, 0
0x034B	0x1703      	BSF        STATUS, 6
0x034C	0x0093      	MOVWF      FARG_UART1_Write_data_
0x034D	0x20B4      	CALL       _UART1_Write
;2.c,142 :: 		for (r=26;r<36;r++){
0x034E	0x0AED      	INCF       main_r_L0, 1
;2.c,144 :: 		}
0x034F	0x2B43      	GOTO       L_main36
L_main37:
;2.c,145 :: 		UART1_WRITE(13);
0x0350	0x300D      	MOVLW      13
0x0351	0x1703      	BSF        STATUS, 6
0x0352	0x0093      	MOVWF      FARG_UART1_Write_data_
0x0353	0x20B4      	CALL       _UART1_Write
;2.c,146 :: 		delay_ms(300);
0x0354	0x3002      	MOVLW      2
0x0355	0x00FB      	MOVWF      R11
0x0356	0x3086      	MOVLW      134
0x0357	0x00FC      	MOVWF      R12
0x0358	0x3099      	MOVLW      153
0x0359	0x00FD      	MOVWF      R13
L_main39:
0x035A	0x0BFD      	DECFSZ     R13, 1
0x035B	0x2B5A      	GOTO       L_main39
0x035C	0x0BFC      	DECFSZ     R12, 1
0x035D	0x2B5A      	GOTO       L_main39
0x035E	0x0BFB      	DECFSZ     R11, 1
0x035F	0x2B5A      	GOTO       L_main39
;2.c,147 :: 		UART1_WRITE(26);
0x0360	0x301A      	MOVLW      26
0x0361	0x1703      	BSF        STATUS, 6
0x0362	0x0093      	MOVWF      FARG_UART1_Write_data_
0x0363	0x20B4      	CALL       _UART1_Write
;2.c,148 :: 		delay_ms(1000);
0x0364	0x3006      	MOVLW      6
0x0365	0x00FB      	MOVWF      R11
0x0366	0x3013      	MOVLW      19
0x0367	0x00FC      	MOVWF      R12
0x0368	0x30AD      	MOVLW      173
0x0369	0x00FD      	MOVWF      R13
L_main40:
0x036A	0x0BFD      	DECFSZ     R13, 1
0x036B	0x2B6A      	GOTO       L_main40
0x036C	0x0BFC      	DECFSZ     R12, 1
0x036D	0x2B6A      	GOTO       L_main40
0x036E	0x0BFB      	DECFSZ     R11, 1
0x036F	0x2B6A      	GOTO       L_main40
0x0370	0x0000      	NOP
0x0371	0x0000      	NOP
;2.c,149 :: 		}
L_main18:
;2.c,150 :: 		}
0x0372	0x2A4B      	GOTO       L_main14
;2.c,151 :: 		}
0x0373	0x2B73      	GOTO       $+0
; end of _main
0x03BC	0x3022      	MOVLW      34
0x03BD	0x0084      	MOVWF      FSR
0x03BE	0x3042      	MOVLW      66
0x03BF	0x1283      	BCF        STATUS, 5
0x03C0	0x1303      	BCF        STATUS, 6
0x03C1	0x00F0      	MOVWF      R0
0x03C2	0x3079      	MOVLW      121
0x03C3	0x00E4      	MOVWF      ___DoICPAddr
0x03C4	0x3003      	MOVLW      3
0x03C5	0x00E5      	MOVWF      101
0x03C6	0x21B4      	CALL       436
0x03C7	0x0008      	RETURN
;2.c,0 :: ?ICS_mode
0x0379	0x3400 ;?ICS_mode+0
0x037A	0x3400 ;?ICS_mode+1
; end of ?ICS_mode
;2.c,0 :: ?ICS?lstr2_2
0x037B	0x344C ;?ICS?lstr2_2+0
0x037C	0x3461 ;?ICS?lstr2_2+1
0x037D	0x3474 ;?ICS?lstr2_2+2
0x037E	0x3475 ;?ICS?lstr2_2+3
0x037F	0x343A ;?ICS?lstr2_2+4
0x0380	0x3400 ;?ICS?lstr2_2+5
; end of ?ICS?lstr2_2
;2.c,0 :: ?ICS_we
0x0381	0x3441 ;?ICS_we+0
0x0382	0x3454 ;?ICS_we+1
0x0383	0x342B ;?ICS_we+2
0x0384	0x3443 ;?ICS_we+3
0x0385	0x344D ;?ICS_we+4
0x0386	0x3447 ;?ICS_we+5
0x0387	0x3453 ;?ICS_we+6
0x0388	0x343D ;?ICS_we+7
0x0389	0x3422 ;?ICS_we+8
0x038A	0x3430 ;?ICS_we+9
0x038B	0x3431 ;?ICS_we+10
0x038C	0x3431 ;?ICS_we+11
0x038D	0x3431 ;?ICS_we+12
0x038E	0x3437 ;?ICS_we+13
0x038F	0x3439 ;?ICS_we+14
0x0390	0x3434 ;?ICS_we+15
0x0391	0x3438 ;?ICS_we+16
0x0392	0x3433 ;?ICS_we+17
0x0393	0x3436 ;?ICS_we+18
0x0394	0x3439 ;?ICS_we+19
0x0395	0x3422 ;?ICS_we+20
0x0396	0x340D ;?ICS_we+21
0x0397	0x3400 ;?ICS_we+22
0x0398	0x3400 ;?ICS_we+23
0x0399	0x3400 ;?ICS_we+24
; end of ?ICS_we
;2.c,0 :: ?ICS?lstr3_2
0x039A	0x344C ;?ICS?lstr3_2+0
0x039B	0x346F ;?ICS?lstr3_2+1
0x039C	0x346E ;?ICS?lstr3_2+2
0x039D	0x3467 ;?ICS?lstr3_2+3
0x039E	0x343A ;?ICS?lstr3_2+4
0x039F	0x3400 ;?ICS?lstr3_2+5
; end of ?ICS?lstr3_2
;2.c,0 :: ?ICS_i
0x03A0	0x3400 ;?ICS_i+0
0x03A1	0x3400 ;?ICS_i+1
; end of ?ICS_i
;2.c,0 :: ?ICS?lstr1_2
0x03A2	0x3441 ;?ICS?lstr1_2+0
0x03A3	0x3454 ;?ICS?lstr1_2+1
0x03A4	0x342B ;?ICS?lstr1_2+2
0x03A5	0x3443 ;?ICS?lstr1_2+3
0x03A6	0x344D ;?ICS?lstr1_2+4
0x03A7	0x3447 ;?ICS?lstr1_2+5
0x03A8	0x3446 ;?ICS?lstr1_2+6
0x03A9	0x343D ;?ICS?lstr1_2+7
0x03AA	0x3431 ;?ICS?lstr1_2+8
0x03AB	0x3400 ;?ICS?lstr1_2+9
; end of ?ICS?lstr1_2
;2.c,0 :: ?ICS_rr
0x03AC	0x344B ;?ICS_rr+0
; end of ?ICS_rr
;2.c,0 :: ?ICS_hear
0x03AD	0x3448 ;?ICS_hear+0
0x03AE	0x3465 ;?ICS_hear+1
0x03AF	0x3461 ;?ICS_hear+2
0x03B0	0x3472 ;?ICS_hear+3
0x03B1	0x3474 ;?ICS_hear+4
0x03B2	0x3420 ;?ICS_hear+5
0x03B3	0x3472 ;?ICS_hear+6
0x03B4	0x3461 ;?ICS_hear+7
0x03B5	0x3474 ;?ICS_hear+8
0x03B6	0x3465 ;?ICS_hear+9
0x03B7	0x3420 ;?ICS_hear+10
0x03B8	0x343A ;?ICS_hear+11
0x03B9	0x3400 ;?ICS_hear+12
; end of ?ICS_hear
;2.c,0 :: ?ICS_v
0x03BA	0x3400 ;?ICS_v+0
; end of ?ICS_v
Symbol List:
//** Routines locations **
//ADDRESS    SIZE    PROCEDURE
//----------------------------------------------
0x0004      [88]    _interrupt
0x005C      [11]    _Delay_5500us
0x0067       [2]    _Delay_1us
0x0069       [8]    _Delay_50us
0x0071      [67]    _Lcd_Cmd
0x00B4      [12]    _UART1_Write
0x00C0       [7]    _____DoICP
0x00C7       [9]    _Lcd_Chr_CP
0x00D0      [56]    _Lcd_Chr
0x0108      [78]    _Lcd_Init
0x0156      [68]    _Lcd_Out
0x019A      [26]    _UART1_Write_Text
0x01B4      [12]    ___CC2DW
0x01C0      [19]    _Lcd_Out_CP
0x01D3      [11]    _UART1_Read
0x01DE      [17]    _Div_8x8_U
0x01EF      [16]    _UART1_Init
0x01FF     [372]    _main
//** Variables locations ** 
//ADDRESS    SIZE    VARIABLE
//----------------------------------------------
0x0000       [1]    INDF
0x0001       [1]    TMR0
0x0002       [1]    PCL
0x0003       [0]    NOT_TO_bit
0x0003       [0]    Z_bit
0x0003       [0]    C_bit
0x0003       [0]    NOT_PD_bit
0x0003       [0]    DC_bit
0x0003       [0]    RP1_bit
0x0003       [0]    IRP_bit
0x0003       [0]    RP0_bit
0x0003       [1]    STATUS
0x0004       [1]    FSR
0x0004       [1]    FSRPTR
0x0005       [1]    PORTA
0x0005       [0]    RA2_bit
0x0005       [0]    RA0_bit
0x0005       [0]    RA3_bit
0x0005       [0]    RA4_bit
0x0005       [0]    RA5_bit
0x0005       [0]    RA1_bit
0x0006       [0]    LCD_D4
0x0006       [0]    RB6_bit
0x0006       [0]    RB5_bit
0x0006       [0]    RB4_bit
0x0006       [0]    RB1_bit
0x0006       [0]    LCD_RS
0x0006       [0]    RB3_bit
0x0006       [0]    RB2_bit
0x0006       [0]    RB0_bit
0x0006       [0]    LCD_D6
0x0006       [0]    LCD_D5
0x0006       [0]    LCD_EN
0x0006       [0]    LCD_D7
0x0006       [0]    RB7_bit
0x0006       [1]    PORTB
0x0007       [0]    RC7_bit
0x0007       [1]    PORTC
0x0007       [0]    RC5_bit
0x0007       [0]    RC6_bit
0x0007       [0]    RC0_bit
0x0007       [0]    RC1_bit
0x0007       [0]    RC4_bit
0x0007       [0]    RC2_bit
0x0007       [0]    RC3_bit
0x0008       [1]    PORTD
0x0008       [0]    RD3_bit
0x0008       [0]    RD4_bit
0x0008       [0]    RD7_bit
0x0008       [0]    RD0_bit
0x0008       [0]    RD6_bit
0x0008       [0]    RD1_bit
0x0008       [0]    RD5_bit
0x0008       [0]    RD2_bit
0x0009       [1]    PORTE
0x0009       [0]    RE1_bit
0x0009       [0]    RE2_bit
0x0009       [0]    RE0_bit
0x000A       [1]    PCLATH
0x000B       [0]    T0IF_bit
0x000B       [0]    TMR0IF_bit
0x000B       [1]    INTCON
0x000B       [0]    INTE_bit
0x000B       [0]    RBIE_bit
0x000B       [0]    INTF_bit
0x000B       [0]    PEIE_bit
0x000B       [0]    GIE_bit
0x000B       [0]    T0IE_bit
0x000B       [0]    RBIF_bit
0x000B       [0]    TMR0IE_bit
0x000C       [0]    ADIF_bit
0x000C       [0]    RCIF_bit
0x000C       [1]    PIR1
0x000C       [0]    PSPIF_bit
0x000C       [0]    TXIF_bit
0x000C       [0]    TMR2IF_bit
0x000C       [0]    TMR1IF_bit
0x000C       [0]    SSPIF_bit
0x000C       [0]    CCP1IF_bit
0x000D       [0]    CMIF_bit
0x000D       [1]    PIR2
0x000D       [0]    EEIF_bit
0x000D       [0]    CCP2IF_bit
0x000D       [0]    BCLIF_bit
0x000E       [1]    TMR1L
0x000F       [1]    TMR1H
0x0010       [0]    T1INSYNC_bit
0x0010       [0]    NOT_T1SYNC_bit
0x0010       [0]    T1SYNC_bit
0x0010       [0]    TMR1ON_bit
0x0010       [0]    TMR1CS_bit
0x0010       [0]    T1OSCEN_bit
0x0010       [1]    T1CON
0x0010       [0]    T1CKPS1_bit
0x0010       [0]    T1CKPS0_bit
0x0011       [1]    TMR2
0x0012       [0]    TOUTPS2_bit
0x0012       [0]    TOUTPS3_bit
0x0012       [1]    T2CON
0x0012       [0]    T2CKPS1_bit
0x0012       [0]    T2CKPS0_bit
0x0012       [0]    TMR2ON_bit
0x0012       [0]    TOUTPS1_bit
0x0012       [0]    TOUTPS0_bit
0x0013       [1]    SSPBUF
0x0014       [0]    SSPM2_bit
0x0014       [1]    SSPCON
0x0014       [0]    SSPM0_bit
0x0014       [0]    SSPM1_bit
0x0014       [0]    SSPOV_bit
0x0014       [0]    WCOL_bit
0x0014       [0]    SSPEN_bit
0x0014       [0]    SSPM3_bit
0x0014       [0]    CKP_bit
0x0015       [1]    CCPR1L
0x0015       [2]    CCPR1
0x0016       [1]    CCPR1H
0x0017       [0]    CCP1M1_bit
0x0017       [0]    CCP1M0_bit
0x0017       [1]    CCP1CON
0x0017       [0]    CCP1X_bit
0x0017       [0]    CCP1Y_bit
0x0017       [0]    CCP1M2_bit
0x0017       [0]    CCP1M3_bit
0x0018       [0]    ADDEN_bit
0x0018       [0]    FERR_bit
0x0018       [0]    RCD8_bit
0x0018       [0]    RX9D_bit
0x0018       [0]    OERR_bit
0x0018       [0]    CREN_bit
0x0018       [0]    RC9_bit
0x0018       [0]    RX9_bit
0x0018       [0]    SPEN_bit
0x0018       [0]    SREN_bit
0x0018       [0]    RC8_9_bit
0x0018       [0]    NOT_RC8_bit
0x0018       [1]    RCSTA
0x0019       [1]    TXREG
0x001A       [1]    RCREG
0x001B       [1]    CCPR2L
0x001B       [2]    CCPR2
0x001C       [1]    CCPR2H
0x001D       [0]    CCP2M2_bit
0x001D       [0]    CCP2M1_bit
0x001D       [0]    CCP2M0_bit
0x001D       [1]    CCP2CON
0x001D       [0]    CCP2X_bit
0x001D       [0]    CCP2Y_bit
0x001D       [0]    CCP2M3_bit
0x001E       [1]    ADRESH
0x001F       [0]    CHS0_bit
0x001F       [0]    CHS1_bit
0x001F       [1]    ADCON0
0x001F       [0]    GO_bit
0x001F       [0]    NOT_DONE_bit
0x001F       [0]    ADON_bit
0x001F       [0]    ADCS1_bit
0x001F       [0]    ADCS0_bit
0x001F       [0]    GO_DONE_bit
0x001F       [0]    CHS2_bit
0x0022       [2]    _mode
0x0024       [6]    ?lstr2_2
0x002A      [25]    _we
0x0043       [6]    ?lstr3_2
0x0049       [2]    _i
0x004B      [10]    ?lstr1_2
0x0055       [1]    _rr
0x0056      [13]    _hear
0x0063       [1]    _v
0x0064       [2]    ___DoICPAddr
0x0066       [3]    _hr
0x0069       [0]    __Lib_Lcd_cmd_status
0x006A       [1]    _rem
0x006B       [1]    ___savePCLATH
0x006C       [1]    ___saveSTATUS
0x006D       [1]    main_r_L0
0x006E       [1]    Lcd_Out_i_L0
0x006E       [1]    FARG_Lcd_Out_CP_text
0x006E       [1]    FARG_UART1_Write_Text_uart_text
0x006F       [1]    UART1_Write_Text_data__L0
0x006F       [1]    Lcd_Out_CP_i_L0
0x0070       [1]    R0
0x0071       [1]    R1
0x0072       [1]    R2
0x0073       [1]    R3
0x0074       [1]    R4
0x0075       [1]    R5
0x0076       [1]    R6
0x0077       [1]    R7
0x0078       [1]    R8
0x0079       [1]    R9
0x007A       [1]    R10
0x007B       [1]    R11
0x007C       [1]    R12
0x007D       [1]    R13
0x007E       [1]    R14
0x007F       [1]    R15
0x0081       [0]    T0SE_bit
0x0081       [0]    PSA_bit
0x0081       [0]    T0CS_bit
0x0081       [0]    INTEDG_bit
0x0081       [0]    NOT_RBPU_bit
0x0081       [0]    PS2_bit
0x0081       [0]    PS0_bit
0x0081       [0]    PS1_bit
0x0081       [1]    OPTION_REG
0x0085       [0]    TRISA1_bit
0x0085       [0]    TRISA0_bit
0x0085       [0]    TRISA2_bit
0x0085       [1]    TRISA
0x0085       [0]    TRISA5_bit
0x0085       [0]    TRISA3_bit
0x0085       [0]    TRISA4_bit
0x0086       [0]    LCD_D5_Direction
0x0086       [0]    LCD_D4_Direction
0x0086       [1]    TRISB
0x0086       [0]    LCD_D6_Direction
0x0086       [0]    LCD_RS_Direction
0x0086       [0]    LCD_EN_Direction
0x0086       [0]    LCD_D7_Direction
0x0086       [0]    TRISB3_bit
0x0086       [0]    TRISB4_bit
0x0086       [0]    TRISB2_bit
0x0086       [0]    TRISB0_bit
0x0086       [0]    TRISB1_bit
0x0086       [0]    TRISB7_bit
0x0086       [0]    TRISB6_bit
0x0086       [0]    TRISB5_bit
0x0087       [0]    TRISC3_bit
0x0087       [0]    TRISC4_bit
0x0087       [0]    TRISC2_bit
0x0087       [0]    TRISC1_bit
0x0087       [0]    TRISC0_bit
0x0087       [0]    TRISC7_bit
0x0087       [1]    TRISC
0x0087       [0]    TRISC5_bit
0x0087       [0]    TRISC6_bit
0x0088       [0]    TRISD2_bit
0x0088       [0]    TRISD3_bit
0x0088       [0]    TRISD0_bit
0x0088       [0]    TRISD1_bit
0x0088       [0]    TRISD4_bit
0x0088       [0]    TRISD7_bit
0x0088       [1]    TRISD
0x0088       [0]    TRISD5_bit
0x0088       [0]    TRISD6_bit
0x0089       [1]    TRISE
0x0089       [0]    PSPMODE_TRISE_bit
0x0089       [0]    TRISE0_bit
0x0089       [0]    OBF_TRISE_bit
0x0089       [0]    IBOV_TRISE_bit
0x0089       [0]    IBF_TRISE_bit
0x0089       [0]    IBF_bit
0x0089       [0]    PSPMODE_bit
0x0089       [0]    TRISE1_bit
0x0089       [0]    IBOV_bit
0x0089       [0]    OBF_bit
0x0089       [0]    TRISE2_bit
0x008C       [0]    TXIE_bit
0x008C       [0]    RCIE_bit
0x008C       [0]    SSPIE_bit
0x008C       [0]    TMR1IE_bit
0x008C       [0]    TMR2IE_bit
0x008C       [0]    CCP1IE_bit
0x008C       [1]    PIE1
0x008C       [0]    ADIE_bit
0x008C       [0]    PSPIE_bit
0x008D       [0]    CCP2IE_bit
0x008D       [0]    EEIE_bit
0x008D       [0]    BCLIE_bit
0x008D       [0]    CMIE_bit
0x008D       [1]    PIE2
0x008E       [0]    NOT_POR_bit
0x008E       [0]    NOT_BO_bit
0x008E       [1]    PCON
0x008E       [0]    NOT_BOR_bit
0x0091       [0]    ACKEN_bit
0x0091       [0]    GCEN_bit
0x0091       [0]    ACKSTAT_bit
0x0091       [0]    RSEN_bit
0x0091       [0]    ACKDT_bit
0x0091       [1]    SSPCON2
0x0091       [0]    PEN_bit
0x0091       [0]    SEN_bit
0x0091       [0]    RCEN_bit
0x0092       [1]    PR2
0x0093       [1]    SSPADD
0x0094       [0]    D_A_bit
0x0094       [0]    NOT_ADDRESS_bit
0x0094       [0]    NOT_A_bit
0x0094       [0]    BF_bit
0x0094       [0]    SMP_bit
0x0094       [1]    SSPSTAT
0x0094       [0]    UA_bit
0x0094       [0]    I2C_DATA_bit
0x0094       [0]    D_bit
0x0094       [0]    CKE_bit
0x0094       [0]    NOT_W_bit
0x0094       [0]    I2C_START__bit
0x0094       [0]    READ_WRITE_bit
0x0094       [0]    R_bit
0x0094       [0]    I2C_READ_bit
0x0094       [0]    S_bit
0x0094       [0]    NOT_WRITE_bit
0x0094       [0]    DATA_ADDRESS_bit
0x0094       [0]    R_W_bit
0x0094       [0]    P_bit
0x0094       [0]    I2C_STOP__bit
0x0098       [0]    SYNC_bit
0x0098       [0]    BRGH_bit
0x0098       [0]    TXEN_bit
0x0098       [0]    TRMT_bit
0x0098       [0]    TX9D_bit
0x0098       [0]    NOT_TX8_bit
0x0098       [0]    TX8_9_bit
0x0098       [1]    TXSTA
0x0098       [0]    TXD8_bit
0x0098       [0]    CSRC_bit
0x0098       [0]    TX9_bit
0x0099       [1]    SPBRG
0x009C       [0]    C2OUT_bit
0x009C       [0]    CM2_bit
0x009C       [0]    CM0_bit
0x009C       [1]    CMCON
0x009C       [0]    CM1_bit
0x009C       [0]    CIS_bit
0x009C       [0]    C1INV_bit
0x009C       [0]    C2INV_bit
0x009C       [0]    C1OUT_bit
0x009D       [0]    CVRR_bit
0x009D       [0]    CVR3_bit
0x009D       [0]    CVR1_bit
0x009D       [0]    CVR0_bit
0x009D       [1]    CVRCON
0x009D       [0]    CVROE_bit
0x009D       [0]    CVREN_bit
0x009D       [0]    CVR2_bit
0x009E       [1]    ADRESL
0x009F       [0]    PCFG2_bit
0x009F       [0]    PCFG1_bit
0x009F       [0]    ADFM_bit
0x009F       [0]    PCFG3_bit
0x009F       [0]    ADCS2_bit
0x009F       [0]    PCFG0_bit
0x009F       [1]    ADCON1
0x00A0      [80]    _rec
0x010C       [1]    EEDATA
0x010D       [1]    EEADR
0x010E       [1]    EEDATH
0x010F       [1]    EEADRH
0x0110       [1]    FARG_Lcd_Chr_row
0x0110       [1]    FARG_Lcd_Out_row
0x0110       [1]    UART1_Write_Text_counter_L0
0x0111       [1]    FARG_Lcd_Chr_column
0x0111       [1]    FARG_Lcd_Out_column
0x0112       [1]    FARG_Lcd_Chr_out_char
0x0112       [1]    FARG_Lcd_Out_text
0x0113       [1]    FARG_UART1_Write_data_
0x0113       [1]    FARG_Lcd_Chr_CP_out_char
0x0114       [1]    FARG_Lcd_Cmd_out_char
0x018C       [0]    EEPGD_bit
0x018C       [0]    WREN_bit
0x018C       [0]    RD_bit
0x018C       [0]    WR_bit
0x018C       [1]    EECON1
0x018C       [0]    WRERR_bit
0x018D       [1]    EECON2
//** Constants locations ** 
//ADDRESS    SIZE    CONSTANT
//----------------------------------------------
0x0379       [2]    ?ICS_mode
0x037B       [6]    ?ICS?lstr2_2
0x0381      [25]    ?ICS_we
0x039A       [6]    ?ICS?lstr3_2
0x03A0       [2]    ?ICS_i
0x03A2      [10]    ?ICS?lstr1_2
0x03AC       [1]    ?ICS_rr
0x03AD      [13]    ?ICS_hear
0x03BA       [1]    ?ICS_v
//** Label List: ** 
//----------------------------------------------
  L_interrupt0
  L_interrupt1
  L_interrupt2
  L_interrupt3
  L_interrupt4
  L_interrupt5
  L_interrupt6
  L_interrupt7
  L_interrupt8
  L_interrupt9
  L_interrupt10
  L_main11
  L_main12
  L_main13
  L_main14
  L_main15
  L_main16
  L_main17
  L_main18
  L_main19
  L_main20
  L_main21
  L_main22
  L_main23
  L_main24
  L_main25
  L_main26
  L_main27
  L_main28
  L_main29
  L_main30
  L_main31
  L_main32
  L_main33
  L_main34
  L_main35
  L_main36
  L_main37
  L_main38
  L_main39
  L_main40
  _interrupt
  L__interrupt41
  _main
  L__main42
  L__main43
  L_Delay_10us0
  L_Delay_22us1
  L_Delay_50us2
  L_Delay_80us3
  L_Delay_500us4
  L_Delay_5500us5
  L_Delay_1ms6
  L_Delay_5ms7
  L_Delay_8ms8
  L_Delay_100ms9
  L_Delay_1sec10
  L_boot16_Delay_5ms11
  L_Delay_Cyc12
  L_Delay_Cyc13
  L_VDelay_ms14
  L_VDelay_ms15
  L_VDelay_ms16
  L_VDelay_Advanced_ms17
  L_VDelay_Advanced_ms18
  L_VDelay_Advanced_ms19
  _Get_Fosc_kHz
  _Delay_1us
  _Delay_10us
  _Delay_22us
  _Delay_50us
  _Delay_80us
  _Delay_500us
  _Delay_5500us
  _Delay_1ms
  _Delay_5ms
  _Delay_8ms
  _Delay_100ms
  _Delay_1sec
  _boot16_Delay_5ms
  _Delay_Cyc
  _VDelay_ms
  L__VDelay_ms20
  L__VDelay_ms21
  L__VDelay_ms22
  _VDelay_Advanced_ms
  L__VDelay_Advanced_ms23
  L__VDelay_Advanced_ms24
  L__VDelay_Advanced_ms25
  L_Lcd_Cmd0
  L_Lcd_Cmd1
  L_Lcd_Out_CP2
  L_Lcd_Out_CP3
  L_Lcd_Chr4
  L_Lcd_Chr5
  L_Lcd_Chr6
  L_Lcd_Chr7
  L_Lcd_Chr8
  L_Lcd_Chr9
  L_Lcd_Chr10
  L_Lcd_Out11
  L_Lcd_Out12
  L_Lcd_Out13
  L_Lcd_Out14
  L_Lcd_Out15
  L_Lcd_Out16
  L_Lcd_Out17
  L_Lcd_Out18
  L_Lcd_Out19
  _Lcd_Cmd
  L__Lcd_Cmd20
  L__Lcd_Cmd21
  L__Lcd_Cmd22
  L__Lcd_Cmd23
  L__Lcd_Cmd24
  L__Lcd_Cmd25
  L__Lcd_Cmd26
  L__Lcd_Cmd27
  L__Lcd_Cmd28
  L__Lcd_Cmd29
  L__Lcd_Cmd30
  L__Lcd_Cmd31
  L__Lcd_Cmd32
  L__Lcd_Cmd33
  L__Lcd_Cmd34
  L__Lcd_Cmd35
  L__Lcd_Cmd36
  L__Lcd_Cmd37
  L__Lcd_Cmd38
  L__Lcd_Cmd39
  _Lcd_Chr_CP
  _Lcd_Out_CP
  _Lcd_Chr
  _Lcd_Init
  _Lcd_Out
  L_Div_16x16_S0
  L_Div_16x16_S1
  LOOPS3232A
  SADD22LA
  SOK22LA
  SADD22L8
  SOK22L8
  LOOPS3232B
  SADD22LB
  SOK22LB
  SADD22L16
  SOK22L16
  LOOPS3232C
  SADD22LC
  SOK22LC
  SADD22L24
  SOK22L24
  LOOPS3232D
  SADD22LD
  SOK22LD
  SOK22L
  L_Div_32x32_S6
  L_Div_32x32_S7
  L_Div_32x32_S8
  L_Div_32x32_S9
  FXD3232S
  END_ALL
  CA3232S
  C3232SX
  C3232SX1
  C3232S
  C3232S2
  C3232SX4
  C3232SOK
  C3232SX3
  C3232SX2
  avoid_comfrem
  LOOPU3232A
  UADD22LA
  UOK22LA
  UADD22L8
  UOK22L8
  LOOPU3232B
  UADD22LB
  UOK22LB
  UADD22L16
  UOK22L16
  LOOPU3232C
  UADD22LC
  UOK22LC
  UADD22L24
  UOK22L24
  LOOPU3232D
  UADD22LD
  UOK22LD
  UOK22L
  _NEXT
  _EXIT2
  _LOOP
  _EXIT1
  _IF_FIRST
  _IF_SECOND
  _INVERCE_FIRST
  _MULT
  _INBERSE_SECOND
  _EXIT
  _Mul_8x8_U
  _Mul_16x16_U
  _Div_8x8_U
  _Div_16x16_U
  _Mul_8x8_S
  _Mul_16x16_S
  _Div_16x16_S_L
  _Div_16x16_S
  _Div_8x8_S
  _SDIV3232L
  _COMFREM
  _Div_32x32_S
  _Div_32x32_U
  _Mul_32x32_U
  _Mul_32x32_S
  _CC2D_Loop1
  _____DoICP
  _____DoIFC
  ___CC2DW
  _Swap
  L_UART1_Init0
  L_UART1_Init1
  L_UART1_Read2
  L_UART1_Write3
  L_UART1_Write4
  L_UART1_Write_Text5
  L_UART1_Write_Text6
  L_UART1_Read_Text7
  L_UART1_Read_Text8
  L_UART1_Read_Text9
  L_UART1_Read_Text10
  L_UART1_Read_Text11
  L_UART1_Read_Text12
  L_UART1_Read_Text13
  L_UART1_Read_Text14
  L_UART1_Read_Text15
  _UART1_Init
  _UART1_Data_Ready
  _UART1_Read
  _UART1_Tx_Idle
  _UART1_Write
  _UART1_Write_Text
  _UART1_Read_Text
  L_interrupt0
  L_interrupt1
  L_interrupt2
  L_interrupt3
  L_interrupt4
  L_interrupt5
  L_interrupt6
  L_interrupt7
  L_interrupt8
  L_interrupt9
  L_interrupt10
  L_main11
  L_main12
  L_main13
  L_main14
  L_main15
  L_main16
  L_main17
  L_main18
  L_main19
  L_main20
  L_main21
  L_main22
  L_main23
  L_main24
  L_main25
  L_main26
  L_main27
  L_main28
  L_main29
  L_main30
  L_main31
  L_main32
  L_main33
  L_main34
  L_main35
  L_main36
  L_main37
  L_main38
  L_main39
  L_main40
  _interrupt
  L__interrupt41
  _main
  L__main42
  L__main43
  L_UART1_Init0
  L_UART1_Init1
  L_UART1_Read2
  L_UART1_Write3
  L_UART1_Write4
  L_UART1_Write_Text5
  L_UART1_Write_Text6
  L_UART1_Read_Text7
  L_UART1_Read_Text8
  L_UART1_Read_Text9
  L_UART1_Read_Text10
  L_UART1_Read_Text11
  L_UART1_Read_Text12
  L_UART1_Read_Text13
  L_UART1_Read_Text14
  L_UART1_Read_Text15
  _UART1_Init
  _UART1_Data_Ready
  _UART1_Read
  _UART1_Tx_Idle
  _UART1_Write
  _UART1_Write_Text
  _UART1_Read_Text
